2025-07-28 13:44:02,294 - INFO - [31m[1mWARNING: This is a development server. Do not use it in a production deployment. Use a production WSGI server instead.[0m
 * Running on http://127.0.0.1:5000
2025-07-28 13:44:02,294 - INFO - [33mPress CTRL+C to quit[0m
2025-07-28 13:44:02,295 - INFO -  * Restarting with stat
2025-07-28 13:44:02,893 - WARNING -  * Debugger is active!
2025-07-28 13:44:02,895 - INFO -  * Debugger PIN: 946-986-935
2025-07-28 13:44:13,464 - INFO - 127.0.0.1 - - [28/Jul/2025 13:44:13] "GET / HTTP/1.1" 200 -
2025-07-28 13:44:13,539 - INFO - 127.0.0.1 - - [28/Jul/2025 13:44:13] "[36mGET /static/styles.css HTTP/1.1[0m" 304 -
2025-07-28 13:44:18,365 - INFO - 127.0.0.1 - - [28/Jul/2025 13:44:18] "POST /upload_folder HTTP/1.1" 200 -
2025-07-28 13:44:19,385 - INFO - 127.0.0.1 - - [28/Jul/2025 13:44:19] "GET /get_progress HTTP/1.1" 200 -
2025-07-28 13:44:57,433 - INFO - 127.0.0.1 - - [28/Jul/2025 13:44:57] "POST /query_documents HTTP/1.1" 200 -
2025-07-28 13:45:03,301 - INFO - 127.0.0.1 - - [28/Jul/2025 13:45:03] "POST /query_documents HTTP/1.1" 200 -
2025-07-28 13:47:08,408 - INFO - [31m[1mWARNING: This is a development server. Do not use it in a production deployment. Use a production WSGI server instead.[0m
 * Running on http://127.0.0.1:5000
2025-07-28 13:47:08,409 - INFO - [33mPress CTRL+C to quit[0m
2025-07-28 13:47:08,411 - INFO -  * Restarting with stat
2025-07-28 13:47:09,042 - WARNING -  * Debugger is active!
2025-07-28 13:47:09,044 - INFO -  * Debugger PIN: 946-986-935
2025-07-28 13:47:15,100 - INFO - 127.0.0.1 - - [28/Jul/2025 13:47:15] "GET / HTTP/1.1" 200 -
2025-07-28 13:47:15,181 - INFO - 127.0.0.1 - - [28/Jul/2025 13:47:15] "[36mGET /static/styles.css HTTP/1.1[0m" 304 -
2025-07-28 13:47:19,864 - INFO - 127.0.0.1 - - [28/Jul/2025 13:47:19] "POST /upload_folder HTTP/1.1" 200 -
2025-07-28 13:47:20,889 - INFO - 127.0.0.1 - - [28/Jul/2025 13:47:20] "GET /get_progress HTTP/1.1" 200 -
2025-07-28 13:47:23,229 - INFO - 127.0.0.1 - - [28/Jul/2025 13:47:23] "POST /query_documents HTTP/1.1" 200 -
2025-07-28 13:48:32,250 - INFO -  * Detected change in 'C:\\Users\\n_gio\\PycharmProjects\\PythonProject\\PythonProject\\Ptyxiaki\\document.py', reloading
2025-07-28 13:48:32,311 - INFO -  * Restarting with stat
2025-07-28 13:49:55,854 - INFO - [31m[1mWARNING: This is a development server. Do not use it in a production deployment. Use a production WSGI server instead.[0m
 * Running on http://127.0.0.1:5000
2025-07-28 13:49:55,854 - INFO - [33mPress CTRL+C to quit[0m
2025-07-28 13:49:55,856 - INFO -  * Restarting with stat
2025-07-28 13:49:56,440 - WARNING -  * Debugger is active!
2025-07-28 13:49:56,442 - INFO -  * Debugger PIN: 946-986-935
2025-07-28 13:50:00,468 - INFO - 127.0.0.1 - - [28/Jul/2025 13:50:00] "GET / HTTP/1.1" 200 -
2025-07-28 13:50:00,532 - INFO - 127.0.0.1 - - [28/Jul/2025 13:50:00] "[36mGET /static/styles.css HTTP/1.1[0m" 304 -
2025-07-28 13:50:07,623 - INFO - 127.0.0.1 - - [28/Jul/2025 13:50:07] "POST /upload_folder HTTP/1.1" 200 -
2025-07-28 13:50:08,632 - INFO - 127.0.0.1 - - [28/Jul/2025 13:50:08] "GET /get_progress HTTP/1.1" 200 -
2025-07-28 13:50:13,706 - INFO - 127.0.0.1 - - [28/Jul/2025 13:50:13] "POST /query_documents HTTP/1.1" 200 -
2025-07-28 13:55:00,383 - INFO - [31m[1mWARNING: This is a development server. Do not use it in a production deployment. Use a production WSGI server instead.[0m
 * Running on http://127.0.0.1:5000
2025-07-28 13:55:00,383 - INFO - [33mPress CTRL+C to quit[0m
2025-07-28 13:55:00,385 - INFO -  * Restarting with stat
2025-07-28 13:55:01,010 - WARNING -  * Debugger is active!
2025-07-28 13:55:01,011 - INFO -  * Debugger PIN: 946-986-935
2025-07-28 13:55:04,464 - INFO - 127.0.0.1 - - [28/Jul/2025 13:55:04] "GET / HTTP/1.1" 200 -
2025-07-28 13:55:04,522 - INFO - 127.0.0.1 - - [28/Jul/2025 13:55:04] "[36mGET /static/styles.css HTTP/1.1[0m" 304 -
2025-07-28 13:55:08,931 - INFO - 127.0.0.1 - - [28/Jul/2025 13:55:08] "POST /upload_folder HTTP/1.1" 200 -
2025-07-28 13:55:09,939 - INFO - 127.0.0.1 - - [28/Jul/2025 13:55:09] "GET /get_progress HTTP/1.1" 200 -
2025-07-28 13:55:10,932 - INFO - 127.0.0.1 - - [28/Jul/2025 13:55:10] "POST /query_documents HTTP/1.1" 200 -
2025-07-28 13:55:24,406 - INFO -  * Detected change in 'C:\\Users\\n_gio\\PycharmProjects\\PythonProject\\PythonProject\\Ptyxiaki\\kind.py', reloading
2025-07-28 13:55:24,497 - INFO -  * Restarting with stat
2025-07-28 13:56:21,290 - INFO - [31m[1mWARNING: This is a development server. Do not use it in a production deployment. Use a production WSGI server instead.[0m
 * Running on http://127.0.0.1:5000
2025-07-28 13:56:21,290 - INFO - [33mPress CTRL+C to quit[0m
2025-07-28 13:56:21,292 - INFO -  * Restarting with stat
2025-07-28 13:56:21,895 - WARNING -  * Debugger is active!
2025-07-28 13:56:21,899 - INFO -  * Debugger PIN: 946-986-935
2025-07-28 13:56:26,555 - INFO - 127.0.0.1 - - [28/Jul/2025 13:56:26] "GET / HTTP/1.1" 200 -
2025-07-28 13:56:26,617 - INFO - 127.0.0.1 - - [28/Jul/2025 13:56:26] "[36mGET /static/styles.css HTTP/1.1[0m" 304 -
2025-07-28 13:56:31,496 - INFO - 127.0.0.1 - - [28/Jul/2025 13:56:31] "POST /upload_folder HTTP/1.1" 200 -
2025-07-28 13:56:32,506 - INFO - 127.0.0.1 - - [28/Jul/2025 13:56:32] "GET /get_progress HTTP/1.1" 200 -
2025-07-28 13:56:36,986 - INFO - 127.0.0.1 - - [28/Jul/2025 13:56:36] "POST /query_documents HTTP/1.1" 200 -
2025-07-28 13:56:41,764 - INFO - 127.0.0.1 - - [28/Jul/2025 13:56:41] "POST /upload_folder HTTP/1.1" 200 -
2025-07-28 13:56:42,785 - INFO - 127.0.0.1 - - [28/Jul/2025 13:56:42] "GET /get_progress HTTP/1.1" 200 -
2025-07-28 13:56:43,797 - INFO - 127.0.0.1 - - [28/Jul/2025 13:56:43] "POST /query_documents HTTP/1.1" 200 -
2025-07-28 13:57:31,009 - INFO - [31m[1mWARNING: This is a development server. Do not use it in a production deployment. Use a production WSGI server instead.[0m
 * Running on http://127.0.0.1:5000
2025-07-28 13:57:31,010 - INFO - [33mPress CTRL+C to quit[0m
2025-07-28 13:57:31,013 - INFO -  * Restarting with stat
2025-07-28 13:57:31,760 - WARNING -  * Debugger is active!
2025-07-28 13:57:31,762 - INFO -  * Debugger PIN: 946-986-935
2025-07-28 13:57:34,626 - INFO - 127.0.0.1 - - [28/Jul/2025 13:57:34] "GET / HTTP/1.1" 200 -
2025-07-28 13:57:34,680 - INFO - 127.0.0.1 - - [28/Jul/2025 13:57:34] "[36mGET /static/styles.css HTTP/1.1[0m" 304 -
2025-07-28 13:57:41,293 - INFO - 127.0.0.1 - - [28/Jul/2025 13:57:41] "POST /upload_folder HTTP/1.1" 200 -
2025-07-28 13:57:42,315 - INFO - 127.0.0.1 - - [28/Jul/2025 13:57:42] "GET /get_progress HTTP/1.1" 200 -
2025-07-28 13:57:43,493 - INFO - 127.0.0.1 - - [28/Jul/2025 13:57:43] "POST /query_documents HTTP/1.1" 200 -
2025-07-28 13:58:37,924 - INFO -  * Detected change in 'C:\\Users\\n_gio\\PycharmProjects\\PythonProject\\PythonProject\\Ptyxiaki\\parties.py', reloading
2025-07-28 13:58:37,979 - INFO -  * Restarting with stat
2025-07-28 13:59:07,310 - INFO - [31m[1mWARNING: This is a development server. Do not use it in a production deployment. Use a production WSGI server instead.[0m
 * Running on http://127.0.0.1:5000
2025-07-28 13:59:07,311 - INFO - [33mPress CTRL+C to quit[0m
2025-07-28 13:59:07,312 - INFO -  * Restarting with stat
2025-07-28 13:59:07,907 - WARNING -  * Debugger is active!
2025-07-28 13:59:07,909 - INFO -  * Debugger PIN: 946-986-935
2025-07-28 13:59:13,576 - INFO - 127.0.0.1 - - [28/Jul/2025 13:59:13] "GET / HTTP/1.1" 200 -
2025-07-28 13:59:13,652 - INFO - 127.0.0.1 - - [28/Jul/2025 13:59:13] "[36mGET /static/styles.css HTTP/1.1[0m" 304 -
2025-07-28 13:59:17,360 - INFO - 127.0.0.1 - - [28/Jul/2025 13:59:17] "POST /upload_folder HTTP/1.1" 200 -
2025-07-28 13:59:18,385 - INFO - 127.0.0.1 - - [28/Jul/2025 13:59:18] "GET /get_progress HTTP/1.1" 200 -
2025-07-28 13:59:19,445 - INFO - 127.0.0.1 - - [28/Jul/2025 13:59:19] "POST /query_documents HTTP/1.1" 200 -
2025-07-28 13:59:59,139 - INFO - [31m[1mWARNING: This is a development server. Do not use it in a production deployment. Use a production WSGI server instead.[0m
 * Running on http://127.0.0.1:5000
2025-07-28 13:59:59,140 - INFO - [33mPress CTRL+C to quit[0m
2025-07-28 13:59:59,147 - INFO -  * Restarting with stat
2025-07-28 13:59:59,844 - WARNING -  * Debugger is active!
2025-07-28 13:59:59,845 - INFO -  * Debugger PIN: 946-986-935
2025-07-28 14:00:15,035 - INFO -  * Detected change in 'C:\\Users\\n_gio\\PycharmProjects\\PythonProject\\PythonProject\\Ptyxiaki\\scheme.py', reloading
2025-07-28 14:00:15,123 - INFO -  * Restarting with stat
2025-07-28 14:00:51,100 - INFO - [31m[1mWARNING: This is a development server. Do not use it in a production deployment. Use a production WSGI server instead.[0m
 * Running on http://127.0.0.1:5000
2025-07-28 14:00:51,100 - INFO - [33mPress CTRL+C to quit[0m
2025-07-28 14:00:51,103 - INFO -  * Restarting with stat
2025-07-28 14:00:51,722 - WARNING -  * Debugger is active!
2025-07-28 14:00:51,724 - INFO -  * Debugger PIN: 946-986-935
2025-07-28 14:00:56,746 - INFO - 127.0.0.1 - - [28/Jul/2025 14:00:56] "GET / HTTP/1.1" 200 -
2025-07-28 14:00:56,805 - INFO - 127.0.0.1 - - [28/Jul/2025 14:00:56] "[36mGET /static/styles.css HTTP/1.1[0m" 304 -
2025-07-28 14:01:00,105 - INFO - 127.0.0.1 - - [28/Jul/2025 14:01:00] "POST /upload_folder HTTP/1.1" 200 -
2025-07-28 14:01:01,129 - INFO - 127.0.0.1 - - [28/Jul/2025 14:01:01] "GET /get_progress HTTP/1.1" 200 -
2025-07-28 14:01:02,755 - INFO - 127.0.0.1 - - [28/Jul/2025 14:01:02] "POST /query_documents HTTP/1.1" 200 -
2025-07-28 14:01:14,084 - INFO -  * Detected change in 'C:\\Users\\n_gio\\PycharmProjects\\PythonProject\\PythonProject\\Ptyxiaki\\scheme.py', reloading
2025-07-28 14:01:14,144 - INFO -  * Restarting with stat
2025-07-28 14:01:27,885 - INFO - [31m[1mWARNING: This is a development server. Do not use it in a production deployment. Use a production WSGI server instead.[0m
 * Running on http://127.0.0.1:5000
2025-07-28 14:01:27,886 - INFO - [33mPress CTRL+C to quit[0m
2025-07-28 14:01:27,888 - INFO -  * Restarting with stat
2025-07-28 14:01:28,505 - WARNING -  * Debugger is active!
2025-07-28 14:01:28,507 - INFO -  * Debugger PIN: 946-986-935
2025-07-28 14:01:33,950 - INFO - 127.0.0.1 - - [28/Jul/2025 14:01:33] "GET / HTTP/1.1" 200 -
2025-07-28 14:01:34,054 - INFO - 127.0.0.1 - - [28/Jul/2025 14:01:34] "[36mGET /static/styles.css HTTP/1.1[0m" 304 -
2025-07-28 14:01:37,921 - INFO - 127.0.0.1 - - [28/Jul/2025 14:01:37] "POST /upload_folder HTTP/1.1" 200 -
2025-07-28 14:01:38,934 - INFO - 127.0.0.1 - - [28/Jul/2025 14:01:38] "GET /get_progress HTTP/1.1" 200 -
2025-07-28 14:01:40,270 - INFO - 127.0.0.1 - - [28/Jul/2025 14:01:40] "POST /query_documents HTTP/1.1" 200 -
2025-07-29 11:09:22,717 - INFO -  * Detected change in 'C:\\Users\\n_gio\\PycharmProjects\\PythonProject\\PythonProject\\Ptyxiaki\\state.py', reloading
2025-07-29 11:09:22,876 - INFO -  * Restarting with stat
2025-07-29 11:09:24,430 - WARNING -  * Debugger is active!
2025-07-29 11:09:24,432 - INFO -  * Debugger PIN: 946-986-935
2025-07-29 11:09:48,909 - INFO -  * Detected change in 'C:\\Users\\n_gio\\PycharmProjects\\PythonProject\\PythonProject\\Ptyxiaki\\status.py', reloading
2025-07-29 11:09:49,077 - INFO -  * Restarting with stat
2025-07-29 11:09:49,679 - WARNING -  * Debugger is active!
2025-07-29 11:09:49,682 - INFO -  * Debugger PIN: 946-986-935
2025-07-29 11:10:44,688 - INFO - [31m[1mWARNING: This is a development server. Do not use it in a production deployment. Use a production WSGI server instead.[0m
 * Running on http://127.0.0.1:5000
2025-07-29 11:10:44,689 - INFO - [33mPress CTRL+C to quit[0m
2025-07-29 11:10:44,690 - INFO -  * Restarting with stat
2025-07-29 11:10:45,350 - WARNING -  * Debugger is active!
2025-07-29 11:10:45,352 - INFO -  * Debugger PIN: 946-986-935
2025-07-29 11:10:49,097 - INFO - 127.0.0.1 - - [29/Jul/2025 11:10:49] "GET / HTTP/1.1" 200 -
2025-07-29 11:10:49,173 - INFO - 127.0.0.1 - - [29/Jul/2025 11:10:49] "[36mGET /static/styles.css HTTP/1.1[0m" 304 -
2025-07-29 11:10:53,686 - INFO - 127.0.0.1 - - [29/Jul/2025 11:10:53] "POST /upload_folder HTTP/1.1" 200 -
2025-07-29 11:10:53,711 - ERROR - Error processing document uploaded_files\63/EP-2693863-A1.xml: ’γνωστη γλώσσα ή είδος για το αρχείο: uploaded_files\63/EP-2693863-A1.xml
2025-07-29 11:10:54,700 - INFO - 127.0.0.1 - - [29/Jul/2025 11:10:54] "GET /get_progress HTTP/1.1" 200 -
2025-07-29 11:10:55,920 - INFO - 127.0.0.1 - - [29/Jul/2025 11:10:55] "POST /query_documents HTTP/1.1" 200 -
2025-07-29 11:10:59,349 - INFO - 127.0.0.1 - - [29/Jul/2025 11:10:59] "POST /upload_folder HTTP/1.1" 200 -
2025-07-29 11:10:59,373 - ERROR - Error processing document uploaded_files\63/EP-2693863-A1.xml: ’γνωστη γλώσσα ή είδος για το αρχείο: uploaded_files\63/EP-2693863-A1.xml
2025-07-29 11:11:00,360 - INFO - 127.0.0.1 - - [29/Jul/2025 11:11:00] "GET /get_progress HTTP/1.1" 200 -
2025-07-29 11:11:01,280 - INFO - 127.0.0.1 - - [29/Jul/2025 11:11:01] "POST /query_documents HTTP/1.1" 200 -
2025-07-29 11:11:08,600 - INFO - 127.0.0.1 - - [29/Jul/2025 11:11:08] "POST /query_documents HTTP/1.1" 200 -
2025-07-29 11:11:12,087 - INFO - 127.0.0.1 - - [29/Jul/2025 11:11:12] "POST /upload_folder HTTP/1.1" 200 -
2025-07-29 11:11:12,109 - ERROR - Error processing document uploaded_files\63/EP-2693863-A1.xml: ’γνωστη γλώσσα ή είδος για το αρχείο: uploaded_files\63/EP-2693863-A1.xml
2025-07-29 11:11:13,112 - INFO - 127.0.0.1 - - [29/Jul/2025 11:11:13] "GET /get_progress HTTP/1.1" 200 -
2025-07-29 11:11:15,077 - INFO - 127.0.0.1 - - [29/Jul/2025 11:11:15] "POST /query_documents HTTP/1.1" 200 -
2025-07-29 11:11:21,565 - INFO - 127.0.0.1 - - [29/Jul/2025 11:11:21] "POST /upload_folder HTTP/1.1" 200 -
2025-07-29 11:11:21,588 - ERROR - Error processing document uploaded_files\63/EP-2693863-A1.xml: ’γνωστη γλώσσα ή είδος για το αρχείο: uploaded_files\63/EP-2693863-A1.xml
2025-07-29 11:11:22,578 - INFO - 127.0.0.1 - - [29/Jul/2025 11:11:22] "GET /get_progress HTTP/1.1" 200 -
2025-07-29 11:11:23,741 - INFO - 127.0.0.1 - - [29/Jul/2025 11:11:23] "POST /query_documents HTTP/1.1" 200 -
2025-07-29 11:11:39,836 - INFO - 127.0.0.1 - - [29/Jul/2025 11:11:39] "POST /upload_folder HTTP/1.1" 200 -
2025-07-29 11:11:39,857 - ERROR - Error processing document uploaded_files\61/EP-2693861-A1.xml: ’γνωστη γλώσσα ή είδος για το αρχείο: uploaded_files\61/EP-2693861-A1.xml
2025-07-29 11:11:40,844 - INFO - 127.0.0.1 - - [29/Jul/2025 11:11:40] "GET /get_progress HTTP/1.1" 200 -
2025-07-29 11:11:42,818 - INFO - 127.0.0.1 - - [29/Jul/2025 11:11:42] "POST /query_documents HTTP/1.1" 200 -
2025-07-29 11:11:46,500 - INFO - 127.0.0.1 - - [29/Jul/2025 11:11:46] "GET / HTTP/1.1" 200 -
2025-07-29 11:11:46,521 - INFO - 127.0.0.1 - - [29/Jul/2025 11:11:46] "[36mGET /static/styles.css HTTP/1.1[0m" 304 -
2025-07-29 11:11:52,450 - INFO - 127.0.0.1 - - [29/Jul/2025 11:11:52] "POST /upload_folder HTTP/1.1" 200 -
2025-07-29 11:11:52,467 - ERROR - Error processing document uploaded_files\61/EP-2693861-A1.xml: ’γνωστη γλώσσα ή είδος για το αρχείο: uploaded_files\61/EP-2693861-A1.xml
2025-07-29 11:11:53,468 - INFO - 127.0.0.1 - - [29/Jul/2025 11:11:53] "GET /get_progress HTTP/1.1" 200 -
2025-07-29 11:11:54,592 - INFO - 127.0.0.1 - - [29/Jul/2025 11:11:54] "POST /query_documents HTTP/1.1" 200 -
2025-07-29 11:12:08,478 - INFO - [31m[1mWARNING: This is a development server. Do not use it in a production deployment. Use a production WSGI server instead.[0m
 * Running on http://127.0.0.1:5000
2025-07-29 11:12:08,479 - INFO - [33mPress CTRL+C to quit[0m
2025-07-29 11:12:08,481 - INFO -  * Restarting with stat
2025-07-29 11:12:09,193 - WARNING -  * Debugger is active!
2025-07-29 11:12:09,195 - INFO -  * Debugger PIN: 946-986-935
2025-07-29 11:12:12,227 - INFO - 127.0.0.1 - - [29/Jul/2025 11:12:12] "GET / HTTP/1.1" 200 -
2025-07-29 11:12:12,294 - INFO - 127.0.0.1 - - [29/Jul/2025 11:12:12] "[36mGET /static/styles.css HTTP/1.1[0m" 304 -
2025-07-29 11:12:16,954 - INFO - 127.0.0.1 - - [29/Jul/2025 11:12:16] "POST /upload_folder HTTP/1.1" 200 -
2025-07-29 11:12:16,975 - ERROR - Error processing document uploaded_files\61/EP-2693861-A1.xml: ’γνωστη γλώσσα ή είδος για το αρχείο: uploaded_files\61/EP-2693861-A1.xml
2025-07-29 11:12:17,965 - INFO - 127.0.0.1 - - [29/Jul/2025 11:12:17] "GET /get_progress HTTP/1.1" 200 -
2025-07-29 11:12:18,799 - INFO - 127.0.0.1 - - [29/Jul/2025 11:12:18] "POST /query_documents HTTP/1.1" 200 -
2025-07-29 11:12:58,260 - INFO - [31m[1mWARNING: This is a development server. Do not use it in a production deployment. Use a production WSGI server instead.[0m
 * Running on http://127.0.0.1:5000
2025-07-29 11:12:58,261 - INFO - [33mPress CTRL+C to quit[0m
2025-07-29 11:12:58,262 - INFO -  * Restarting with stat
2025-07-29 11:12:58,877 - WARNING -  * Debugger is active!
2025-07-29 11:12:58,878 - INFO -  * Debugger PIN: 946-986-935
2025-07-29 11:13:01,881 - INFO - 127.0.0.1 - - [29/Jul/2025 11:13:01] "GET / HTTP/1.1" 200 -
2025-07-29 11:13:01,941 - INFO - 127.0.0.1 - - [29/Jul/2025 11:13:01] "[36mGET /static/styles.css HTTP/1.1[0m" 304 -
2025-07-29 11:13:06,147 - INFO - 127.0.0.1 - - [29/Jul/2025 11:13:06] "POST /upload_folder HTTP/1.1" 200 -
2025-07-29 11:13:07,156 - INFO - 127.0.0.1 - - [29/Jul/2025 11:13:07] "GET /get_progress HTTP/1.1" 200 -
2025-07-29 11:13:08,208 - INFO - 127.0.0.1 - - [29/Jul/2025 11:13:08] "POST /query_documents HTTP/1.1" 200 -
2025-07-29 11:14:22,449 - INFO - [31m[1mWARNING: This is a development server. Do not use it in a production deployment. Use a production WSGI server instead.[0m
 * Running on http://127.0.0.1:5000
2025-07-29 11:14:22,449 - INFO - [33mPress CTRL+C to quit[0m
2025-07-29 11:14:22,450 - INFO -  * Restarting with stat
2025-07-29 11:14:23,098 - WARNING -  * Debugger is active!
2025-07-29 11:14:23,100 - INFO -  * Debugger PIN: 946-986-935
2025-07-29 11:14:25,540 - INFO - 127.0.0.1 - - [29/Jul/2025 11:14:25] "GET / HTTP/1.1" 200 -
2025-07-29 11:14:25,604 - INFO - 127.0.0.1 - - [29/Jul/2025 11:14:25] "[36mGET /static/styles.css HTTP/1.1[0m" 304 -
2025-07-29 11:14:32,465 - INFO - 127.0.0.1 - - [29/Jul/2025 11:14:32] "POST /upload_folder HTTP/1.1" 200 -
2025-07-29 11:14:33,488 - INFO - 127.0.0.1 - - [29/Jul/2025 11:14:33] "GET /get_progress HTTP/1.1" 200 -
2025-07-29 11:14:34,394 - INFO - 127.0.0.1 - - [29/Jul/2025 11:14:34] "POST /query_documents HTTP/1.1" 200 -
2025-07-29 11:15:17,286 - INFO - 127.0.0.1 - - [29/Jul/2025 11:15:17] "GET / HTTP/1.1" 200 -
2025-07-29 11:15:17,301 - INFO - 127.0.0.1 - - [29/Jul/2025 11:15:17] "[36mGET /static/styles.css HTTP/1.1[0m" 304 -
2025-07-29 11:15:37,418 - INFO - 127.0.0.1 - - [29/Jul/2025 11:15:37] "POST /upload_folder HTTP/1.1" 200 -
2025-07-29 11:15:38,429 - INFO - 127.0.0.1 - - [29/Jul/2025 11:15:38] "GET /get_progress HTTP/1.1" 200 -
2025-07-29 11:15:39,357 - INFO - 127.0.0.1 - - [29/Jul/2025 11:15:39] "POST /query_documents HTTP/1.1" 200 -
2025-07-29 11:18:06,782 - INFO - [31m[1mWARNING: This is a development server. Do not use it in a production deployment. Use a production WSGI server instead.[0m
 * Running on http://127.0.0.1:5000
2025-07-29 11:18:06,782 - INFO - [33mPress CTRL+C to quit[0m
2025-07-29 11:18:06,799 - INFO -  * Restarting with stat
2025-07-29 11:18:07,490 - WARNING -  * Debugger is active!
2025-07-29 11:18:07,492 - INFO -  * Debugger PIN: 946-986-935
2025-07-29 11:18:14,188 - INFO - 127.0.0.1 - - [29/Jul/2025 11:18:14] "GET / HTTP/1.1" 200 -
2025-07-29 11:18:14,257 - INFO - 127.0.0.1 - - [29/Jul/2025 11:18:14] "[36mGET /static/styles.css HTTP/1.1[0m" 304 -
2025-07-29 11:18:19,096 - INFO - 127.0.0.1 - - [29/Jul/2025 11:18:19] "POST /upload_folder HTTP/1.1" 200 -
2025-07-29 11:18:20,106 - INFO - 127.0.0.1 - - [29/Jul/2025 11:18:20] "GET /get_progress HTTP/1.1" 200 -
2025-07-29 11:18:20,976 - INFO - 127.0.0.1 - - [29/Jul/2025 11:18:20] "POST /query_documents HTTP/1.1" 200 -
2025-07-29 11:21:00,958 - INFO - [31m[1mWARNING: This is a development server. Do not use it in a production deployment. Use a production WSGI server instead.[0m
 * Running on http://127.0.0.1:5000
2025-07-29 11:21:00,958 - INFO - [33mPress CTRL+C to quit[0m
2025-07-29 11:21:00,962 - INFO -  * Restarting with stat
2025-07-29 11:21:01,595 - WARNING -  * Debugger is active!
2025-07-29 11:21:01,597 - INFO -  * Debugger PIN: 946-986-935
2025-07-29 11:21:04,060 - INFO - 127.0.0.1 - - [29/Jul/2025 11:21:04] "GET / HTTP/1.1" 200 -
2025-07-29 11:21:04,123 - INFO - 127.0.0.1 - - [29/Jul/2025 11:21:04] "[36mGET /static/styles.css HTTP/1.1[0m" 304 -
2025-07-29 11:21:09,169 - INFO - 127.0.0.1 - - [29/Jul/2025 11:21:09] "POST /upload_folder HTTP/1.1" 200 -
2025-07-29 11:21:10,179 - INFO - 127.0.0.1 - - [29/Jul/2025 11:21:10] "GET /get_progress HTTP/1.1" 200 -
2025-07-29 11:21:11,319 - INFO - 127.0.0.1 - - [29/Jul/2025 11:21:11] "POST /query_documents HTTP/1.1" 200 -
2025-07-29 13:30:29,466 - INFO -  * Detected change in 'C:\\Users\\n_gio\\PycharmProjects\\PythonProject\\PythonProject\\Ptyxiaki\\app.py', reloading
2025-07-29 13:30:29,528 - INFO -  * Restarting with stat
2025-07-29 13:32:48,423 - INFO - [31m[1mWARNING: This is a development server. Do not use it in a production deployment. Use a production WSGI server instead.[0m
 * Running on http://127.0.0.1:5000
2025-07-29 13:32:48,424 - INFO - [33mPress CTRL+C to quit[0m
2025-07-29 13:32:48,427 - INFO -  * Restarting with stat
2025-07-29 13:32:49,373 - WARNING -  * Debugger is active!
2025-07-29 13:32:49,375 - INFO -  * Debugger PIN: 946-986-935
2025-07-29 13:32:54,742 - INFO - 127.0.0.1 - - [29/Jul/2025 13:32:54] "GET / HTTP/1.1" 200 -
2025-07-29 13:32:54,908 - INFO - 127.0.0.1 - - [29/Jul/2025 13:32:54] "[36mGET /static/styles.css HTTP/1.1[0m" 304 -
2025-07-29 13:33:00,514 - INFO - 127.0.0.1 - - [29/Jul/2025 13:33:00] "POST /upload_folder HTTP/1.1" 200 -
2025-07-29 13:33:01,527 - INFO - 127.0.0.1 - - [29/Jul/2025 13:33:01] "GET /get_progress HTTP/1.1" 200 -
2025-07-29 13:33:02,772 - INFO - 127.0.0.1 - - [29/Jul/2025 13:33:02] "POST /query_documents HTTP/1.1" 200 -
2025-07-29 13:33:05,528 - INFO - 127.0.0.1 - - [29/Jul/2025 13:33:05] "POST /upload_folder HTTP/1.1" 200 -
2025-07-29 13:33:06,542 - INFO - 127.0.0.1 - - [29/Jul/2025 13:33:06] "GET /get_progress HTTP/1.1" 200 -
2025-07-29 13:33:08,737 - INFO - 127.0.0.1 - - [29/Jul/2025 13:33:08] "POST /query_documents HTTP/1.1" 200 -
2025-07-29 13:42:14,938 - INFO -  * Detected change in 'C:\\Users\\n_gio\\PycharmProjects\\PythonProject\\PythonProject\\Ptyxiaki\\app.py', reloading
2025-07-29 13:42:14,996 - INFO -  * Restarting with stat
[INSERT_ERROR] DID 1193, name: PANDJAITAN RUDY, error: 2013 (HY000): Lost connection to MySQL server during query
[INSERT_ERROR] DID 1193, name: PANDJAITAN, RUDY, error: 2013 (HY000): Lost connection to MySQL server during query
[INSERT_ERROR] DID 1193, name: PANDJAITAN, RUDY, error: 2013 (HY000): Lost connection to MySQL server during query
[INSERT_ERROR] DID 1193, name: HERRMANN MANUELA, error: 2013 (HY000): Lost connection to MySQL server during query
[INSERT_ERROR] DID 1193, name: HERRMANN, Manuela, error: 2013 (HY000): Lost connection to MySQL server during query
[INSERT_ERROR] DID 1193, name: HERRMANN, Manuela, error: 2013 (HY000): Lost connection to MySQL server during query
[INSERT_ERROR] DID 1193, name: REMLER PETER, error: 2013 (HY000): Lost connection to MySQL server during query
[INSERT_ERROR] DID 1193, name: REMLER, PETER, error: 2013 (HY000): Lost connection to MySQL server during query
[INSERT_ERROR] DID 1193, name: REMLER, PETER, error: 2013 (HY000): Lost connection to MySQL server during query
[INSERT_ERROR] DID 1193, name: Cunow, Gerda, error: 2013 (HY000): Lost connection to MySQL server during query
[INSERT_ERROR] title insert did: 4837, error: 1406 (22001): Data too long for column 'title_text' at row 1
[INSERT_ERROR] title insert did: 6255, error: 1406 (22001): Data too long for column 'title_text' at row 1
[INSERT_ERROR] title insert did: 9015, error: 1406 (22001): Data too long for column 'title_text' at row 1
[INSERT_ERROR] title insert did: 9074, error: 1406 (22001): Data too long for column 'title_text' at row 1
[INSERT_ERROR] title insert did: 9126, error: 1452 (23000): Cannot add or update a child row: a foreign key constraint fails (`epdatabase`.`title`, CONSTRAINT `title_ibfk_1` FOREIGN KEY (`DID`) REFERENCES `document` (`DID`) ON DELETE CASCADE ON UPDATE CASCADE)
[INSERT_ERROR] title insert did: 10099, error: 1452 (23000): Cannot add or update a child row: a foreign key constraint fails (`epdatabase`.`title`, CONSTRAINT `title_ibfk_1` FOREIGN KEY (`DID`) REFERENCES `document` (`DID`) ON DELETE CASCADE ON UPDATE CASCADE)
[INSERT_ERROR] title insert did: 16115, error: 1406 (22001): Data too long for column 'title_text' at row 1
[INSERT_ERROR] title insert did: 18911, error: 1406 (22001): Data too long for column 'title_text' at row 1
[SELECT_ERROR] SID: 1, name: corrected, error: 1146 (42S02): Table 'epdatabase.status' doesn't exist
[SELECT_ERROR] SID: 2, name: deleted, error: 1146 (42S02): Table 'epdatabase.status' doesn't exist
[TITLE_PARSE_ERROR] DID 213:
Traceback (most recent call last):
  File "C:\Users\n_gio\PycharmProjects\PythonProject\PythonProject\.venv\Lib\site-packages\mysql\connector\connection_cext.py", line 755, in cmd_query
    self._cmysql.query(
_mysql_connector.MySQLInterfaceError: Table 'epdatabase.title' doesn't exist

The above exception was the direct cause of the following exception:

Traceback (most recent call last):
  File "C:\Users\n_gio\PycharmProjects\PythonProject\PythonProject\Ptyxiaki\title.py", line 153, in insert_title
    cursor.execute("""
  File "C:\Users\n_gio\PycharmProjects\PythonProject\PythonProject\.venv\Lib\site-packages\mysql\connector\cursor_cext.py", line 351, in execute
    self._connection.cmd_query(
  File "C:\Users\n_gio\PycharmProjects\PythonProject\PythonProject\.venv\Lib\site-packages\mysql\connector\opentelemetry\context_propagation.py", line 97, in wrapper
    return method(cnx, *args, **kwargs)
           ^^^^^^^^^^^^^^^^^^^^^^^^^^^^
  File "C:\Users\n_gio\PycharmProjects\PythonProject\PythonProject\.venv\Lib\site-packages\mysql\connector\connection_cext.py", line 763, in cmd_query
    raise get_mysql_exception(
mysql.connector.errors.ProgrammingError: 1146 (42S02): Table 'epdatabase.title' doesn't exist

[TITLE_PARSE_ERROR] DID 213:
Traceback (most recent call last):
  File "C:\Users\n_gio\PycharmProjects\PythonProject\PythonProject\.venv\Lib\site-packages\mysql\connector\connection_cext.py", line 755, in cmd_query
    self._cmysql.query(
_mysql_connector.MySQLInterfaceError: Table 'epdatabase.title' doesn't exist

The above exception was the direct cause of the following exception:

Traceback (most recent call last):
  File "C:\Users\n_gio\PycharmProjects\PythonProject\PythonProject\Ptyxiaki\title.py", line 153, in insert_title
    cursor.execute("""
  File "C:\Users\n_gio\PycharmProjects\PythonProject\PythonProject\.venv\Lib\site-packages\mysql\connector\cursor_cext.py", line 351, in execute
    self._connection.cmd_query(
  File "C:\Users\n_gio\PycharmProjects\PythonProject\PythonProject\.venv\Lib\site-packages\mysql\connector\opentelemetry\context_propagation.py", line 97, in wrapper
    return method(cnx, *args, **kwargs)
           ^^^^^^^^^^^^^^^^^^^^^^^^^^^^
  File "C:\Users\n_gio\PycharmProjects\PythonProject\PythonProject\.venv\Lib\site-packages\mysql\connector\connection_cext.py", line 763, in cmd_query
    raise get_mysql_exception(
mysql.connector.errors.ProgrammingError: 1146 (42S02): Table 'epdatabase.title' doesn't exist

[TITLE_PARSE_ERROR] DID 213:
Traceback (most recent call last):
  File "C:\Users\n_gio\PycharmProjects\PythonProject\PythonProject\.venv\Lib\site-packages\mysql\connector\connection_cext.py", line 755, in cmd_query
    self._cmysql.query(
_mysql_connector.MySQLInterfaceError: Table 'epdatabase.title' doesn't exist

The above exception was the direct cause of the following exception:

Traceback (most recent call last):
  File "C:\Users\n_gio\PycharmProjects\PythonProject\PythonProject\Ptyxiaki\title.py", line 153, in insert_title
    cursor.execute("""
  File "C:\Users\n_gio\PycharmProjects\PythonProject\PythonProject\.venv\Lib\site-packages\mysql\connector\cursor_cext.py", line 351, in execute
    self._connection.cmd_query(
  File "C:\Users\n_gio\PycharmProjects\PythonProject\PythonProject\.venv\Lib\site-packages\mysql\connector\opentelemetry\context_propagation.py", line 97, in wrapper
    return method(cnx, *args, **kwargs)
           ^^^^^^^^^^^^^^^^^^^^^^^^^^^^
  File "C:\Users\n_gio\PycharmProjects\PythonProject\PythonProject\.venv\Lib\site-packages\mysql\connector\connection_cext.py", line 763, in cmd_query
    raise get_mysql_exception(
mysql.connector.errors.ProgrammingError: 1146 (42S02): Table 'epdatabase.title' doesn't exist

[TITLE_PARSE_ERROR] DID 214:
Traceback (most recent call last):
  File "C:\Users\n_gio\PycharmProjects\PythonProject\PythonProject\.venv\Lib\site-packages\mysql\connector\connection_cext.py", line 755, in cmd_query
    self._cmysql.query(
_mysql_connector.MySQLInterfaceError: Table 'epdatabase.title' doesn't exist

The above exception was the direct cause of the following exception:

Traceback (most recent call last):
  File "C:\Users\n_gio\PycharmProjects\PythonProject\PythonProject\Ptyxiaki\title.py", line 153, in insert_title
    cursor.execute("""
  File "C:\Users\n_gio\PycharmProjects\PythonProject\PythonProject\.venv\Lib\site-packages\mysql\connector\cursor_cext.py", line 351, in execute
    self._connection.cmd_query(
  File "C:\Users\n_gio\PycharmProjects\PythonProject\PythonProject\.venv\Lib\site-packages\mysql\connector\opentelemetry\context_propagation.py", line 97, in wrapper
    return method(cnx, *args, **kwargs)
           ^^^^^^^^^^^^^^^^^^^^^^^^^^^^
  File "C:\Users\n_gio\PycharmProjects\PythonProject\PythonProject\.venv\Lib\site-packages\mysql\connector\connection_cext.py", line 763, in cmd_query
    raise get_mysql_exception(
mysql.connector.errors.ProgrammingError: 1146 (42S02): Table 'epdatabase.title' doesn't exist

[TITLE_PARSE_ERROR] DID 214:
Traceback (most recent call last):
  File "C:\Users\n_gio\PycharmProjects\PythonProject\PythonProject\.venv\Lib\site-packages\mysql\connector\connection_cext.py", line 755, in cmd_query
    self._cmysql.query(
_mysql_connector.MySQLInterfaceError: Table 'epdatabase.title' doesn't exist

The above exception was the direct cause of the following exception:

Traceback (most recent call last):
  File "C:\Users\n_gio\PycharmProjects\PythonProject\PythonProject\Ptyxiaki\title.py", line 153, in insert_title
    cursor.execute("""
  File "C:\Users\n_gio\PycharmProjects\PythonProject\PythonProject\.venv\Lib\site-packages\mysql\connector\cursor_cext.py", line 351, in execute
    self._connection.cmd_query(
  File "C:\Users\n_gio\PycharmProjects\PythonProject\PythonProject\.venv\Lib\site-packages\mysql\connector\opentelemetry\context_propagation.py", line 97, in wrapper
    return method(cnx, *args, **kwargs)
           ^^^^^^^^^^^^^^^^^^^^^^^^^^^^
  File "C:\Users\n_gio\PycharmProjects\PythonProject\PythonProject\.venv\Lib\site-packages\mysql\connector\connection_cext.py", line 763, in cmd_query
    raise get_mysql_exception(
mysql.connector.errors.ProgrammingError: 1146 (42S02): Table 'epdatabase.title' doesn't exist

[TITLE_PARSE_ERROR] DID 214:
Traceback (most recent call last):
  File "C:\Users\n_gio\PycharmProjects\PythonProject\PythonProject\.venv\Lib\site-packages\mysql\connector\connection_cext.py", line 755, in cmd_query
    self._cmysql.query(
_mysql_connector.MySQLInterfaceError: Table 'epdatabase.title' doesn't exist

The above exception was the direct cause of the following exception:

Traceback (most recent call last):
  File "C:\Users\n_gio\PycharmProjects\PythonProject\PythonProject\Ptyxiaki\title.py", line 153, in insert_title
    cursor.execute("""
  File "C:\Users\n_gio\PycharmProjects\PythonProject\PythonProject\.venv\Lib\site-packages\mysql\connector\cursor_cext.py", line 351, in execute
    self._connection.cmd_query(
  File "C:\Users\n_gio\PycharmProjects\PythonProject\PythonProject\.venv\Lib\site-packages\mysql\connector\opentelemetry\context_propagation.py", line 97, in wrapper
    return method(cnx, *args, **kwargs)
           ^^^^^^^^^^^^^^^^^^^^^^^^^^^^
  File "C:\Users\n_gio\PycharmProjects\PythonProject\PythonProject\.venv\Lib\site-packages\mysql\connector\connection_cext.py", line 763, in cmd_query
    raise get_mysql_exception(
mysql.connector.errors.ProgrammingError: 1146 (42S02): Table 'epdatabase.title' doesn't exist

[TITLE_PARSE_ERROR] DID 215:
Traceback (most recent call last):
  File "C:\Users\n_gio\PycharmProjects\PythonProject\PythonProject\.venv\Lib\site-packages\mysql\connector\connection_cext.py", line 755, in cmd_query
    self._cmysql.query(
_mysql_connector.MySQLInterfaceError: Table 'epdatabase.title' doesn't exist

The above exception was the direct cause of the following exception:

Traceback (most recent call last):
  File "C:\Users\n_gio\PycharmProjects\PythonProject\PythonProject\Ptyxiaki\title.py", line 153, in insert_title
    cursor.execute("""
  File "C:\Users\n_gio\PycharmProjects\PythonProject\PythonProject\.venv\Lib\site-packages\mysql\connector\cursor_cext.py", line 351, in execute
    self._connection.cmd_query(
  File "C:\Users\n_gio\PycharmProjects\PythonProject\PythonProject\.venv\Lib\site-packages\mysql\connector\opentelemetry\context_propagation.py", line 97, in wrapper
    return method(cnx, *args, **kwargs)
           ^^^^^^^^^^^^^^^^^^^^^^^^^^^^
  File "C:\Users\n_gio\PycharmProjects\PythonProject\PythonProject\.venv\Lib\site-packages\mysql\connector\connection_cext.py", line 763, in cmd_query
    raise get_mysql_exception(
mysql.connector.errors.ProgrammingError: 1146 (42S02): Table 'epdatabase.title' doesn't exist

[TITLE_PARSE_ERROR] DID 215:
Traceback (most recent call last):
  File "C:\Users\n_gio\PycharmProjects\PythonProject\PythonProject\.venv\Lib\site-packages\mysql\connector\connection_cext.py", line 755, in cmd_query
    self._cmysql.query(
_mysql_connector.MySQLInterfaceError: Table 'epdatabase.title' doesn't exist

The above exception was the direct cause of the following exception:

Traceback (most recent call last):
  File "C:\Users\n_gio\PycharmProjects\PythonProject\PythonProject\Ptyxiaki\title.py", line 153, in insert_title
    cursor.execute("""
  File "C:\Users\n_gio\PycharmProjects\PythonProject\PythonProject\.venv\Lib\site-packages\mysql\connector\cursor_cext.py", line 351, in execute
    self._connection.cmd_query(
  File "C:\Users\n_gio\PycharmProjects\PythonProject\PythonProject\.venv\Lib\site-packages\mysql\connector\opentelemetry\context_propagation.py", line 97, in wrapper
    return method(cnx, *args, **kwargs)
           ^^^^^^^^^^^^^^^^^^^^^^^^^^^^
  File "C:\Users\n_gio\PycharmProjects\PythonProject\PythonProject\.venv\Lib\site-packages\mysql\connector\connection_cext.py", line 763, in cmd_query
    raise get_mysql_exception(
mysql.connector.errors.ProgrammingError: 1146 (42S02): Table 'epdatabase.title' doesn't exist

[TITLE_PARSE_ERROR] DID 215:
Traceback (most recent call last):
  File "C:\Users\n_gio\PycharmProjects\PythonProject\PythonProject\.venv\Lib\site-packages\mysql\connector\connection_cext.py", line 755, in cmd_query
    self._cmysql.query(
_mysql_connector.MySQLInterfaceError: Table 'epdatabase.title' doesn't exist

The above exception was the direct cause of the following exception:

Traceback (most recent call last):
  File "C:\Users\n_gio\PycharmProjects\PythonProject\PythonProject\Ptyxiaki\title.py", line 153, in insert_title
    cursor.execute("""
  File "C:\Users\n_gio\PycharmProjects\PythonProject\PythonProject\.venv\Lib\site-packages\mysql\connector\cursor_cext.py", line 351, in execute
    self._connection.cmd_query(
  File "C:\Users\n_gio\PycharmProjects\PythonProject\PythonProject\.venv\Lib\site-packages\mysql\connector\opentelemetry\context_propagation.py", line 97, in wrapper
    return method(cnx, *args, **kwargs)
           ^^^^^^^^^^^^^^^^^^^^^^^^^^^^
  File "C:\Users\n_gio\PycharmProjects\PythonProject\PythonProject\.venv\Lib\site-packages\mysql\connector\connection_cext.py", line 763, in cmd_query
    raise get_mysql_exception(
mysql.connector.errors.ProgrammingError: 1146 (42S02): Table 'epdatabase.title' doesn't exist

[TITLE_PARSE_ERROR] DID 216:
Traceback (most recent call last):
  File "C:\Users\n_gio\PycharmProjects\PythonProject\PythonProject\.venv\Lib\site-packages\mysql\connector\connection_cext.py", line 755, in cmd_query
    self._cmysql.query(
_mysql_connector.MySQLInterfaceError: Table 'epdatabase.title' doesn't exist

The above exception was the direct cause of the following exception:

Traceback (most recent call last):
  File "C:\Users\n_gio\PycharmProjects\PythonProject\PythonProject\Ptyxiaki\title.py", line 153, in insert_title
    cursor.execute("""
  File "C:\Users\n_gio\PycharmProjects\PythonProject\PythonProject\.venv\Lib\site-packages\mysql\connector\cursor_cext.py", line 351, in execute
    self._connection.cmd_query(
  File "C:\Users\n_gio\PycharmProjects\PythonProject\PythonProject\.venv\Lib\site-packages\mysql\connector\opentelemetry\context_propagation.py", line 97, in wrapper
    return method(cnx, *args, **kwargs)
           ^^^^^^^^^^^^^^^^^^^^^^^^^^^^
  File "C:\Users\n_gio\PycharmProjects\PythonProject\PythonProject\.venv\Lib\site-packages\mysql\connector\connection_cext.py", line 763, in cmd_query
    raise get_mysql_exception(
mysql.connector.errors.ProgrammingError: 1146 (42S02): Table 'epdatabase.title' doesn't exist

[TITLE_PARSE_ERROR] DID 216:
Traceback (most recent call last):
  File "C:\Users\n_gio\PycharmProjects\PythonProject\PythonProject\.venv\Lib\site-packages\mysql\connector\connection_cext.py", line 755, in cmd_query
    self._cmysql.query(
_mysql_connector.MySQLInterfaceError: Table 'epdatabase.title' doesn't exist

The above exception was the direct cause of the following exception:

Traceback (most recent call last):
  File "C:\Users\n_gio\PycharmProjects\PythonProject\PythonProject\Ptyxiaki\title.py", line 153, in insert_title
    cursor.execute("""
  File "C:\Users\n_gio\PycharmProjects\PythonProject\PythonProject\.venv\Lib\site-packages\mysql\connector\cursor_cext.py", line 351, in execute
    self._connection.cmd_query(
  File "C:\Users\n_gio\PycharmProjects\PythonProject\PythonProject\.venv\Lib\site-packages\mysql\connector\opentelemetry\context_propagation.py", line 97, in wrapper
    return method(cnx, *args, **kwargs)
           ^^^^^^^^^^^^^^^^^^^^^^^^^^^^
  File "C:\Users\n_gio\PycharmProjects\PythonProject\PythonProject\.venv\Lib\site-packages\mysql\connector\connection_cext.py", line 763, in cmd_query
    raise get_mysql_exception(
mysql.connector.errors.ProgrammingError: 1146 (42S02): Table 'epdatabase.title' doesn't exist

[TITLE_PARSE_ERROR] DID 216:
Traceback (most recent call last):
  File "C:\Users\n_gio\PycharmProjects\PythonProject\PythonProject\.venv\Lib\site-packages\mysql\connector\connection_cext.py", line 755, in cmd_query
    self._cmysql.query(
_mysql_connector.MySQLInterfaceError: Table 'epdatabase.title' doesn't exist

The above exception was the direct cause of the following exception:

Traceback (most recent call last):
  File "C:\Users\n_gio\PycharmProjects\PythonProject\PythonProject\Ptyxiaki\title.py", line 153, in insert_title
    cursor.execute("""
  File "C:\Users\n_gio\PycharmProjects\PythonProject\PythonProject\.venv\Lib\site-packages\mysql\connector\cursor_cext.py", line 351, in execute
    self._connection.cmd_query(
  File "C:\Users\n_gio\PycharmProjects\PythonProject\PythonProject\.venv\Lib\site-packages\mysql\connector\opentelemetry\context_propagation.py", line 97, in wrapper
    return method(cnx, *args, **kwargs)
           ^^^^^^^^^^^^^^^^^^^^^^^^^^^^
  File "C:\Users\n_gio\PycharmProjects\PythonProject\PythonProject\.venv\Lib\site-packages\mysql\connector\connection_cext.py", line 763, in cmd_query
    raise get_mysql_exception(
mysql.connector.errors.ProgrammingError: 1146 (42S02): Table 'epdatabase.title' doesn't exist

[TITLE_PARSE_ERROR] DID 217:
Traceback (most recent call last):
  File "C:\Users\n_gio\PycharmProjects\PythonProject\PythonProject\.venv\Lib\site-packages\mysql\connector\connection_cext.py", line 755, in cmd_query
    self._cmysql.query(
_mysql_connector.MySQLInterfaceError: Table 'epdatabase.title' doesn't exist

The above exception was the direct cause of the following exception:

Traceback (most recent call last):
  File "C:\Users\n_gio\PycharmProjects\PythonProject\PythonProject\Ptyxiaki\title.py", line 153, in insert_title
    cursor.execute("""
  File "C:\Users\n_gio\PycharmProjects\PythonProject\PythonProject\.venv\Lib\site-packages\mysql\connector\cursor_cext.py", line 351, in execute
    self._connection.cmd_query(
  File "C:\Users\n_gio\PycharmProjects\PythonProject\PythonProject\.venv\Lib\site-packages\mysql\connector\opentelemetry\context_propagation.py", line 97, in wrapper
    return method(cnx, *args, **kwargs)
           ^^^^^^^^^^^^^^^^^^^^^^^^^^^^
  File "C:\Users\n_gio\PycharmProjects\PythonProject\PythonProject\.venv\Lib\site-packages\mysql\connector\connection_cext.py", line 763, in cmd_query
    raise get_mysql_exception(
mysql.connector.errors.ProgrammingError: 1146 (42S02): Table 'epdatabase.title' doesn't exist

[TITLE_PARSE_ERROR] DID 217:
Traceback (most recent call last):
  File "C:\Users\n_gio\PycharmProjects\PythonProject\PythonProject\.venv\Lib\site-packages\mysql\connector\connection_cext.py", line 755, in cmd_query
    self._cmysql.query(
_mysql_connector.MySQLInterfaceError: Table 'epdatabase.title' doesn't exist

The above exception was the direct cause of the following exception:

Traceback (most recent call last):
  File "C:\Users\n_gio\PycharmProjects\PythonProject\PythonProject\Ptyxiaki\title.py", line 153, in insert_title
    cursor.execute("""
  File "C:\Users\n_gio\PycharmProjects\PythonProject\PythonProject\.venv\Lib\site-packages\mysql\connector\cursor_cext.py", line 351, in execute
    self._connection.cmd_query(
  File "C:\Users\n_gio\PycharmProjects\PythonProject\PythonProject\.venv\Lib\site-packages\mysql\connector\opentelemetry\context_propagation.py", line 97, in wrapper
    return method(cnx, *args, **kwargs)
           ^^^^^^^^^^^^^^^^^^^^^^^^^^^^
  File "C:\Users\n_gio\PycharmProjects\PythonProject\PythonProject\.venv\Lib\site-packages\mysql\connector\connection_cext.py", line 763, in cmd_query
    raise get_mysql_exception(
mysql.connector.errors.ProgrammingError: 1146 (42S02): Table 'epdatabase.title' doesn't exist

[TITLE_PARSE_ERROR] DID 217:
Traceback (most recent call last):
  File "C:\Users\n_gio\PycharmProjects\PythonProject\PythonProject\.venv\Lib\site-packages\mysql\connector\connection_cext.py", line 755, in cmd_query
    self._cmysql.query(
_mysql_connector.MySQLInterfaceError: Table 'epdatabase.title' doesn't exist

The above exception was the direct cause of the following exception:

Traceback (most recent call last):
  File "C:\Users\n_gio\PycharmProjects\PythonProject\PythonProject\Ptyxiaki\title.py", line 153, in insert_title
    cursor.execute("""
  File "C:\Users\n_gio\PycharmProjects\PythonProject\PythonProject\.venv\Lib\site-packages\mysql\connector\cursor_cext.py", line 351, in execute
    self._connection.cmd_query(
  File "C:\Users\n_gio\PycharmProjects\PythonProject\PythonProject\.venv\Lib\site-packages\mysql\connector\opentelemetry\context_propagation.py", line 97, in wrapper
    return method(cnx, *args, **kwargs)
           ^^^^^^^^^^^^^^^^^^^^^^^^^^^^
  File "C:\Users\n_gio\PycharmProjects\PythonProject\PythonProject\.venv\Lib\site-packages\mysql\connector\connection_cext.py", line 763, in cmd_query
    raise get_mysql_exception(
mysql.connector.errors.ProgrammingError: 1146 (42S02): Table 'epdatabase.title' doesn't exist

[TITLE_PARSE_ERROR] DID 218:
Traceback (most recent call last):
  File "C:\Users\n_gio\PycharmProjects\PythonProject\PythonProject\.venv\Lib\site-packages\mysql\connector\connection_cext.py", line 755, in cmd_query
    self._cmysql.query(
_mysql_connector.MySQLInterfaceError: Table 'epdatabase.title' doesn't exist

The above exception was the direct cause of the following exception:

Traceback (most recent call last):
  File "C:\Users\n_gio\PycharmProjects\PythonProject\PythonProject\Ptyxiaki\title.py", line 153, in insert_title
    cursor.execute("""
  File "C:\Users\n_gio\PycharmProjects\PythonProject\PythonProject\.venv\Lib\site-packages\mysql\connector\cursor_cext.py", line 351, in execute
    self._connection.cmd_query(
  File "C:\Users\n_gio\PycharmProjects\PythonProject\PythonProject\.venv\Lib\site-packages\mysql\connector\opentelemetry\context_propagation.py", line 97, in wrapper
    return method(cnx, *args, **kwargs)
           ^^^^^^^^^^^^^^^^^^^^^^^^^^^^
  File "C:\Users\n_gio\PycharmProjects\PythonProject\PythonProject\.venv\Lib\site-packages\mysql\connector\connection_cext.py", line 763, in cmd_query
    raise get_mysql_exception(
mysql.connector.errors.ProgrammingError: 1146 (42S02): Table 'epdatabase.title' doesn't exist

[TITLE_PARSE_ERROR] DID 218:
Traceback (most recent call last):
  File "C:\Users\n_gio\PycharmProjects\PythonProject\PythonProject\.venv\Lib\site-packages\mysql\connector\connection_cext.py", line 755, in cmd_query
    self._cmysql.query(
_mysql_connector.MySQLInterfaceError: Table 'epdatabase.title' doesn't exist

The above exception was the direct cause of the following exception:

Traceback (most recent call last):
  File "C:\Users\n_gio\PycharmProjects\PythonProject\PythonProject\Ptyxiaki\title.py", line 153, in insert_title
    cursor.execute("""
  File "C:\Users\n_gio\PycharmProjects\PythonProject\PythonProject\.venv\Lib\site-packages\mysql\connector\cursor_cext.py", line 351, in execute
    self._connection.cmd_query(
  File "C:\Users\n_gio\PycharmProjects\PythonProject\PythonProject\.venv\Lib\site-packages\mysql\connector\opentelemetry\context_propagation.py", line 97, in wrapper
    return method(cnx, *args, **kwargs)
           ^^^^^^^^^^^^^^^^^^^^^^^^^^^^
  File "C:\Users\n_gio\PycharmProjects\PythonProject\PythonProject\.venv\Lib\site-packages\mysql\connector\connection_cext.py", line 763, in cmd_query
    raise get_mysql_exception(
mysql.connector.errors.ProgrammingError: 1146 (42S02): Table 'epdatabase.title' doesn't exist

[TITLE_PARSE_ERROR] DID 218:
Traceback (most recent call last):
  File "C:\Users\n_gio\PycharmProjects\PythonProject\PythonProject\.venv\Lib\site-packages\mysql\connector\connection_cext.py", line 755, in cmd_query
    self._cmysql.query(
_mysql_connector.MySQLInterfaceError: Table 'epdatabase.title' doesn't exist

The above exception was the direct cause of the following exception:

Traceback (most recent call last):
  File "C:\Users\n_gio\PycharmProjects\PythonProject\PythonProject\Ptyxiaki\title.py", line 153, in insert_title
    cursor.execute("""
  File "C:\Users\n_gio\PycharmProjects\PythonProject\PythonProject\.venv\Lib\site-packages\mysql\connector\cursor_cext.py", line 351, in execute
    self._connection.cmd_query(
  File "C:\Users\n_gio\PycharmProjects\PythonProject\PythonProject\.venv\Lib\site-packages\mysql\connector\opentelemetry\context_propagation.py", line 97, in wrapper
    return method(cnx, *args, **kwargs)
           ^^^^^^^^^^^^^^^^^^^^^^^^^^^^
  File "C:\Users\n_gio\PycharmProjects\PythonProject\PythonProject\.venv\Lib\site-packages\mysql\connector\connection_cext.py", line 763, in cmd_query
    raise get_mysql_exception(
mysql.connector.errors.ProgrammingError: 1146 (42S02): Table 'epdatabase.title' doesn't exist

[TITLE_PARSE_ERROR] DID 219:
Traceback (most recent call last):
  File "C:\Users\n_gio\PycharmProjects\PythonProject\PythonProject\.venv\Lib\site-packages\mysql\connector\connection_cext.py", line 755, in cmd_query
    self._cmysql.query(
_mysql_connector.MySQLInterfaceError: Table 'epdatabase.title' doesn't exist

The above exception was the direct cause of the following exception:

Traceback (most recent call last):
  File "C:\Users\n_gio\PycharmProjects\PythonProject\PythonProject\Ptyxiaki\title.py", line 153, in insert_title
    cursor.execute("""
  File "C:\Users\n_gio\PycharmProjects\PythonProject\PythonProject\.venv\Lib\site-packages\mysql\connector\cursor_cext.py", line 351, in execute
    self._connection.cmd_query(
  File "C:\Users\n_gio\PycharmProjects\PythonProject\PythonProject\.venv\Lib\site-packages\mysql\connector\opentelemetry\context_propagation.py", line 97, in wrapper
    return method(cnx, *args, **kwargs)
           ^^^^^^^^^^^^^^^^^^^^^^^^^^^^
  File "C:\Users\n_gio\PycharmProjects\PythonProject\PythonProject\.venv\Lib\site-packages\mysql\connector\connection_cext.py", line 763, in cmd_query
    raise get_mysql_exception(
mysql.connector.errors.ProgrammingError: 1146 (42S02): Table 'epdatabase.title' doesn't exist

[TITLE_PARSE_ERROR] DID 219:
Traceback (most recent call last):
  File "C:\Users\n_gio\PycharmProjects\PythonProject\PythonProject\.venv\Lib\site-packages\mysql\connector\connection_cext.py", line 755, in cmd_query
    self._cmysql.query(
_mysql_connector.MySQLInterfaceError: Table 'epdatabase.title' doesn't exist

The above exception was the direct cause of the following exception:

Traceback (most recent call last):
  File "C:\Users\n_gio\PycharmProjects\PythonProject\PythonProject\Ptyxiaki\title.py", line 153, in insert_title
    cursor.execute("""
  File "C:\Users\n_gio\PycharmProjects\PythonProject\PythonProject\.venv\Lib\site-packages\mysql\connector\cursor_cext.py", line 351, in execute
    self._connection.cmd_query(
  File "C:\Users\n_gio\PycharmProjects\PythonProject\PythonProject\.venv\Lib\site-packages\mysql\connector\opentelemetry\context_propagation.py", line 97, in wrapper
    return method(cnx, *args, **kwargs)
           ^^^^^^^^^^^^^^^^^^^^^^^^^^^^
  File "C:\Users\n_gio\PycharmProjects\PythonProject\PythonProject\.venv\Lib\site-packages\mysql\connector\connection_cext.py", line 763, in cmd_query
    raise get_mysql_exception(
mysql.connector.errors.ProgrammingError: 1146 (42S02): Table 'epdatabase.title' doesn't exist

[TITLE_PARSE_ERROR] DID 219:
Traceback (most recent call last):
  File "C:\Users\n_gio\PycharmProjects\PythonProject\PythonProject\.venv\Lib\site-packages\mysql\connector\connection_cext.py", line 755, in cmd_query
    self._cmysql.query(
_mysql_connector.MySQLInterfaceError: Table 'epdatabase.title' doesn't exist

The above exception was the direct cause of the following exception:

Traceback (most recent call last):
  File "C:\Users\n_gio\PycharmProjects\PythonProject\PythonProject\Ptyxiaki\title.py", line 153, in insert_title
    cursor.execute("""
  File "C:\Users\n_gio\PycharmProjects\PythonProject\PythonProject\.venv\Lib\site-packages\mysql\connector\cursor_cext.py", line 351, in execute
    self._connection.cmd_query(
  File "C:\Users\n_gio\PycharmProjects\PythonProject\PythonProject\.venv\Lib\site-packages\mysql\connector\opentelemetry\context_propagation.py", line 97, in wrapper
    return method(cnx, *args, **kwargs)
           ^^^^^^^^^^^^^^^^^^^^^^^^^^^^
  File "C:\Users\n_gio\PycharmProjects\PythonProject\PythonProject\.venv\Lib\site-packages\mysql\connector\connection_cext.py", line 763, in cmd_query
    raise get_mysql_exception(
mysql.connector.errors.ProgrammingError: 1146 (42S02): Table 'epdatabase.title' doesn't exist

[TITLE_PARSE_ERROR] DID 220:
Traceback (most recent call last):
  File "C:\Users\n_gio\PycharmProjects\PythonProject\PythonProject\.venv\Lib\site-packages\mysql\connector\connection_cext.py", line 755, in cmd_query
    self._cmysql.query(
_mysql_connector.MySQLInterfaceError: Table 'epdatabase.title' doesn't exist

The above exception was the direct cause of the following exception:

Traceback (most recent call last):
  File "C:\Users\n_gio\PycharmProjects\PythonProject\PythonProject\Ptyxiaki\title.py", line 153, in insert_title
    cursor.execute("""
  File "C:\Users\n_gio\PycharmProjects\PythonProject\PythonProject\.venv\Lib\site-packages\mysql\connector\cursor_cext.py", line 351, in execute
    self._connection.cmd_query(
  File "C:\Users\n_gio\PycharmProjects\PythonProject\PythonProject\.venv\Lib\site-packages\mysql\connector\opentelemetry\context_propagation.py", line 97, in wrapper
    return method(cnx, *args, **kwargs)
           ^^^^^^^^^^^^^^^^^^^^^^^^^^^^
  File "C:\Users\n_gio\PycharmProjects\PythonProject\PythonProject\.venv\Lib\site-packages\mysql\connector\connection_cext.py", line 763, in cmd_query
    raise get_mysql_exception(
mysql.connector.errors.ProgrammingError: 1146 (42S02): Table 'epdatabase.title' doesn't exist

[TITLE_PARSE_ERROR] DID 220:
Traceback (most recent call last):
  File "C:\Users\n_gio\PycharmProjects\PythonProject\PythonProject\.venv\Lib\site-packages\mysql\connector\connection_cext.py", line 755, in cmd_query
    self._cmysql.query(
_mysql_connector.MySQLInterfaceError: Table 'epdatabase.title' doesn't exist

The above exception was the direct cause of the following exception:

Traceback (most recent call last):
  File "C:\Users\n_gio\PycharmProjects\PythonProject\PythonProject\Ptyxiaki\title.py", line 153, in insert_title
    cursor.execute("""
  File "C:\Users\n_gio\PycharmProjects\PythonProject\PythonProject\.venv\Lib\site-packages\mysql\connector\cursor_cext.py", line 351, in execute
    self._connection.cmd_query(
  File "C:\Users\n_gio\PycharmProjects\PythonProject\PythonProject\.venv\Lib\site-packages\mysql\connector\opentelemetry\context_propagation.py", line 97, in wrapper
    return method(cnx, *args, **kwargs)
           ^^^^^^^^^^^^^^^^^^^^^^^^^^^^
  File "C:\Users\n_gio\PycharmProjects\PythonProject\PythonProject\.venv\Lib\site-packages\mysql\connector\connection_cext.py", line 763, in cmd_query
    raise get_mysql_exception(
mysql.connector.errors.ProgrammingError: 1146 (42S02): Table 'epdatabase.title' doesn't exist

[TITLE_PARSE_ERROR] DID 220:
Traceback (most recent call last):
  File "C:\Users\n_gio\PycharmProjects\PythonProject\PythonProject\.venv\Lib\site-packages\mysql\connector\connection_cext.py", line 755, in cmd_query
    self._cmysql.query(
_mysql_connector.MySQLInterfaceError: Table 'epdatabase.title' doesn't exist

The above exception was the direct cause of the following exception:

Traceback (most recent call last):
  File "C:\Users\n_gio\PycharmProjects\PythonProject\PythonProject\Ptyxiaki\title.py", line 153, in insert_title
    cursor.execute("""
  File "C:\Users\n_gio\PycharmProjects\PythonProject\PythonProject\.venv\Lib\site-packages\mysql\connector\cursor_cext.py", line 351, in execute
    self._connection.cmd_query(
  File "C:\Users\n_gio\PycharmProjects\PythonProject\PythonProject\.venv\Lib\site-packages\mysql\connector\opentelemetry\context_propagation.py", line 97, in wrapper
    return method(cnx, *args, **kwargs)
           ^^^^^^^^^^^^^^^^^^^^^^^^^^^^
  File "C:\Users\n_gio\PycharmProjects\PythonProject\PythonProject\.venv\Lib\site-packages\mysql\connector\connection_cext.py", line 763, in cmd_query
    raise get_mysql_exception(
mysql.connector.errors.ProgrammingError: 1146 (42S02): Table 'epdatabase.title' doesn't exist

[TITLE_PARSE_ERROR] DID 221:
Traceback (most recent call last):
  File "C:\Users\n_gio\PycharmProjects\PythonProject\PythonProject\.venv\Lib\site-packages\mysql\connector\connection_cext.py", line 755, in cmd_query
    self._cmysql.query(
_mysql_connector.MySQLInterfaceError: Table 'epdatabase.title' doesn't exist

The above exception was the direct cause of the following exception:

Traceback (most recent call last):
  File "C:\Users\n_gio\PycharmProjects\PythonProject\PythonProject\Ptyxiaki\title.py", line 153, in insert_title
    cursor.execute("""
  File "C:\Users\n_gio\PycharmProjects\PythonProject\PythonProject\.venv\Lib\site-packages\mysql\connector\cursor_cext.py", line 351, in execute
    self._connection.cmd_query(
  File "C:\Users\n_gio\PycharmProjects\PythonProject\PythonProject\.venv\Lib\site-packages\mysql\connector\opentelemetry\context_propagation.py", line 97, in wrapper
    return method(cnx, *args, **kwargs)
           ^^^^^^^^^^^^^^^^^^^^^^^^^^^^
  File "C:\Users\n_gio\PycharmProjects\PythonProject\PythonProject\.venv\Lib\site-packages\mysql\connector\connection_cext.py", line 763, in cmd_query
    raise get_mysql_exception(
mysql.connector.errors.ProgrammingError: 1146 (42S02): Table 'epdatabase.title' doesn't exist

[TITLE_PARSE_ERROR] DID 221:
Traceback (most recent call last):
  File "C:\Users\n_gio\PycharmProjects\PythonProject\PythonProject\.venv\Lib\site-packages\mysql\connector\connection_cext.py", line 755, in cmd_query
    self._cmysql.query(
_mysql_connector.MySQLInterfaceError: Table 'epdatabase.title' doesn't exist

The above exception was the direct cause of the following exception:

Traceback (most recent call last):
  File "C:\Users\n_gio\PycharmProjects\PythonProject\PythonProject\Ptyxiaki\title.py", line 153, in insert_title
    cursor.execute("""
  File "C:\Users\n_gio\PycharmProjects\PythonProject\PythonProject\.venv\Lib\site-packages\mysql\connector\cursor_cext.py", line 351, in execute
    self._connection.cmd_query(
  File "C:\Users\n_gio\PycharmProjects\PythonProject\PythonProject\.venv\Lib\site-packages\mysql\connector\opentelemetry\context_propagation.py", line 97, in wrapper
    return method(cnx, *args, **kwargs)
           ^^^^^^^^^^^^^^^^^^^^^^^^^^^^
  File "C:\Users\n_gio\PycharmProjects\PythonProject\PythonProject\.venv\Lib\site-packages\mysql\connector\connection_cext.py", line 763, in cmd_query
    raise get_mysql_exception(
mysql.connector.errors.ProgrammingError: 1146 (42S02): Table 'epdatabase.title' doesn't exist

[TITLE_PARSE_ERROR] DID 221:
Traceback (most recent call last):
  File "C:\Users\n_gio\PycharmProjects\PythonProject\PythonProject\.venv\Lib\site-packages\mysql\connector\connection_cext.py", line 755, in cmd_query
    self._cmysql.query(
_mysql_connector.MySQLInterfaceError: Table 'epdatabase.title' doesn't exist

The above exception was the direct cause of the following exception:

Traceback (most recent call last):
  File "C:\Users\n_gio\PycharmProjects\PythonProject\PythonProject\Ptyxiaki\title.py", line 153, in insert_title
    cursor.execute("""
  File "C:\Users\n_gio\PycharmProjects\PythonProject\PythonProject\.venv\Lib\site-packages\mysql\connector\cursor_cext.py", line 351, in execute
    self._connection.cmd_query(
  File "C:\Users\n_gio\PycharmProjects\PythonProject\PythonProject\.venv\Lib\site-packages\mysql\connector\opentelemetry\context_propagation.py", line 97, in wrapper
    return method(cnx, *args, **kwargs)
           ^^^^^^^^^^^^^^^^^^^^^^^^^^^^
  File "C:\Users\n_gio\PycharmProjects\PythonProject\PythonProject\.venv\Lib\site-packages\mysql\connector\connection_cext.py", line 763, in cmd_query
    raise get_mysql_exception(
mysql.connector.errors.ProgrammingError: 1146 (42S02): Table 'epdatabase.title' doesn't exist

[TITLE_PARSE_ERROR] DID 222:
Traceback (most recent call last):
  File "C:\Users\n_gio\PycharmProjects\PythonProject\PythonProject\.venv\Lib\site-packages\mysql\connector\connection_cext.py", line 755, in cmd_query
    self._cmysql.query(
_mysql_connector.MySQLInterfaceError: Table 'epdatabase.title' doesn't exist

The above exception was the direct cause of the following exception:

Traceback (most recent call last):
  File "C:\Users\n_gio\PycharmProjects\PythonProject\PythonProject\Ptyxiaki\title.py", line 153, in insert_title
    cursor.execute("""
  File "C:\Users\n_gio\PycharmProjects\PythonProject\PythonProject\.venv\Lib\site-packages\mysql\connector\cursor_cext.py", line 351, in execute
    self._connection.cmd_query(
  File "C:\Users\n_gio\PycharmProjects\PythonProject\PythonProject\.venv\Lib\site-packages\mysql\connector\opentelemetry\context_propagation.py", line 97, in wrapper
    return method(cnx, *args, **kwargs)
           ^^^^^^^^^^^^^^^^^^^^^^^^^^^^
  File "C:\Users\n_gio\PycharmProjects\PythonProject\PythonProject\.venv\Lib\site-packages\mysql\connector\connection_cext.py", line 763, in cmd_query
    raise get_mysql_exception(
mysql.connector.errors.ProgrammingError: 1146 (42S02): Table 'epdatabase.title' doesn't exist

[TITLE_PARSE_ERROR] DID 222:
Traceback (most recent call last):
  File "C:\Users\n_gio\PycharmProjects\PythonProject\PythonProject\.venv\Lib\site-packages\mysql\connector\connection_cext.py", line 755, in cmd_query
    self._cmysql.query(
_mysql_connector.MySQLInterfaceError: Table 'epdatabase.title' doesn't exist

The above exception was the direct cause of the following exception:

Traceback (most recent call last):
  File "C:\Users\n_gio\PycharmProjects\PythonProject\PythonProject\Ptyxiaki\title.py", line 153, in insert_title
    cursor.execute("""
  File "C:\Users\n_gio\PycharmProjects\PythonProject\PythonProject\.venv\Lib\site-packages\mysql\connector\cursor_cext.py", line 351, in execute
    self._connection.cmd_query(
  File "C:\Users\n_gio\PycharmProjects\PythonProject\PythonProject\.venv\Lib\site-packages\mysql\connector\opentelemetry\context_propagation.py", line 97, in wrapper
    return method(cnx, *args, **kwargs)
           ^^^^^^^^^^^^^^^^^^^^^^^^^^^^
  File "C:\Users\n_gio\PycharmProjects\PythonProject\PythonProject\.venv\Lib\site-packages\mysql\connector\connection_cext.py", line 763, in cmd_query
    raise get_mysql_exception(
mysql.connector.errors.ProgrammingError: 1146 (42S02): Table 'epdatabase.title' doesn't exist

[TITLE_PARSE_ERROR] DID 222:
Traceback (most recent call last):
  File "C:\Users\n_gio\PycharmProjects\PythonProject\PythonProject\.venv\Lib\site-packages\mysql\connector\connection_cext.py", line 755, in cmd_query
    self._cmysql.query(
_mysql_connector.MySQLInterfaceError: Table 'epdatabase.title' doesn't exist

The above exception was the direct cause of the following exception:

Traceback (most recent call last):
  File "C:\Users\n_gio\PycharmProjects\PythonProject\PythonProject\Ptyxiaki\title.py", line 153, in insert_title
    cursor.execute("""
  File "C:\Users\n_gio\PycharmProjects\PythonProject\PythonProject\.venv\Lib\site-packages\mysql\connector\cursor_cext.py", line 351, in execute
    self._connection.cmd_query(
  File "C:\Users\n_gio\PycharmProjects\PythonProject\PythonProject\.venv\Lib\site-packages\mysql\connector\opentelemetry\context_propagation.py", line 97, in wrapper
    return method(cnx, *args, **kwargs)
           ^^^^^^^^^^^^^^^^^^^^^^^^^^^^
  File "C:\Users\n_gio\PycharmProjects\PythonProject\PythonProject\.venv\Lib\site-packages\mysql\connector\connection_cext.py", line 763, in cmd_query
    raise get_mysql_exception(
mysql.connector.errors.ProgrammingError: 1146 (42S02): Table 'epdatabase.title' doesn't exist

[TITLE_PARSE_ERROR] DID 223:
Traceback (most recent call last):
  File "C:\Users\n_gio\PycharmProjects\PythonProject\PythonProject\.venv\Lib\site-packages\mysql\connector\connection_cext.py", line 755, in cmd_query
    self._cmysql.query(
_mysql_connector.MySQLInterfaceError: Table 'epdatabase.title' doesn't exist

The above exception was the direct cause of the following exception:

Traceback (most recent call last):
  File "C:\Users\n_gio\PycharmProjects\PythonProject\PythonProject\Ptyxiaki\title.py", line 153, in insert_title
    cursor.execute("""
  File "C:\Users\n_gio\PycharmProjects\PythonProject\PythonProject\.venv\Lib\site-packages\mysql\connector\cursor_cext.py", line 351, in execute
    self._connection.cmd_query(
  File "C:\Users\n_gio\PycharmProjects\PythonProject\PythonProject\.venv\Lib\site-packages\mysql\connector\opentelemetry\context_propagation.py", line 97, in wrapper
    return method(cnx, *args, **kwargs)
           ^^^^^^^^^^^^^^^^^^^^^^^^^^^^
  File "C:\Users\n_gio\PycharmProjects\PythonProject\PythonProject\.venv\Lib\site-packages\mysql\connector\connection_cext.py", line 763, in cmd_query
    raise get_mysql_exception(
mysql.connector.errors.ProgrammingError: 1146 (42S02): Table 'epdatabase.title' doesn't exist

[TITLE_PARSE_ERROR] DID 223:
Traceback (most recent call last):
  File "C:\Users\n_gio\PycharmProjects\PythonProject\PythonProject\.venv\Lib\site-packages\mysql\connector\connection_cext.py", line 755, in cmd_query
    self._cmysql.query(
_mysql_connector.MySQLInterfaceError: Table 'epdatabase.title' doesn't exist

The above exception was the direct cause of the following exception:

Traceback (most recent call last):
  File "C:\Users\n_gio\PycharmProjects\PythonProject\PythonProject\Ptyxiaki\title.py", line 153, in insert_title
    cursor.execute("""
  File "C:\Users\n_gio\PycharmProjects\PythonProject\PythonProject\.venv\Lib\site-packages\mysql\connector\cursor_cext.py", line 351, in execute
    self._connection.cmd_query(
  File "C:\Users\n_gio\PycharmProjects\PythonProject\PythonProject\.venv\Lib\site-packages\mysql\connector\opentelemetry\context_propagation.py", line 97, in wrapper
    return method(cnx, *args, **kwargs)
           ^^^^^^^^^^^^^^^^^^^^^^^^^^^^
  File "C:\Users\n_gio\PycharmProjects\PythonProject\PythonProject\.venv\Lib\site-packages\mysql\connector\connection_cext.py", line 763, in cmd_query
    raise get_mysql_exception(
mysql.connector.errors.ProgrammingError: 1146 (42S02): Table 'epdatabase.title' doesn't exist

[TITLE_PARSE_ERROR] DID 223:
Traceback (most recent call last):
  File "C:\Users\n_gio\PycharmProjects\PythonProject\PythonProject\.venv\Lib\site-packages\mysql\connector\connection_cext.py", line 755, in cmd_query
    self._cmysql.query(
_mysql_connector.MySQLInterfaceError: Table 'epdatabase.title' doesn't exist

The above exception was the direct cause of the following exception:

Traceback (most recent call last):
  File "C:\Users\n_gio\PycharmProjects\PythonProject\PythonProject\Ptyxiaki\title.py", line 153, in insert_title
    cursor.execute("""
  File "C:\Users\n_gio\PycharmProjects\PythonProject\PythonProject\.venv\Lib\site-packages\mysql\connector\cursor_cext.py", line 351, in execute
    self._connection.cmd_query(
  File "C:\Users\n_gio\PycharmProjects\PythonProject\PythonProject\.venv\Lib\site-packages\mysql\connector\opentelemetry\context_propagation.py", line 97, in wrapper
    return method(cnx, *args, **kwargs)
           ^^^^^^^^^^^^^^^^^^^^^^^^^^^^
  File "C:\Users\n_gio\PycharmProjects\PythonProject\PythonProject\.venv\Lib\site-packages\mysql\connector\connection_cext.py", line 763, in cmd_query
    raise get_mysql_exception(
mysql.connector.errors.ProgrammingError: 1146 (42S02): Table 'epdatabase.title' doesn't exist

[TITLE_PARSE_ERROR] DID 224:
Traceback (most recent call last):
  File "C:\Users\n_gio\PycharmProjects\PythonProject\PythonProject\.venv\Lib\site-packages\mysql\connector\connection_cext.py", line 755, in cmd_query
    self._cmysql.query(
_mysql_connector.MySQLInterfaceError: Table 'epdatabase.title' doesn't exist

The above exception was the direct cause of the following exception:

Traceback (most recent call last):
  File "C:\Users\n_gio\PycharmProjects\PythonProject\PythonProject\Ptyxiaki\title.py", line 153, in insert_title
    cursor.execute("""
  File "C:\Users\n_gio\PycharmProjects\PythonProject\PythonProject\.venv\Lib\site-packages\mysql\connector\cursor_cext.py", line 351, in execute
    self._connection.cmd_query(
  File "C:\Users\n_gio\PycharmProjects\PythonProject\PythonProject\.venv\Lib\site-packages\mysql\connector\opentelemetry\context_propagation.py", line 97, in wrapper
    return method(cnx, *args, **kwargs)
           ^^^^^^^^^^^^^^^^^^^^^^^^^^^^
  File "C:\Users\n_gio\PycharmProjects\PythonProject\PythonProject\.venv\Lib\site-packages\mysql\connector\connection_cext.py", line 763, in cmd_query
    raise get_mysql_exception(
mysql.connector.errors.ProgrammingError: 1146 (42S02): Table 'epdatabase.title' doesn't exist

[TITLE_PARSE_ERROR] DID 224:
Traceback (most recent call last):
  File "C:\Users\n_gio\PycharmProjects\PythonProject\PythonProject\.venv\Lib\site-packages\mysql\connector\connection_cext.py", line 755, in cmd_query
    self._cmysql.query(
_mysql_connector.MySQLInterfaceError: Table 'epdatabase.title' doesn't exist

The above exception was the direct cause of the following exception:

Traceback (most recent call last):
  File "C:\Users\n_gio\PycharmProjects\PythonProject\PythonProject\Ptyxiaki\title.py", line 153, in insert_title
    cursor.execute("""
  File "C:\Users\n_gio\PycharmProjects\PythonProject\PythonProject\.venv\Lib\site-packages\mysql\connector\cursor_cext.py", line 351, in execute
    self._connection.cmd_query(
  File "C:\Users\n_gio\PycharmProjects\PythonProject\PythonProject\.venv\Lib\site-packages\mysql\connector\opentelemetry\context_propagation.py", line 97, in wrapper
    return method(cnx, *args, **kwargs)
           ^^^^^^^^^^^^^^^^^^^^^^^^^^^^
  File "C:\Users\n_gio\PycharmProjects\PythonProject\PythonProject\.venv\Lib\site-packages\mysql\connector\connection_cext.py", line 763, in cmd_query
    raise get_mysql_exception(
mysql.connector.errors.ProgrammingError: 1146 (42S02): Table 'epdatabase.title' doesn't exist

[TITLE_PARSE_ERROR] DID 224:
Traceback (most recent call last):
  File "C:\Users\n_gio\PycharmProjects\PythonProject\PythonProject\.venv\Lib\site-packages\mysql\connector\connection_cext.py", line 755, in cmd_query
    self._cmysql.query(
_mysql_connector.MySQLInterfaceError: Table 'epdatabase.title' doesn't exist

The above exception was the direct cause of the following exception:

Traceback (most recent call last):
  File "C:\Users\n_gio\PycharmProjects\PythonProject\PythonProject\Ptyxiaki\title.py", line 153, in insert_title
    cursor.execute("""
  File "C:\Users\n_gio\PycharmProjects\PythonProject\PythonProject\.venv\Lib\site-packages\mysql\connector\cursor_cext.py", line 351, in execute
    self._connection.cmd_query(
  File "C:\Users\n_gio\PycharmProjects\PythonProject\PythonProject\.venv\Lib\site-packages\mysql\connector\opentelemetry\context_propagation.py", line 97, in wrapper
    return method(cnx, *args, **kwargs)
           ^^^^^^^^^^^^^^^^^^^^^^^^^^^^
  File "C:\Users\n_gio\PycharmProjects\PythonProject\PythonProject\.venv\Lib\site-packages\mysql\connector\connection_cext.py", line 763, in cmd_query
    raise get_mysql_exception(
mysql.connector.errors.ProgrammingError: 1146 (42S02): Table 'epdatabase.title' doesn't exist

[TITLE_PARSE_ERROR] DID 225:
Traceback (most recent call last):
  File "C:\Users\n_gio\PycharmProjects\PythonProject\PythonProject\.venv\Lib\site-packages\mysql\connector\connection_cext.py", line 755, in cmd_query
    self._cmysql.query(
_mysql_connector.MySQLInterfaceError: Table 'epdatabase.title' doesn't exist

The above exception was the direct cause of the following exception:

Traceback (most recent call last):
  File "C:\Users\n_gio\PycharmProjects\PythonProject\PythonProject\Ptyxiaki\title.py", line 153, in insert_title
    cursor.execute("""
  File "C:\Users\n_gio\PycharmProjects\PythonProject\PythonProject\.venv\Lib\site-packages\mysql\connector\cursor_cext.py", line 351, in execute
    self._connection.cmd_query(
  File "C:\Users\n_gio\PycharmProjects\PythonProject\PythonProject\.venv\Lib\site-packages\mysql\connector\opentelemetry\context_propagation.py", line 97, in wrapper
    return method(cnx, *args, **kwargs)
           ^^^^^^^^^^^^^^^^^^^^^^^^^^^^
  File "C:\Users\n_gio\PycharmProjects\PythonProject\PythonProject\.venv\Lib\site-packages\mysql\connector\connection_cext.py", line 763, in cmd_query
    raise get_mysql_exception(
mysql.connector.errors.ProgrammingError: 1146 (42S02): Table 'epdatabase.title' doesn't exist

[TITLE_PARSE_ERROR] DID 225:
Traceback (most recent call last):
  File "C:\Users\n_gio\PycharmProjects\PythonProject\PythonProject\.venv\Lib\site-packages\mysql\connector\connection_cext.py", line 755, in cmd_query
    self._cmysql.query(
_mysql_connector.MySQLInterfaceError: Table 'epdatabase.title' doesn't exist

The above exception was the direct cause of the following exception:

Traceback (most recent call last):
  File "C:\Users\n_gio\PycharmProjects\PythonProject\PythonProject\Ptyxiaki\title.py", line 153, in insert_title
    cursor.execute("""
  File "C:\Users\n_gio\PycharmProjects\PythonProject\PythonProject\.venv\Lib\site-packages\mysql\connector\cursor_cext.py", line 351, in execute
    self._connection.cmd_query(
  File "C:\Users\n_gio\PycharmProjects\PythonProject\PythonProject\.venv\Lib\site-packages\mysql\connector\opentelemetry\context_propagation.py", line 97, in wrapper
    return method(cnx, *args, **kwargs)
           ^^^^^^^^^^^^^^^^^^^^^^^^^^^^
  File "C:\Users\n_gio\PycharmProjects\PythonProject\PythonProject\.venv\Lib\site-packages\mysql\connector\connection_cext.py", line 763, in cmd_query
    raise get_mysql_exception(
mysql.connector.errors.ProgrammingError: 1146 (42S02): Table 'epdatabase.title' doesn't exist

[TITLE_PARSE_ERROR] DID 225:
Traceback (most recent call last):
  File "C:\Users\n_gio\PycharmProjects\PythonProject\PythonProject\.venv\Lib\site-packages\mysql\connector\connection_cext.py", line 755, in cmd_query
    self._cmysql.query(
_mysql_connector.MySQLInterfaceError: Table 'epdatabase.title' doesn't exist

The above exception was the direct cause of the following exception:

Traceback (most recent call last):
  File "C:\Users\n_gio\PycharmProjects\PythonProject\PythonProject\Ptyxiaki\title.py", line 153, in insert_title
    cursor.execute("""
  File "C:\Users\n_gio\PycharmProjects\PythonProject\PythonProject\.venv\Lib\site-packages\mysql\connector\cursor_cext.py", line 351, in execute
    self._connection.cmd_query(
  File "C:\Users\n_gio\PycharmProjects\PythonProject\PythonProject\.venv\Lib\site-packages\mysql\connector\opentelemetry\context_propagation.py", line 97, in wrapper
    return method(cnx, *args, **kwargs)
           ^^^^^^^^^^^^^^^^^^^^^^^^^^^^
  File "C:\Users\n_gio\PycharmProjects\PythonProject\PythonProject\.venv\Lib\site-packages\mysql\connector\connection_cext.py", line 763, in cmd_query
    raise get_mysql_exception(
mysql.connector.errors.ProgrammingError: 1146 (42S02): Table 'epdatabase.title' doesn't exist

[TITLE_PARSE_ERROR] DID 226:
Traceback (most recent call last):
  File "C:\Users\n_gio\PycharmProjects\PythonProject\PythonProject\.venv\Lib\site-packages\mysql\connector\connection_cext.py", line 755, in cmd_query
    self._cmysql.query(
_mysql_connector.MySQLInterfaceError: Table 'epdatabase.title' doesn't exist

The above exception was the direct cause of the following exception:

Traceback (most recent call last):
  File "C:\Users\n_gio\PycharmProjects\PythonProject\PythonProject\Ptyxiaki\title.py", line 153, in insert_title
    cursor.execute("""
  File "C:\Users\n_gio\PycharmProjects\PythonProject\PythonProject\.venv\Lib\site-packages\mysql\connector\cursor_cext.py", line 351, in execute
    self._connection.cmd_query(
  File "C:\Users\n_gio\PycharmProjects\PythonProject\PythonProject\.venv\Lib\site-packages\mysql\connector\opentelemetry\context_propagation.py", line 97, in wrapper
    return method(cnx, *args, **kwargs)
           ^^^^^^^^^^^^^^^^^^^^^^^^^^^^
  File "C:\Users\n_gio\PycharmProjects\PythonProject\PythonProject\.venv\Lib\site-packages\mysql\connector\connection_cext.py", line 763, in cmd_query
    raise get_mysql_exception(
mysql.connector.errors.ProgrammingError: 1146 (42S02): Table 'epdatabase.title' doesn't exist

[TITLE_PARSE_ERROR] DID 226:
Traceback (most recent call last):
  File "C:\Users\n_gio\PycharmProjects\PythonProject\PythonProject\.venv\Lib\site-packages\mysql\connector\connection_cext.py", line 755, in cmd_query
    self._cmysql.query(
_mysql_connector.MySQLInterfaceError: Table 'epdatabase.title' doesn't exist

The above exception was the direct cause of the following exception:

Traceback (most recent call last):
  File "C:\Users\n_gio\PycharmProjects\PythonProject\PythonProject\Ptyxiaki\title.py", line 153, in insert_title
    cursor.execute("""
  File "C:\Users\n_gio\PycharmProjects\PythonProject\PythonProject\.venv\Lib\site-packages\mysql\connector\cursor_cext.py", line 351, in execute
    self._connection.cmd_query(
  File "C:\Users\n_gio\PycharmProjects\PythonProject\PythonProject\.venv\Lib\site-packages\mysql\connector\opentelemetry\context_propagation.py", line 97, in wrapper
    return method(cnx, *args, **kwargs)
           ^^^^^^^^^^^^^^^^^^^^^^^^^^^^
  File "C:\Users\n_gio\PycharmProjects\PythonProject\PythonProject\.venv\Lib\site-packages\mysql\connector\connection_cext.py", line 763, in cmd_query
    raise get_mysql_exception(
mysql.connector.errors.ProgrammingError: 1146 (42S02): Table 'epdatabase.title' doesn't exist

[TITLE_PARSE_ERROR] DID 226:
Traceback (most recent call last):
  File "C:\Users\n_gio\PycharmProjects\PythonProject\PythonProject\.venv\Lib\site-packages\mysql\connector\connection_cext.py", line 755, in cmd_query
    self._cmysql.query(
_mysql_connector.MySQLInterfaceError: Table 'epdatabase.title' doesn't exist

The above exception was the direct cause of the following exception:

Traceback (most recent call last):
  File "C:\Users\n_gio\PycharmProjects\PythonProject\PythonProject\Ptyxiaki\title.py", line 153, in insert_title
    cursor.execute("""
  File "C:\Users\n_gio\PycharmProjects\PythonProject\PythonProject\.venv\Lib\site-packages\mysql\connector\cursor_cext.py", line 351, in execute
    self._connection.cmd_query(
  File "C:\Users\n_gio\PycharmProjects\PythonProject\PythonProject\.venv\Lib\site-packages\mysql\connector\opentelemetry\context_propagation.py", line 97, in wrapper
    return method(cnx, *args, **kwargs)
           ^^^^^^^^^^^^^^^^^^^^^^^^^^^^
  File "C:\Users\n_gio\PycharmProjects\PythonProject\PythonProject\.venv\Lib\site-packages\mysql\connector\connection_cext.py", line 763, in cmd_query
    raise get_mysql_exception(
mysql.connector.errors.ProgrammingError: 1146 (42S02): Table 'epdatabase.title' doesn't exist

[TITLE_PARSE_ERROR] DID 227:
Traceback (most recent call last):
  File "C:\Users\n_gio\PycharmProjects\PythonProject\PythonProject\.venv\Lib\site-packages\mysql\connector\connection_cext.py", line 755, in cmd_query
    self._cmysql.query(
_mysql_connector.MySQLInterfaceError: Table 'epdatabase.title' doesn't exist

The above exception was the direct cause of the following exception:

Traceback (most recent call last):
  File "C:\Users\n_gio\PycharmProjects\PythonProject\PythonProject\Ptyxiaki\title.py", line 153, in insert_title
    cursor.execute("""
  File "C:\Users\n_gio\PycharmProjects\PythonProject\PythonProject\.venv\Lib\site-packages\mysql\connector\cursor_cext.py", line 351, in execute
    self._connection.cmd_query(
  File "C:\Users\n_gio\PycharmProjects\PythonProject\PythonProject\.venv\Lib\site-packages\mysql\connector\opentelemetry\context_propagation.py", line 97, in wrapper
    return method(cnx, *args, **kwargs)
           ^^^^^^^^^^^^^^^^^^^^^^^^^^^^
  File "C:\Users\n_gio\PycharmProjects\PythonProject\PythonProject\.venv\Lib\site-packages\mysql\connector\connection_cext.py", line 763, in cmd_query
    raise get_mysql_exception(
mysql.connector.errors.ProgrammingError: 1146 (42S02): Table 'epdatabase.title' doesn't exist

[TITLE_PARSE_ERROR] DID 227:
Traceback (most recent call last):
  File "C:\Users\n_gio\PycharmProjects\PythonProject\PythonProject\.venv\Lib\site-packages\mysql\connector\connection_cext.py", line 755, in cmd_query
    self._cmysql.query(
_mysql_connector.MySQLInterfaceError: Table 'epdatabase.title' doesn't exist

The above exception was the direct cause of the following exception:

Traceback (most recent call last):
  File "C:\Users\n_gio\PycharmProjects\PythonProject\PythonProject\Ptyxiaki\title.py", line 153, in insert_title
    cursor.execute("""
  File "C:\Users\n_gio\PycharmProjects\PythonProject\PythonProject\.venv\Lib\site-packages\mysql\connector\cursor_cext.py", line 351, in execute
    self._connection.cmd_query(
  File "C:\Users\n_gio\PycharmProjects\PythonProject\PythonProject\.venv\Lib\site-packages\mysql\connector\opentelemetry\context_propagation.py", line 97, in wrapper
    return method(cnx, *args, **kwargs)
           ^^^^^^^^^^^^^^^^^^^^^^^^^^^^
  File "C:\Users\n_gio\PycharmProjects\PythonProject\PythonProject\.venv\Lib\site-packages\mysql\connector\connection_cext.py", line 763, in cmd_query
    raise get_mysql_exception(
mysql.connector.errors.ProgrammingError: 1146 (42S02): Table 'epdatabase.title' doesn't exist

[TITLE_PARSE_ERROR] DID 227:
Traceback (most recent call last):
  File "C:\Users\n_gio\PycharmProjects\PythonProject\PythonProject\.venv\Lib\site-packages\mysql\connector\connection_cext.py", line 755, in cmd_query
    self._cmysql.query(
_mysql_connector.MySQLInterfaceError: Table 'epdatabase.title' doesn't exist

The above exception was the direct cause of the following exception:

Traceback (most recent call last):
  File "C:\Users\n_gio\PycharmProjects\PythonProject\PythonProject\Ptyxiaki\title.py", line 153, in insert_title
    cursor.execute("""
  File "C:\Users\n_gio\PycharmProjects\PythonProject\PythonProject\.venv\Lib\site-packages\mysql\connector\cursor_cext.py", line 351, in execute
    self._connection.cmd_query(
  File "C:\Users\n_gio\PycharmProjects\PythonProject\PythonProject\.venv\Lib\site-packages\mysql\connector\opentelemetry\context_propagation.py", line 97, in wrapper
    return method(cnx, *args, **kwargs)
           ^^^^^^^^^^^^^^^^^^^^^^^^^^^^
  File "C:\Users\n_gio\PycharmProjects\PythonProject\PythonProject\.venv\Lib\site-packages\mysql\connector\connection_cext.py", line 763, in cmd_query
    raise get_mysql_exception(
mysql.connector.errors.ProgrammingError: 1146 (42S02): Table 'epdatabase.title' doesn't exist

[TITLE_PARSE_ERROR] DID 228:
Traceback (most recent call last):
  File "C:\Users\n_gio\PycharmProjects\PythonProject\PythonProject\.venv\Lib\site-packages\mysql\connector\connection_cext.py", line 755, in cmd_query
    self._cmysql.query(
_mysql_connector.MySQLInterfaceError: Table 'epdatabase.title' doesn't exist

The above exception was the direct cause of the following exception:

Traceback (most recent call last):
  File "C:\Users\n_gio\PycharmProjects\PythonProject\PythonProject\Ptyxiaki\title.py", line 153, in insert_title
    cursor.execute("""
  File "C:\Users\n_gio\PycharmProjects\PythonProject\PythonProject\.venv\Lib\site-packages\mysql\connector\cursor_cext.py", line 351, in execute
    self._connection.cmd_query(
  File "C:\Users\n_gio\PycharmProjects\PythonProject\PythonProject\.venv\Lib\site-packages\mysql\connector\opentelemetry\context_propagation.py", line 97, in wrapper
    return method(cnx, *args, **kwargs)
           ^^^^^^^^^^^^^^^^^^^^^^^^^^^^
  File "C:\Users\n_gio\PycharmProjects\PythonProject\PythonProject\.venv\Lib\site-packages\mysql\connector\connection_cext.py", line 763, in cmd_query
    raise get_mysql_exception(
mysql.connector.errors.ProgrammingError: 1146 (42S02): Table 'epdatabase.title' doesn't exist

[TITLE_PARSE_ERROR] DID 228:
Traceback (most recent call last):
  File "C:\Users\n_gio\PycharmProjects\PythonProject\PythonProject\.venv\Lib\site-packages\mysql\connector\connection_cext.py", line 755, in cmd_query
    self._cmysql.query(
_mysql_connector.MySQLInterfaceError: Table 'epdatabase.title' doesn't exist

The above exception was the direct cause of the following exception:

Traceback (most recent call last):
  File "C:\Users\n_gio\PycharmProjects\PythonProject\PythonProject\Ptyxiaki\title.py", line 153, in insert_title
    cursor.execute("""
  File "C:\Users\n_gio\PycharmProjects\PythonProject\PythonProject\.venv\Lib\site-packages\mysql\connector\cursor_cext.py", line 351, in execute
    self._connection.cmd_query(
  File "C:\Users\n_gio\PycharmProjects\PythonProject\PythonProject\.venv\Lib\site-packages\mysql\connector\opentelemetry\context_propagation.py", line 97, in wrapper
    return method(cnx, *args, **kwargs)
           ^^^^^^^^^^^^^^^^^^^^^^^^^^^^
  File "C:\Users\n_gio\PycharmProjects\PythonProject\PythonProject\.venv\Lib\site-packages\mysql\connector\connection_cext.py", line 763, in cmd_query
    raise get_mysql_exception(
mysql.connector.errors.ProgrammingError: 1146 (42S02): Table 'epdatabase.title' doesn't exist

[TITLE_PARSE_ERROR] DID 228:
Traceback (most recent call last):
  File "C:\Users\n_gio\PycharmProjects\PythonProject\PythonProject\.venv\Lib\site-packages\mysql\connector\connection_cext.py", line 755, in cmd_query
    self._cmysql.query(
_mysql_connector.MySQLInterfaceError: Table 'epdatabase.title' doesn't exist

The above exception was the direct cause of the following exception:

Traceback (most recent call last):
  File "C:\Users\n_gio\PycharmProjects\PythonProject\PythonProject\Ptyxiaki\title.py", line 153, in insert_title
    cursor.execute("""
  File "C:\Users\n_gio\PycharmProjects\PythonProject\PythonProject\.venv\Lib\site-packages\mysql\connector\cursor_cext.py", line 351, in execute
    self._connection.cmd_query(
  File "C:\Users\n_gio\PycharmProjects\PythonProject\PythonProject\.venv\Lib\site-packages\mysql\connector\opentelemetry\context_propagation.py", line 97, in wrapper
    return method(cnx, *args, **kwargs)
           ^^^^^^^^^^^^^^^^^^^^^^^^^^^^
  File "C:\Users\n_gio\PycharmProjects\PythonProject\PythonProject\.venv\Lib\site-packages\mysql\connector\connection_cext.py", line 763, in cmd_query
    raise get_mysql_exception(
mysql.connector.errors.ProgrammingError: 1146 (42S02): Table 'epdatabase.title' doesn't exist

[TITLE_PARSE_ERROR] DID 229:
Traceback (most recent call last):
  File "C:\Users\n_gio\PycharmProjects\PythonProject\PythonProject\.venv\Lib\site-packages\mysql\connector\connection_cext.py", line 755, in cmd_query
    self._cmysql.query(
_mysql_connector.MySQLInterfaceError: Table 'epdatabase.title' doesn't exist

The above exception was the direct cause of the following exception:

Traceback (most recent call last):
  File "C:\Users\n_gio\PycharmProjects\PythonProject\PythonProject\Ptyxiaki\title.py", line 153, in insert_title
    cursor.execute("""
  File "C:\Users\n_gio\PycharmProjects\PythonProject\PythonProject\.venv\Lib\site-packages\mysql\connector\cursor_cext.py", line 351, in execute
    self._connection.cmd_query(
  File "C:\Users\n_gio\PycharmProjects\PythonProject\PythonProject\.venv\Lib\site-packages\mysql\connector\opentelemetry\context_propagation.py", line 97, in wrapper
    return method(cnx, *args, **kwargs)
           ^^^^^^^^^^^^^^^^^^^^^^^^^^^^
  File "C:\Users\n_gio\PycharmProjects\PythonProject\PythonProject\.venv\Lib\site-packages\mysql\connector\connection_cext.py", line 763, in cmd_query
    raise get_mysql_exception(
mysql.connector.errors.ProgrammingError: 1146 (42S02): Table 'epdatabase.title' doesn't exist

[TITLE_PARSE_ERROR] DID 229:
Traceback (most recent call last):
  File "C:\Users\n_gio\PycharmProjects\PythonProject\PythonProject\.venv\Lib\site-packages\mysql\connector\connection_cext.py", line 755, in cmd_query
    self._cmysql.query(
_mysql_connector.MySQLInterfaceError: Table 'epdatabase.title' doesn't exist

The above exception was the direct cause of the following exception:

Traceback (most recent call last):
  File "C:\Users\n_gio\PycharmProjects\PythonProject\PythonProject\Ptyxiaki\title.py", line 153, in insert_title
    cursor.execute("""
  File "C:\Users\n_gio\PycharmProjects\PythonProject\PythonProject\.venv\Lib\site-packages\mysql\connector\cursor_cext.py", line 351, in execute
    self._connection.cmd_query(
  File "C:\Users\n_gio\PycharmProjects\PythonProject\PythonProject\.venv\Lib\site-packages\mysql\connector\opentelemetry\context_propagation.py", line 97, in wrapper
    return method(cnx, *args, **kwargs)
           ^^^^^^^^^^^^^^^^^^^^^^^^^^^^
  File "C:\Users\n_gio\PycharmProjects\PythonProject\PythonProject\.venv\Lib\site-packages\mysql\connector\connection_cext.py", line 763, in cmd_query
    raise get_mysql_exception(
mysql.connector.errors.ProgrammingError: 1146 (42S02): Table 'epdatabase.title' doesn't exist

[TITLE_PARSE_ERROR] DID 229:
Traceback (most recent call last):
  File "C:\Users\n_gio\PycharmProjects\PythonProject\PythonProject\.venv\Lib\site-packages\mysql\connector\connection_cext.py", line 755, in cmd_query
    self._cmysql.query(
_mysql_connector.MySQLInterfaceError: Table 'epdatabase.title' doesn't exist

The above exception was the direct cause of the following exception:

Traceback (most recent call last):
  File "C:\Users\n_gio\PycharmProjects\PythonProject\PythonProject\Ptyxiaki\title.py", line 153, in insert_title
    cursor.execute("""
  File "C:\Users\n_gio\PycharmProjects\PythonProject\PythonProject\.venv\Lib\site-packages\mysql\connector\cursor_cext.py", line 351, in execute
    self._connection.cmd_query(
  File "C:\Users\n_gio\PycharmProjects\PythonProject\PythonProject\.venv\Lib\site-packages\mysql\connector\opentelemetry\context_propagation.py", line 97, in wrapper
    return method(cnx, *args, **kwargs)
           ^^^^^^^^^^^^^^^^^^^^^^^^^^^^
  File "C:\Users\n_gio\PycharmProjects\PythonProject\PythonProject\.venv\Lib\site-packages\mysql\connector\connection_cext.py", line 763, in cmd_query
    raise get_mysql_exception(
mysql.connector.errors.ProgrammingError: 1146 (42S02): Table 'epdatabase.title' doesn't exist

[TITLE_PARSE_ERROR] DID 230:
Traceback (most recent call last):
  File "C:\Users\n_gio\PycharmProjects\PythonProject\PythonProject\.venv\Lib\site-packages\mysql\connector\connection_cext.py", line 755, in cmd_query
    self._cmysql.query(
_mysql_connector.MySQLInterfaceError: Table 'epdatabase.title' doesn't exist

The above exception was the direct cause of the following exception:

Traceback (most recent call last):
  File "C:\Users\n_gio\PycharmProjects\PythonProject\PythonProject\Ptyxiaki\title.py", line 153, in insert_title
    cursor.execute("""
  File "C:\Users\n_gio\PycharmProjects\PythonProject\PythonProject\.venv\Lib\site-packages\mysql\connector\cursor_cext.py", line 351, in execute
    self._connection.cmd_query(
  File "C:\Users\n_gio\PycharmProjects\PythonProject\PythonProject\.venv\Lib\site-packages\mysql\connector\opentelemetry\context_propagation.py", line 97, in wrapper
    return method(cnx, *args, **kwargs)
           ^^^^^^^^^^^^^^^^^^^^^^^^^^^^
  File "C:\Users\n_gio\PycharmProjects\PythonProject\PythonProject\.venv\Lib\site-packages\mysql\connector\connection_cext.py", line 763, in cmd_query
    raise get_mysql_exception(
mysql.connector.errors.ProgrammingError: 1146 (42S02): Table 'epdatabase.title' doesn't exist

[TITLE_PARSE_ERROR] DID 230:
Traceback (most recent call last):
  File "C:\Users\n_gio\PycharmProjects\PythonProject\PythonProject\.venv\Lib\site-packages\mysql\connector\connection_cext.py", line 755, in cmd_query
    self._cmysql.query(
_mysql_connector.MySQLInterfaceError: Table 'epdatabase.title' doesn't exist

The above exception was the direct cause of the following exception:

Traceback (most recent call last):
  File "C:\Users\n_gio\PycharmProjects\PythonProject\PythonProject\Ptyxiaki\title.py", line 153, in insert_title
    cursor.execute("""
  File "C:\Users\n_gio\PycharmProjects\PythonProject\PythonProject\.venv\Lib\site-packages\mysql\connector\cursor_cext.py", line 351, in execute
    self._connection.cmd_query(
  File "C:\Users\n_gio\PycharmProjects\PythonProject\PythonProject\.venv\Lib\site-packages\mysql\connector\opentelemetry\context_propagation.py", line 97, in wrapper
    return method(cnx, *args, **kwargs)
           ^^^^^^^^^^^^^^^^^^^^^^^^^^^^
  File "C:\Users\n_gio\PycharmProjects\PythonProject\PythonProject\.venv\Lib\site-packages\mysql\connector\connection_cext.py", line 763, in cmd_query
    raise get_mysql_exception(
mysql.connector.errors.ProgrammingError: 1146 (42S02): Table 'epdatabase.title' doesn't exist

[TITLE_PARSE_ERROR] DID 230:
Traceback (most recent call last):
  File "C:\Users\n_gio\PycharmProjects\PythonProject\PythonProject\.venv\Lib\site-packages\mysql\connector\connection_cext.py", line 755, in cmd_query
    self._cmysql.query(
_mysql_connector.MySQLInterfaceError: Table 'epdatabase.title' doesn't exist

The above exception was the direct cause of the following exception:

Traceback (most recent call last):
  File "C:\Users\n_gio\PycharmProjects\PythonProject\PythonProject\Ptyxiaki\title.py", line 153, in insert_title
    cursor.execute("""
  File "C:\Users\n_gio\PycharmProjects\PythonProject\PythonProject\.venv\Lib\site-packages\mysql\connector\cursor_cext.py", line 351, in execute
    self._connection.cmd_query(
  File "C:\Users\n_gio\PycharmProjects\PythonProject\PythonProject\.venv\Lib\site-packages\mysql\connector\opentelemetry\context_propagation.py", line 97, in wrapper
    return method(cnx, *args, **kwargs)
           ^^^^^^^^^^^^^^^^^^^^^^^^^^^^
  File "C:\Users\n_gio\PycharmProjects\PythonProject\PythonProject\.venv\Lib\site-packages\mysql\connector\connection_cext.py", line 763, in cmd_query
    raise get_mysql_exception(
mysql.connector.errors.ProgrammingError: 1146 (42S02): Table 'epdatabase.title' doesn't exist

[TITLE_PARSE_ERROR] DID 231:
Traceback (most recent call last):
  File "C:\Users\n_gio\PycharmProjects\PythonProject\PythonProject\.venv\Lib\site-packages\mysql\connector\connection_cext.py", line 755, in cmd_query
    self._cmysql.query(
_mysql_connector.MySQLInterfaceError: Table 'epdatabase.title' doesn't exist

The above exception was the direct cause of the following exception:

Traceback (most recent call last):
  File "C:\Users\n_gio\PycharmProjects\PythonProject\PythonProject\Ptyxiaki\title.py", line 153, in insert_title
    cursor.execute("""
  File "C:\Users\n_gio\PycharmProjects\PythonProject\PythonProject\.venv\Lib\site-packages\mysql\connector\cursor_cext.py", line 351, in execute
    self._connection.cmd_query(
  File "C:\Users\n_gio\PycharmProjects\PythonProject\PythonProject\.venv\Lib\site-packages\mysql\connector\opentelemetry\context_propagation.py", line 97, in wrapper
    return method(cnx, *args, **kwargs)
           ^^^^^^^^^^^^^^^^^^^^^^^^^^^^
  File "C:\Users\n_gio\PycharmProjects\PythonProject\PythonProject\.venv\Lib\site-packages\mysql\connector\connection_cext.py", line 763, in cmd_query
    raise get_mysql_exception(
mysql.connector.errors.ProgrammingError: 1146 (42S02): Table 'epdatabase.title' doesn't exist

[TITLE_PARSE_ERROR] DID 231:
Traceback (most recent call last):
  File "C:\Users\n_gio\PycharmProjects\PythonProject\PythonProject\.venv\Lib\site-packages\mysql\connector\connection_cext.py", line 755, in cmd_query
    self._cmysql.query(
_mysql_connector.MySQLInterfaceError: Table 'epdatabase.title' doesn't exist

The above exception was the direct cause of the following exception:

Traceback (most recent call last):
  File "C:\Users\n_gio\PycharmProjects\PythonProject\PythonProject\Ptyxiaki\title.py", line 153, in insert_title
    cursor.execute("""
  File "C:\Users\n_gio\PycharmProjects\PythonProject\PythonProject\.venv\Lib\site-packages\mysql\connector\cursor_cext.py", line 351, in execute
    self._connection.cmd_query(
  File "C:\Users\n_gio\PycharmProjects\PythonProject\PythonProject\.venv\Lib\site-packages\mysql\connector\opentelemetry\context_propagation.py", line 97, in wrapper
    return method(cnx, *args, **kwargs)
           ^^^^^^^^^^^^^^^^^^^^^^^^^^^^
  File "C:\Users\n_gio\PycharmProjects\PythonProject\PythonProject\.venv\Lib\site-packages\mysql\connector\connection_cext.py", line 763, in cmd_query
    raise get_mysql_exception(
mysql.connector.errors.ProgrammingError: 1146 (42S02): Table 'epdatabase.title' doesn't exist

[TITLE_PARSE_ERROR] DID 231:
Traceback (most recent call last):
  File "C:\Users\n_gio\PycharmProjects\PythonProject\PythonProject\.venv\Lib\site-packages\mysql\connector\connection_cext.py", line 755, in cmd_query
    self._cmysql.query(
_mysql_connector.MySQLInterfaceError: Table 'epdatabase.title' doesn't exist

The above exception was the direct cause of the following exception:

Traceback (most recent call last):
  File "C:\Users\n_gio\PycharmProjects\PythonProject\PythonProject\Ptyxiaki\title.py", line 153, in insert_title
    cursor.execute("""
  File "C:\Users\n_gio\PycharmProjects\PythonProject\PythonProject\.venv\Lib\site-packages\mysql\connector\cursor_cext.py", line 351, in execute
    self._connection.cmd_query(
  File "C:\Users\n_gio\PycharmProjects\PythonProject\PythonProject\.venv\Lib\site-packages\mysql\connector\opentelemetry\context_propagation.py", line 97, in wrapper
    return method(cnx, *args, **kwargs)
           ^^^^^^^^^^^^^^^^^^^^^^^^^^^^
  File "C:\Users\n_gio\PycharmProjects\PythonProject\PythonProject\.venv\Lib\site-packages\mysql\connector\connection_cext.py", line 763, in cmd_query
    raise get_mysql_exception(
mysql.connector.errors.ProgrammingError: 1146 (42S02): Table 'epdatabase.title' doesn't exist

[TITLE_PARSE_ERROR] DID 232:
Traceback (most recent call last):
  File "C:\Users\n_gio\PycharmProjects\PythonProject\PythonProject\.venv\Lib\site-packages\mysql\connector\connection_cext.py", line 755, in cmd_query
    self._cmysql.query(
_mysql_connector.MySQLInterfaceError: Table 'epdatabase.title' doesn't exist

The above exception was the direct cause of the following exception:

Traceback (most recent call last):
  File "C:\Users\n_gio\PycharmProjects\PythonProject\PythonProject\Ptyxiaki\title.py", line 153, in insert_title
    cursor.execute("""
  File "C:\Users\n_gio\PycharmProjects\PythonProject\PythonProject\.venv\Lib\site-packages\mysql\connector\cursor_cext.py", line 351, in execute
    self._connection.cmd_query(
  File "C:\Users\n_gio\PycharmProjects\PythonProject\PythonProject\.venv\Lib\site-packages\mysql\connector\opentelemetry\context_propagation.py", line 97, in wrapper
    return method(cnx, *args, **kwargs)
           ^^^^^^^^^^^^^^^^^^^^^^^^^^^^
  File "C:\Users\n_gio\PycharmProjects\PythonProject\PythonProject\.venv\Lib\site-packages\mysql\connector\connection_cext.py", line 763, in cmd_query
    raise get_mysql_exception(
mysql.connector.errors.ProgrammingError: 1146 (42S02): Table 'epdatabase.title' doesn't exist

[TITLE_PARSE_ERROR] DID 232:
Traceback (most recent call last):
  File "C:\Users\n_gio\PycharmProjects\PythonProject\PythonProject\.venv\Lib\site-packages\mysql\connector\connection_cext.py", line 755, in cmd_query
    self._cmysql.query(
_mysql_connector.MySQLInterfaceError: Table 'epdatabase.title' doesn't exist

The above exception was the direct cause of the following exception:

Traceback (most recent call last):
  File "C:\Users\n_gio\PycharmProjects\PythonProject\PythonProject\Ptyxiaki\title.py", line 153, in insert_title
    cursor.execute("""
  File "C:\Users\n_gio\PycharmProjects\PythonProject\PythonProject\.venv\Lib\site-packages\mysql\connector\cursor_cext.py", line 351, in execute
    self._connection.cmd_query(
  File "C:\Users\n_gio\PycharmProjects\PythonProject\PythonProject\.venv\Lib\site-packages\mysql\connector\opentelemetry\context_propagation.py", line 97, in wrapper
    return method(cnx, *args, **kwargs)
           ^^^^^^^^^^^^^^^^^^^^^^^^^^^^
  File "C:\Users\n_gio\PycharmProjects\PythonProject\PythonProject\.venv\Lib\site-packages\mysql\connector\connection_cext.py", line 763, in cmd_query
    raise get_mysql_exception(
mysql.connector.errors.ProgrammingError: 1146 (42S02): Table 'epdatabase.title' doesn't exist

[TITLE_PARSE_ERROR] DID 232:
Traceback (most recent call last):
  File "C:\Users\n_gio\PycharmProjects\PythonProject\PythonProject\.venv\Lib\site-packages\mysql\connector\connection_cext.py", line 755, in cmd_query
    self._cmysql.query(
_mysql_connector.MySQLInterfaceError: Table 'epdatabase.title' doesn't exist

The above exception was the direct cause of the following exception:

Traceback (most recent call last):
  File "C:\Users\n_gio\PycharmProjects\PythonProject\PythonProject\Ptyxiaki\title.py", line 153, in insert_title
    cursor.execute("""
  File "C:\Users\n_gio\PycharmProjects\PythonProject\PythonProject\.venv\Lib\site-packages\mysql\connector\cursor_cext.py", line 351, in execute
    self._connection.cmd_query(
  File "C:\Users\n_gio\PycharmProjects\PythonProject\PythonProject\.venv\Lib\site-packages\mysql\connector\opentelemetry\context_propagation.py", line 97, in wrapper
    return method(cnx, *args, **kwargs)
           ^^^^^^^^^^^^^^^^^^^^^^^^^^^^
  File "C:\Users\n_gio\PycharmProjects\PythonProject\PythonProject\.venv\Lib\site-packages\mysql\connector\connection_cext.py", line 763, in cmd_query
    raise get_mysql_exception(
mysql.connector.errors.ProgrammingError: 1146 (42S02): Table 'epdatabase.title' doesn't exist

[TITLE_PARSE_ERROR] DID 233:
Traceback (most recent call last):
  File "C:\Users\n_gio\PycharmProjects\PythonProject\PythonProject\.venv\Lib\site-packages\mysql\connector\connection_cext.py", line 755, in cmd_query
    self._cmysql.query(
_mysql_connector.MySQLInterfaceError: Table 'epdatabase.title' doesn't exist

The above exception was the direct cause of the following exception:

Traceback (most recent call last):
  File "C:\Users\n_gio\PycharmProjects\PythonProject\PythonProject\Ptyxiaki\title.py", line 153, in insert_title
    cursor.execute("""
  File "C:\Users\n_gio\PycharmProjects\PythonProject\PythonProject\.venv\Lib\site-packages\mysql\connector\cursor_cext.py", line 351, in execute
    self._connection.cmd_query(
  File "C:\Users\n_gio\PycharmProjects\PythonProject\PythonProject\.venv\Lib\site-packages\mysql\connector\opentelemetry\context_propagation.py", line 97, in wrapper
    return method(cnx, *args, **kwargs)
           ^^^^^^^^^^^^^^^^^^^^^^^^^^^^
  File "C:\Users\n_gio\PycharmProjects\PythonProject\PythonProject\.venv\Lib\site-packages\mysql\connector\connection_cext.py", line 763, in cmd_query
    raise get_mysql_exception(
mysql.connector.errors.ProgrammingError: 1146 (42S02): Table 'epdatabase.title' doesn't exist

[TITLE_PARSE_ERROR] DID 233:
Traceback (most recent call last):
  File "C:\Users\n_gio\PycharmProjects\PythonProject\PythonProject\.venv\Lib\site-packages\mysql\connector\connection_cext.py", line 755, in cmd_query
    self._cmysql.query(
_mysql_connector.MySQLInterfaceError: Table 'epdatabase.title' doesn't exist

The above exception was the direct cause of the following exception:

Traceback (most recent call last):
  File "C:\Users\n_gio\PycharmProjects\PythonProject\PythonProject\Ptyxiaki\title.py", line 153, in insert_title
    cursor.execute("""
  File "C:\Users\n_gio\PycharmProjects\PythonProject\PythonProject\.venv\Lib\site-packages\mysql\connector\cursor_cext.py", line 351, in execute
    self._connection.cmd_query(
  File "C:\Users\n_gio\PycharmProjects\PythonProject\PythonProject\.venv\Lib\site-packages\mysql\connector\opentelemetry\context_propagation.py", line 97, in wrapper
    return method(cnx, *args, **kwargs)
           ^^^^^^^^^^^^^^^^^^^^^^^^^^^^
  File "C:\Users\n_gio\PycharmProjects\PythonProject\PythonProject\.venv\Lib\site-packages\mysql\connector\connection_cext.py", line 763, in cmd_query
    raise get_mysql_exception(
mysql.connector.errors.ProgrammingError: 1146 (42S02): Table 'epdatabase.title' doesn't exist

[TITLE_PARSE_ERROR] DID 233:
Traceback (most recent call last):
  File "C:\Users\n_gio\PycharmProjects\PythonProject\PythonProject\.venv\Lib\site-packages\mysql\connector\connection_cext.py", line 755, in cmd_query
    self._cmysql.query(
_mysql_connector.MySQLInterfaceError: Table 'epdatabase.title' doesn't exist

The above exception was the direct cause of the following exception:

Traceback (most recent call last):
  File "C:\Users\n_gio\PycharmProjects\PythonProject\PythonProject\Ptyxiaki\title.py", line 153, in insert_title
    cursor.execute("""
  File "C:\Users\n_gio\PycharmProjects\PythonProject\PythonProject\.venv\Lib\site-packages\mysql\connector\cursor_cext.py", line 351, in execute
    self._connection.cmd_query(
  File "C:\Users\n_gio\PycharmProjects\PythonProject\PythonProject\.venv\Lib\site-packages\mysql\connector\opentelemetry\context_propagation.py", line 97, in wrapper
    return method(cnx, *args, **kwargs)
           ^^^^^^^^^^^^^^^^^^^^^^^^^^^^
  File "C:\Users\n_gio\PycharmProjects\PythonProject\PythonProject\.venv\Lib\site-packages\mysql\connector\connection_cext.py", line 763, in cmd_query
    raise get_mysql_exception(
mysql.connector.errors.ProgrammingError: 1146 (42S02): Table 'epdatabase.title' doesn't exist

[TITLE_PARSE_ERROR] DID 234:
Traceback (most recent call last):
  File "C:\Users\n_gio\PycharmProjects\PythonProject\PythonProject\.venv\Lib\site-packages\mysql\connector\connection_cext.py", line 755, in cmd_query
    self._cmysql.query(
_mysql_connector.MySQLInterfaceError: Table 'epdatabase.title' doesn't exist

The above exception was the direct cause of the following exception:

Traceback (most recent call last):
  File "C:\Users\n_gio\PycharmProjects\PythonProject\PythonProject\Ptyxiaki\title.py", line 153, in insert_title
    cursor.execute("""
  File "C:\Users\n_gio\PycharmProjects\PythonProject\PythonProject\.venv\Lib\site-packages\mysql\connector\cursor_cext.py", line 351, in execute
    self._connection.cmd_query(
  File "C:\Users\n_gio\PycharmProjects\PythonProject\PythonProject\.venv\Lib\site-packages\mysql\connector\opentelemetry\context_propagation.py", line 97, in wrapper
    return method(cnx, *args, **kwargs)
           ^^^^^^^^^^^^^^^^^^^^^^^^^^^^
  File "C:\Users\n_gio\PycharmProjects\PythonProject\PythonProject\.venv\Lib\site-packages\mysql\connector\connection_cext.py", line 763, in cmd_query
    raise get_mysql_exception(
mysql.connector.errors.ProgrammingError: 1146 (42S02): Table 'epdatabase.title' doesn't exist

[TITLE_PARSE_ERROR] DID 234:
Traceback (most recent call last):
  File "C:\Users\n_gio\PycharmProjects\PythonProject\PythonProject\.venv\Lib\site-packages\mysql\connector\connection_cext.py", line 755, in cmd_query
    self._cmysql.query(
_mysql_connector.MySQLInterfaceError: Table 'epdatabase.title' doesn't exist

The above exception was the direct cause of the following exception:

Traceback (most recent call last):
  File "C:\Users\n_gio\PycharmProjects\PythonProject\PythonProject\Ptyxiaki\title.py", line 153, in insert_title
    cursor.execute("""
  File "C:\Users\n_gio\PycharmProjects\PythonProject\PythonProject\.venv\Lib\site-packages\mysql\connector\cursor_cext.py", line 351, in execute
    self._connection.cmd_query(
  File "C:\Users\n_gio\PycharmProjects\PythonProject\PythonProject\.venv\Lib\site-packages\mysql\connector\opentelemetry\context_propagation.py", line 97, in wrapper
    return method(cnx, *args, **kwargs)
           ^^^^^^^^^^^^^^^^^^^^^^^^^^^^
  File "C:\Users\n_gio\PycharmProjects\PythonProject\PythonProject\.venv\Lib\site-packages\mysql\connector\connection_cext.py", line 763, in cmd_query
    raise get_mysql_exception(
mysql.connector.errors.ProgrammingError: 1146 (42S02): Table 'epdatabase.title' doesn't exist

[TITLE_PARSE_ERROR] DID 234:
Traceback (most recent call last):
  File "C:\Users\n_gio\PycharmProjects\PythonProject\PythonProject\.venv\Lib\site-packages\mysql\connector\connection_cext.py", line 755, in cmd_query
    self._cmysql.query(
_mysql_connector.MySQLInterfaceError: Table 'epdatabase.title' doesn't exist

The above exception was the direct cause of the following exception:

Traceback (most recent call last):
  File "C:\Users\n_gio\PycharmProjects\PythonProject\PythonProject\Ptyxiaki\title.py", line 153, in insert_title
    cursor.execute("""
  File "C:\Users\n_gio\PycharmProjects\PythonProject\PythonProject\.venv\Lib\site-packages\mysql\connector\cursor_cext.py", line 351, in execute
    self._connection.cmd_query(
  File "C:\Users\n_gio\PycharmProjects\PythonProject\PythonProject\.venv\Lib\site-packages\mysql\connector\opentelemetry\context_propagation.py", line 97, in wrapper
    return method(cnx, *args, **kwargs)
           ^^^^^^^^^^^^^^^^^^^^^^^^^^^^
  File "C:\Users\n_gio\PycharmProjects\PythonProject\PythonProject\.venv\Lib\site-packages\mysql\connector\connection_cext.py", line 763, in cmd_query
    raise get_mysql_exception(
mysql.connector.errors.ProgrammingError: 1146 (42S02): Table 'epdatabase.title' doesn't exist

[TITLE_PARSE_ERROR] DID 235:
Traceback (most recent call last):
  File "C:\Users\n_gio\PycharmProjects\PythonProject\PythonProject\.venv\Lib\site-packages\mysql\connector\connection_cext.py", line 755, in cmd_query
    self._cmysql.query(
_mysql_connector.MySQLInterfaceError: Table 'epdatabase.title' doesn't exist

The above exception was the direct cause of the following exception:

Traceback (most recent call last):
  File "C:\Users\n_gio\PycharmProjects\PythonProject\PythonProject\Ptyxiaki\title.py", line 153, in insert_title
    cursor.execute("""
  File "C:\Users\n_gio\PycharmProjects\PythonProject\PythonProject\.venv\Lib\site-packages\mysql\connector\cursor_cext.py", line 351, in execute
    self._connection.cmd_query(
  File "C:\Users\n_gio\PycharmProjects\PythonProject\PythonProject\.venv\Lib\site-packages\mysql\connector\opentelemetry\context_propagation.py", line 97, in wrapper
    return method(cnx, *args, **kwargs)
           ^^^^^^^^^^^^^^^^^^^^^^^^^^^^
  File "C:\Users\n_gio\PycharmProjects\PythonProject\PythonProject\.venv\Lib\site-packages\mysql\connector\connection_cext.py", line 763, in cmd_query
    raise get_mysql_exception(
mysql.connector.errors.ProgrammingError: 1146 (42S02): Table 'epdatabase.title' doesn't exist

[TITLE_PARSE_ERROR] DID 235:
Traceback (most recent call last):
  File "C:\Users\n_gio\PycharmProjects\PythonProject\PythonProject\.venv\Lib\site-packages\mysql\connector\connection_cext.py", line 755, in cmd_query
    self._cmysql.query(
_mysql_connector.MySQLInterfaceError: Table 'epdatabase.title' doesn't exist

The above exception was the direct cause of the following exception:

Traceback (most recent call last):
  File "C:\Users\n_gio\PycharmProjects\PythonProject\PythonProject\Ptyxiaki\title.py", line 153, in insert_title
    cursor.execute("""
  File "C:\Users\n_gio\PycharmProjects\PythonProject\PythonProject\.venv\Lib\site-packages\mysql\connector\cursor_cext.py", line 351, in execute
    self._connection.cmd_query(
  File "C:\Users\n_gio\PycharmProjects\PythonProject\PythonProject\.venv\Lib\site-packages\mysql\connector\opentelemetry\context_propagation.py", line 97, in wrapper
    return method(cnx, *args, **kwargs)
           ^^^^^^^^^^^^^^^^^^^^^^^^^^^^
  File "C:\Users\n_gio\PycharmProjects\PythonProject\PythonProject\.venv\Lib\site-packages\mysql\connector\connection_cext.py", line 763, in cmd_query
    raise get_mysql_exception(
mysql.connector.errors.ProgrammingError: 1146 (42S02): Table 'epdatabase.title' doesn't exist

[TITLE_PARSE_ERROR] DID 235:
Traceback (most recent call last):
  File "C:\Users\n_gio\PycharmProjects\PythonProject\PythonProject\.venv\Lib\site-packages\mysql\connector\connection_cext.py", line 755, in cmd_query
    self._cmysql.query(
_mysql_connector.MySQLInterfaceError: Table 'epdatabase.title' doesn't exist

The above exception was the direct cause of the following exception:

Traceback (most recent call last):
  File "C:\Users\n_gio\PycharmProjects\PythonProject\PythonProject\Ptyxiaki\title.py", line 153, in insert_title
    cursor.execute("""
  File "C:\Users\n_gio\PycharmProjects\PythonProject\PythonProject\.venv\Lib\site-packages\mysql\connector\cursor_cext.py", line 351, in execute
    self._connection.cmd_query(
  File "C:\Users\n_gio\PycharmProjects\PythonProject\PythonProject\.venv\Lib\site-packages\mysql\connector\opentelemetry\context_propagation.py", line 97, in wrapper
    return method(cnx, *args, **kwargs)
           ^^^^^^^^^^^^^^^^^^^^^^^^^^^^
  File "C:\Users\n_gio\PycharmProjects\PythonProject\PythonProject\.venv\Lib\site-packages\mysql\connector\connection_cext.py", line 763, in cmd_query
    raise get_mysql_exception(
mysql.connector.errors.ProgrammingError: 1146 (42S02): Table 'epdatabase.title' doesn't exist

[TITLE_PARSE_ERROR] DID 236:
Traceback (most recent call last):
  File "C:\Users\n_gio\PycharmProjects\PythonProject\PythonProject\.venv\Lib\site-packages\mysql\connector\connection_cext.py", line 755, in cmd_query
    self._cmysql.query(
_mysql_connector.MySQLInterfaceError: Table 'epdatabase.title' doesn't exist

The above exception was the direct cause of the following exception:

Traceback (most recent call last):
  File "C:\Users\n_gio\PycharmProjects\PythonProject\PythonProject\Ptyxiaki\title.py", line 153, in insert_title
    cursor.execute("""
  File "C:\Users\n_gio\PycharmProjects\PythonProject\PythonProject\.venv\Lib\site-packages\mysql\connector\cursor_cext.py", line 351, in execute
    self._connection.cmd_query(
  File "C:\Users\n_gio\PycharmProjects\PythonProject\PythonProject\.venv\Lib\site-packages\mysql\connector\opentelemetry\context_propagation.py", line 97, in wrapper
    return method(cnx, *args, **kwargs)
           ^^^^^^^^^^^^^^^^^^^^^^^^^^^^
  File "C:\Users\n_gio\PycharmProjects\PythonProject\PythonProject\.venv\Lib\site-packages\mysql\connector\connection_cext.py", line 763, in cmd_query
    raise get_mysql_exception(
mysql.connector.errors.ProgrammingError: 1146 (42S02): Table 'epdatabase.title' doesn't exist

[TITLE_PARSE_ERROR] DID 236:
Traceback (most recent call last):
  File "C:\Users\n_gio\PycharmProjects\PythonProject\PythonProject\.venv\Lib\site-packages\mysql\connector\connection_cext.py", line 755, in cmd_query
    self._cmysql.query(
_mysql_connector.MySQLInterfaceError: Table 'epdatabase.title' doesn't exist

The above exception was the direct cause of the following exception:

Traceback (most recent call last):
  File "C:\Users\n_gio\PycharmProjects\PythonProject\PythonProject\Ptyxiaki\title.py", line 153, in insert_title
    cursor.execute("""
  File "C:\Users\n_gio\PycharmProjects\PythonProject\PythonProject\.venv\Lib\site-packages\mysql\connector\cursor_cext.py", line 351, in execute
    self._connection.cmd_query(
  File "C:\Users\n_gio\PycharmProjects\PythonProject\PythonProject\.venv\Lib\site-packages\mysql\connector\opentelemetry\context_propagation.py", line 97, in wrapper
    return method(cnx, *args, **kwargs)
           ^^^^^^^^^^^^^^^^^^^^^^^^^^^^
  File "C:\Users\n_gio\PycharmProjects\PythonProject\PythonProject\.venv\Lib\site-packages\mysql\connector\connection_cext.py", line 763, in cmd_query
    raise get_mysql_exception(
mysql.connector.errors.ProgrammingError: 1146 (42S02): Table 'epdatabase.title' doesn't exist

[TITLE_PARSE_ERROR] DID 236:
Traceback (most recent call last):
  File "C:\Users\n_gio\PycharmProjects\PythonProject\PythonProject\.venv\Lib\site-packages\mysql\connector\connection_cext.py", line 755, in cmd_query
    self._cmysql.query(
_mysql_connector.MySQLInterfaceError: Table 'epdatabase.title' doesn't exist

The above exception was the direct cause of the following exception:

Traceback (most recent call last):
  File "C:\Users\n_gio\PycharmProjects\PythonProject\PythonProject\Ptyxiaki\title.py", line 153, in insert_title
    cursor.execute("""
  File "C:\Users\n_gio\PycharmProjects\PythonProject\PythonProject\.venv\Lib\site-packages\mysql\connector\cursor_cext.py", line 351, in execute
    self._connection.cmd_query(
  File "C:\Users\n_gio\PycharmProjects\PythonProject\PythonProject\.venv\Lib\site-packages\mysql\connector\opentelemetry\context_propagation.py", line 97, in wrapper
    return method(cnx, *args, **kwargs)
           ^^^^^^^^^^^^^^^^^^^^^^^^^^^^
  File "C:\Users\n_gio\PycharmProjects\PythonProject\PythonProject\.venv\Lib\site-packages\mysql\connector\connection_cext.py", line 763, in cmd_query
    raise get_mysql_exception(
mysql.connector.errors.ProgrammingError: 1146 (42S02): Table 'epdatabase.title' doesn't exist

[TITLE_PARSE_ERROR] DID 237:
Traceback (most recent call last):
  File "C:\Users\n_gio\PycharmProjects\PythonProject\PythonProject\.venv\Lib\site-packages\mysql\connector\connection_cext.py", line 755, in cmd_query
    self._cmysql.query(
_mysql_connector.MySQLInterfaceError: Table 'epdatabase.title' doesn't exist

The above exception was the direct cause of the following exception:

Traceback (most recent call last):
  File "C:\Users\n_gio\PycharmProjects\PythonProject\PythonProject\Ptyxiaki\title.py", line 153, in insert_title
    cursor.execute("""
  File "C:\Users\n_gio\PycharmProjects\PythonProject\PythonProject\.venv\Lib\site-packages\mysql\connector\cursor_cext.py", line 351, in execute
    self._connection.cmd_query(
  File "C:\Users\n_gio\PycharmProjects\PythonProject\PythonProject\.venv\Lib\site-packages\mysql\connector\opentelemetry\context_propagation.py", line 97, in wrapper
    return method(cnx, *args, **kwargs)
           ^^^^^^^^^^^^^^^^^^^^^^^^^^^^
  File "C:\Users\n_gio\PycharmProjects\PythonProject\PythonProject\.venv\Lib\site-packages\mysql\connector\connection_cext.py", line 763, in cmd_query
    raise get_mysql_exception(
mysql.connector.errors.ProgrammingError: 1146 (42S02): Table 'epdatabase.title' doesn't exist

[TITLE_PARSE_ERROR] DID 237:
Traceback (most recent call last):
  File "C:\Users\n_gio\PycharmProjects\PythonProject\PythonProject\.venv\Lib\site-packages\mysql\connector\connection_cext.py", line 755, in cmd_query
    self._cmysql.query(
_mysql_connector.MySQLInterfaceError: Table 'epdatabase.title' doesn't exist

The above exception was the direct cause of the following exception:

Traceback (most recent call last):
  File "C:\Users\n_gio\PycharmProjects\PythonProject\PythonProject\Ptyxiaki\title.py", line 153, in insert_title
    cursor.execute("""
  File "C:\Users\n_gio\PycharmProjects\PythonProject\PythonProject\.venv\Lib\site-packages\mysql\connector\cursor_cext.py", line 351, in execute
    self._connection.cmd_query(
  File "C:\Users\n_gio\PycharmProjects\PythonProject\PythonProject\.venv\Lib\site-packages\mysql\connector\opentelemetry\context_propagation.py", line 97, in wrapper
    return method(cnx, *args, **kwargs)
           ^^^^^^^^^^^^^^^^^^^^^^^^^^^^
  File "C:\Users\n_gio\PycharmProjects\PythonProject\PythonProject\.venv\Lib\site-packages\mysql\connector\connection_cext.py", line 763, in cmd_query
    raise get_mysql_exception(
mysql.connector.errors.ProgrammingError: 1146 (42S02): Table 'epdatabase.title' doesn't exist

[TITLE_PARSE_ERROR] DID 237:
Traceback (most recent call last):
  File "C:\Users\n_gio\PycharmProjects\PythonProject\PythonProject\.venv\Lib\site-packages\mysql\connector\connection_cext.py", line 755, in cmd_query
    self._cmysql.query(
_mysql_connector.MySQLInterfaceError: Table 'epdatabase.title' doesn't exist

The above exception was the direct cause of the following exception:

Traceback (most recent call last):
  File "C:\Users\n_gio\PycharmProjects\PythonProject\PythonProject\Ptyxiaki\title.py", line 153, in insert_title
    cursor.execute("""
  File "C:\Users\n_gio\PycharmProjects\PythonProject\PythonProject\.venv\Lib\site-packages\mysql\connector\cursor_cext.py", line 351, in execute
    self._connection.cmd_query(
  File "C:\Users\n_gio\PycharmProjects\PythonProject\PythonProject\.venv\Lib\site-packages\mysql\connector\opentelemetry\context_propagation.py", line 97, in wrapper
    return method(cnx, *args, **kwargs)
           ^^^^^^^^^^^^^^^^^^^^^^^^^^^^
  File "C:\Users\n_gio\PycharmProjects\PythonProject\PythonProject\.venv\Lib\site-packages\mysql\connector\connection_cext.py", line 763, in cmd_query
    raise get_mysql_exception(
mysql.connector.errors.ProgrammingError: 1146 (42S02): Table 'epdatabase.title' doesn't exist

[TITLE_PARSE_ERROR] DID 238:
Traceback (most recent call last):
  File "C:\Users\n_gio\PycharmProjects\PythonProject\PythonProject\.venv\Lib\site-packages\mysql\connector\connection_cext.py", line 755, in cmd_query
    self._cmysql.query(
_mysql_connector.MySQLInterfaceError: Table 'epdatabase.title' doesn't exist

The above exception was the direct cause of the following exception:

Traceback (most recent call last):
  File "C:\Users\n_gio\PycharmProjects\PythonProject\PythonProject\Ptyxiaki\title.py", line 153, in insert_title
    cursor.execute("""
  File "C:\Users\n_gio\PycharmProjects\PythonProject\PythonProject\.venv\Lib\site-packages\mysql\connector\cursor_cext.py", line 351, in execute
    self._connection.cmd_query(
  File "C:\Users\n_gio\PycharmProjects\PythonProject\PythonProject\.venv\Lib\site-packages\mysql\connector\opentelemetry\context_propagation.py", line 97, in wrapper
    return method(cnx, *args, **kwargs)
           ^^^^^^^^^^^^^^^^^^^^^^^^^^^^
  File "C:\Users\n_gio\PycharmProjects\PythonProject\PythonProject\.venv\Lib\site-packages\mysql\connector\connection_cext.py", line 763, in cmd_query
    raise get_mysql_exception(
mysql.connector.errors.ProgrammingError: 1146 (42S02): Table 'epdatabase.title' doesn't exist

[TITLE_PARSE_ERROR] DID 238:
Traceback (most recent call last):
  File "C:\Users\n_gio\PycharmProjects\PythonProject\PythonProject\.venv\Lib\site-packages\mysql\connector\connection_cext.py", line 755, in cmd_query
    self._cmysql.query(
_mysql_connector.MySQLInterfaceError: Table 'epdatabase.title' doesn't exist

The above exception was the direct cause of the following exception:

Traceback (most recent call last):
  File "C:\Users\n_gio\PycharmProjects\PythonProject\PythonProject\Ptyxiaki\title.py", line 153, in insert_title
    cursor.execute("""
  File "C:\Users\n_gio\PycharmProjects\PythonProject\PythonProject\.venv\Lib\site-packages\mysql\connector\cursor_cext.py", line 351, in execute
    self._connection.cmd_query(
  File "C:\Users\n_gio\PycharmProjects\PythonProject\PythonProject\.venv\Lib\site-packages\mysql\connector\opentelemetry\context_propagation.py", line 97, in wrapper
    return method(cnx, *args, **kwargs)
           ^^^^^^^^^^^^^^^^^^^^^^^^^^^^
  File "C:\Users\n_gio\PycharmProjects\PythonProject\PythonProject\.venv\Lib\site-packages\mysql\connector\connection_cext.py", line 763, in cmd_query
    raise get_mysql_exception(
mysql.connector.errors.ProgrammingError: 1146 (42S02): Table 'epdatabase.title' doesn't exist

[TITLE_PARSE_ERROR] DID 238:
Traceback (most recent call last):
  File "C:\Users\n_gio\PycharmProjects\PythonProject\PythonProject\.venv\Lib\site-packages\mysql\connector\connection_cext.py", line 755, in cmd_query
    self._cmysql.query(
_mysql_connector.MySQLInterfaceError: Table 'epdatabase.title' doesn't exist

The above exception was the direct cause of the following exception:

Traceback (most recent call last):
  File "C:\Users\n_gio\PycharmProjects\PythonProject\PythonProject\Ptyxiaki\title.py", line 153, in insert_title
    cursor.execute("""
  File "C:\Users\n_gio\PycharmProjects\PythonProject\PythonProject\.venv\Lib\site-packages\mysql\connector\cursor_cext.py", line 351, in execute
    self._connection.cmd_query(
  File "C:\Users\n_gio\PycharmProjects\PythonProject\PythonProject\.venv\Lib\site-packages\mysql\connector\opentelemetry\context_propagation.py", line 97, in wrapper
    return method(cnx, *args, **kwargs)
           ^^^^^^^^^^^^^^^^^^^^^^^^^^^^
  File "C:\Users\n_gio\PycharmProjects\PythonProject\PythonProject\.venv\Lib\site-packages\mysql\connector\connection_cext.py", line 763, in cmd_query
    raise get_mysql_exception(
mysql.connector.errors.ProgrammingError: 1146 (42S02): Table 'epdatabase.title' doesn't exist

[TITLE_PARSE_ERROR] DID 239:
Traceback (most recent call last):
  File "C:\Users\n_gio\PycharmProjects\PythonProject\PythonProject\.venv\Lib\site-packages\mysql\connector\connection_cext.py", line 755, in cmd_query
    self._cmysql.query(
_mysql_connector.MySQLInterfaceError: Table 'epdatabase.title' doesn't exist

The above exception was the direct cause of the following exception:

Traceback (most recent call last):
  File "C:\Users\n_gio\PycharmProjects\PythonProject\PythonProject\Ptyxiaki\title.py", line 153, in insert_title
    cursor.execute("""
  File "C:\Users\n_gio\PycharmProjects\PythonProject\PythonProject\.venv\Lib\site-packages\mysql\connector\cursor_cext.py", line 351, in execute
    self._connection.cmd_query(
  File "C:\Users\n_gio\PycharmProjects\PythonProject\PythonProject\.venv\Lib\site-packages\mysql\connector\opentelemetry\context_propagation.py", line 97, in wrapper
    return method(cnx, *args, **kwargs)
           ^^^^^^^^^^^^^^^^^^^^^^^^^^^^
  File "C:\Users\n_gio\PycharmProjects\PythonProject\PythonProject\.venv\Lib\site-packages\mysql\connector\connection_cext.py", line 763, in cmd_query
    raise get_mysql_exception(
mysql.connector.errors.ProgrammingError: 1146 (42S02): Table 'epdatabase.title' doesn't exist

[TITLE_PARSE_ERROR] DID 239:
Traceback (most recent call last):
  File "C:\Users\n_gio\PycharmProjects\PythonProject\PythonProject\.venv\Lib\site-packages\mysql\connector\connection_cext.py", line 755, in cmd_query
    self._cmysql.query(
_mysql_connector.MySQLInterfaceError: Table 'epdatabase.title' doesn't exist

The above exception was the direct cause of the following exception:

Traceback (most recent call last):
  File "C:\Users\n_gio\PycharmProjects\PythonProject\PythonProject\Ptyxiaki\title.py", line 153, in insert_title
    cursor.execute("""
  File "C:\Users\n_gio\PycharmProjects\PythonProject\PythonProject\.venv\Lib\site-packages\mysql\connector\cursor_cext.py", line 351, in execute
    self._connection.cmd_query(
  File "C:\Users\n_gio\PycharmProjects\PythonProject\PythonProject\.venv\Lib\site-packages\mysql\connector\opentelemetry\context_propagation.py", line 97, in wrapper
    return method(cnx, *args, **kwargs)
           ^^^^^^^^^^^^^^^^^^^^^^^^^^^^
  File "C:\Users\n_gio\PycharmProjects\PythonProject\PythonProject\.venv\Lib\site-packages\mysql\connector\connection_cext.py", line 763, in cmd_query
    raise get_mysql_exception(
mysql.connector.errors.ProgrammingError: 1146 (42S02): Table 'epdatabase.title' doesn't exist

[TITLE_PARSE_ERROR] DID 239:
Traceback (most recent call last):
  File "C:\Users\n_gio\PycharmProjects\PythonProject\PythonProject\.venv\Lib\site-packages\mysql\connector\connection_cext.py", line 755, in cmd_query
    self._cmysql.query(
_mysql_connector.MySQLInterfaceError: Table 'epdatabase.title' doesn't exist

The above exception was the direct cause of the following exception:

Traceback (most recent call last):
  File "C:\Users\n_gio\PycharmProjects\PythonProject\PythonProject\Ptyxiaki\title.py", line 153, in insert_title
    cursor.execute("""
  File "C:\Users\n_gio\PycharmProjects\PythonProject\PythonProject\.venv\Lib\site-packages\mysql\connector\cursor_cext.py", line 351, in execute
    self._connection.cmd_query(
  File "C:\Users\n_gio\PycharmProjects\PythonProject\PythonProject\.venv\Lib\site-packages\mysql\connector\opentelemetry\context_propagation.py", line 97, in wrapper
    return method(cnx, *args, **kwargs)
           ^^^^^^^^^^^^^^^^^^^^^^^^^^^^
  File "C:\Users\n_gio\PycharmProjects\PythonProject\PythonProject\.venv\Lib\site-packages\mysql\connector\connection_cext.py", line 763, in cmd_query
    raise get_mysql_exception(
mysql.connector.errors.ProgrammingError: 1146 (42S02): Table 'epdatabase.title' doesn't exist

[TITLE_PARSE_ERROR] DID 240:
Traceback (most recent call last):
  File "C:\Users\n_gio\PycharmProjects\PythonProject\PythonProject\.venv\Lib\site-packages\mysql\connector\connection_cext.py", line 755, in cmd_query
    self._cmysql.query(
_mysql_connector.MySQLInterfaceError: Table 'epdatabase.title' doesn't exist

The above exception was the direct cause of the following exception:

Traceback (most recent call last):
  File "C:\Users\n_gio\PycharmProjects\PythonProject\PythonProject\Ptyxiaki\title.py", line 153, in insert_title
    cursor.execute("""
  File "C:\Users\n_gio\PycharmProjects\PythonProject\PythonProject\.venv\Lib\site-packages\mysql\connector\cursor_cext.py", line 351, in execute
    self._connection.cmd_query(
  File "C:\Users\n_gio\PycharmProjects\PythonProject\PythonProject\.venv\Lib\site-packages\mysql\connector\opentelemetry\context_propagation.py", line 97, in wrapper
    return method(cnx, *args, **kwargs)
           ^^^^^^^^^^^^^^^^^^^^^^^^^^^^
  File "C:\Users\n_gio\PycharmProjects\PythonProject\PythonProject\.venv\Lib\site-packages\mysql\connector\connection_cext.py", line 763, in cmd_query
    raise get_mysql_exception(
mysql.connector.errors.ProgrammingError: 1146 (42S02): Table 'epdatabase.title' doesn't exist

[TITLE_PARSE_ERROR] DID 240:
Traceback (most recent call last):
  File "C:\Users\n_gio\PycharmProjects\PythonProject\PythonProject\.venv\Lib\site-packages\mysql\connector\connection_cext.py", line 755, in cmd_query
    self._cmysql.query(
_mysql_connector.MySQLInterfaceError: Table 'epdatabase.title' doesn't exist

The above exception was the direct cause of the following exception:

Traceback (most recent call last):
  File "C:\Users\n_gio\PycharmProjects\PythonProject\PythonProject\Ptyxiaki\title.py", line 153, in insert_title
    cursor.execute("""
  File "C:\Users\n_gio\PycharmProjects\PythonProject\PythonProject\.venv\Lib\site-packages\mysql\connector\cursor_cext.py", line 351, in execute
    self._connection.cmd_query(
  File "C:\Users\n_gio\PycharmProjects\PythonProject\PythonProject\.venv\Lib\site-packages\mysql\connector\opentelemetry\context_propagation.py", line 97, in wrapper
    return method(cnx, *args, **kwargs)
           ^^^^^^^^^^^^^^^^^^^^^^^^^^^^
  File "C:\Users\n_gio\PycharmProjects\PythonProject\PythonProject\.venv\Lib\site-packages\mysql\connector\connection_cext.py", line 763, in cmd_query
    raise get_mysql_exception(
mysql.connector.errors.ProgrammingError: 1146 (42S02): Table 'epdatabase.title' doesn't exist

[TITLE_PARSE_ERROR] DID 240:
Traceback (most recent call last):
  File "C:\Users\n_gio\PycharmProjects\PythonProject\PythonProject\.venv\Lib\site-packages\mysql\connector\connection_cext.py", line 755, in cmd_query
    self._cmysql.query(
_mysql_connector.MySQLInterfaceError: Table 'epdatabase.title' doesn't exist

The above exception was the direct cause of the following exception:

Traceback (most recent call last):
  File "C:\Users\n_gio\PycharmProjects\PythonProject\PythonProject\Ptyxiaki\title.py", line 153, in insert_title
    cursor.execute("""
  File "C:\Users\n_gio\PycharmProjects\PythonProject\PythonProject\.venv\Lib\site-packages\mysql\connector\cursor_cext.py", line 351, in execute
    self._connection.cmd_query(
  File "C:\Users\n_gio\PycharmProjects\PythonProject\PythonProject\.venv\Lib\site-packages\mysql\connector\opentelemetry\context_propagation.py", line 97, in wrapper
    return method(cnx, *args, **kwargs)
           ^^^^^^^^^^^^^^^^^^^^^^^^^^^^
  File "C:\Users\n_gio\PycharmProjects\PythonProject\PythonProject\.venv\Lib\site-packages\mysql\connector\connection_cext.py", line 763, in cmd_query
    raise get_mysql_exception(
mysql.connector.errors.ProgrammingError: 1146 (42S02): Table 'epdatabase.title' doesn't exist

[TITLE_PARSE_ERROR] DID 241:
Traceback (most recent call last):
  File "C:\Users\n_gio\PycharmProjects\PythonProject\PythonProject\.venv\Lib\site-packages\mysql\connector\connection_cext.py", line 755, in cmd_query
    self._cmysql.query(
_mysql_connector.MySQLInterfaceError: Table 'epdatabase.title' doesn't exist

The above exception was the direct cause of the following exception:

Traceback (most recent call last):
  File "C:\Users\n_gio\PycharmProjects\PythonProject\PythonProject\Ptyxiaki\title.py", line 153, in insert_title
    cursor.execute("""
  File "C:\Users\n_gio\PycharmProjects\PythonProject\PythonProject\.venv\Lib\site-packages\mysql\connector\cursor_cext.py", line 351, in execute
    self._connection.cmd_query(
  File "C:\Users\n_gio\PycharmProjects\PythonProject\PythonProject\.venv\Lib\site-packages\mysql\connector\opentelemetry\context_propagation.py", line 97, in wrapper
    return method(cnx, *args, **kwargs)
           ^^^^^^^^^^^^^^^^^^^^^^^^^^^^
  File "C:\Users\n_gio\PycharmProjects\PythonProject\PythonProject\.venv\Lib\site-packages\mysql\connector\connection_cext.py", line 763, in cmd_query
    raise get_mysql_exception(
mysql.connector.errors.ProgrammingError: 1146 (42S02): Table 'epdatabase.title' doesn't exist

[TITLE_PARSE_ERROR] DID 241:
Traceback (most recent call last):
  File "C:\Users\n_gio\PycharmProjects\PythonProject\PythonProject\.venv\Lib\site-packages\mysql\connector\connection_cext.py", line 755, in cmd_query
    self._cmysql.query(
_mysql_connector.MySQLInterfaceError: Table 'epdatabase.title' doesn't exist

The above exception was the direct cause of the following exception:

Traceback (most recent call last):
  File "C:\Users\n_gio\PycharmProjects\PythonProject\PythonProject\Ptyxiaki\title.py", line 153, in insert_title
    cursor.execute("""
  File "C:\Users\n_gio\PycharmProjects\PythonProject\PythonProject\.venv\Lib\site-packages\mysql\connector\cursor_cext.py", line 351, in execute
    self._connection.cmd_query(
  File "C:\Users\n_gio\PycharmProjects\PythonProject\PythonProject\.venv\Lib\site-packages\mysql\connector\opentelemetry\context_propagation.py", line 97, in wrapper
    return method(cnx, *args, **kwargs)
           ^^^^^^^^^^^^^^^^^^^^^^^^^^^^
  File "C:\Users\n_gio\PycharmProjects\PythonProject\PythonProject\.venv\Lib\site-packages\mysql\connector\connection_cext.py", line 763, in cmd_query
    raise get_mysql_exception(
mysql.connector.errors.ProgrammingError: 1146 (42S02): Table 'epdatabase.title' doesn't exist

[TITLE_PARSE_ERROR] DID 241:
Traceback (most recent call last):
  File "C:\Users\n_gio\PycharmProjects\PythonProject\PythonProject\.venv\Lib\site-packages\mysql\connector\connection_cext.py", line 755, in cmd_query
    self._cmysql.query(
_mysql_connector.MySQLInterfaceError: Table 'epdatabase.title' doesn't exist

The above exception was the direct cause of the following exception:

Traceback (most recent call last):
  File "C:\Users\n_gio\PycharmProjects\PythonProject\PythonProject\Ptyxiaki\title.py", line 153, in insert_title
    cursor.execute("""
  File "C:\Users\n_gio\PycharmProjects\PythonProject\PythonProject\.venv\Lib\site-packages\mysql\connector\cursor_cext.py", line 351, in execute
    self._connection.cmd_query(
  File "C:\Users\n_gio\PycharmProjects\PythonProject\PythonProject\.venv\Lib\site-packages\mysql\connector\opentelemetry\context_propagation.py", line 97, in wrapper
    return method(cnx, *args, **kwargs)
           ^^^^^^^^^^^^^^^^^^^^^^^^^^^^
  File "C:\Users\n_gio\PycharmProjects\PythonProject\PythonProject\.venv\Lib\site-packages\mysql\connector\connection_cext.py", line 763, in cmd_query
    raise get_mysql_exception(
mysql.connector.errors.ProgrammingError: 1146 (42S02): Table 'epdatabase.title' doesn't exist

[TITLE_PARSE_ERROR] DID 242:
Traceback (most recent call last):
  File "C:\Users\n_gio\PycharmProjects\PythonProject\PythonProject\.venv\Lib\site-packages\mysql\connector\connection_cext.py", line 755, in cmd_query
    self._cmysql.query(
_mysql_connector.MySQLInterfaceError: Table 'epdatabase.title' doesn't exist

The above exception was the direct cause of the following exception:

Traceback (most recent call last):
  File "C:\Users\n_gio\PycharmProjects\PythonProject\PythonProject\Ptyxiaki\title.py", line 153, in insert_title
    cursor.execute("""
  File "C:\Users\n_gio\PycharmProjects\PythonProject\PythonProject\.venv\Lib\site-packages\mysql\connector\cursor_cext.py", line 351, in execute
    self._connection.cmd_query(
  File "C:\Users\n_gio\PycharmProjects\PythonProject\PythonProject\.venv\Lib\site-packages\mysql\connector\opentelemetry\context_propagation.py", line 97, in wrapper
    return method(cnx, *args, **kwargs)
           ^^^^^^^^^^^^^^^^^^^^^^^^^^^^
  File "C:\Users\n_gio\PycharmProjects\PythonProject\PythonProject\.venv\Lib\site-packages\mysql\connector\connection_cext.py", line 763, in cmd_query
    raise get_mysql_exception(
mysql.connector.errors.ProgrammingError: 1146 (42S02): Table 'epdatabase.title' doesn't exist

[TITLE_PARSE_ERROR] DID 242:
Traceback (most recent call last):
  File "C:\Users\n_gio\PycharmProjects\PythonProject\PythonProject\.venv\Lib\site-packages\mysql\connector\connection_cext.py", line 755, in cmd_query
    self._cmysql.query(
_mysql_connector.MySQLInterfaceError: Table 'epdatabase.title' doesn't exist

The above exception was the direct cause of the following exception:

Traceback (most recent call last):
  File "C:\Users\n_gio\PycharmProjects\PythonProject\PythonProject\Ptyxiaki\title.py", line 153, in insert_title
    cursor.execute("""
  File "C:\Users\n_gio\PycharmProjects\PythonProject\PythonProject\.venv\Lib\site-packages\mysql\connector\cursor_cext.py", line 351, in execute
    self._connection.cmd_query(
  File "C:\Users\n_gio\PycharmProjects\PythonProject\PythonProject\.venv\Lib\site-packages\mysql\connector\opentelemetry\context_propagation.py", line 97, in wrapper
    return method(cnx, *args, **kwargs)
           ^^^^^^^^^^^^^^^^^^^^^^^^^^^^
  File "C:\Users\n_gio\PycharmProjects\PythonProject\PythonProject\.venv\Lib\site-packages\mysql\connector\connection_cext.py", line 763, in cmd_query
    raise get_mysql_exception(
mysql.connector.errors.ProgrammingError: 1146 (42S02): Table 'epdatabase.title' doesn't exist

[TITLE_PARSE_ERROR] DID 242:
Traceback (most recent call last):
  File "C:\Users\n_gio\PycharmProjects\PythonProject\PythonProject\.venv\Lib\site-packages\mysql\connector\connection_cext.py", line 755, in cmd_query
    self._cmysql.query(
_mysql_connector.MySQLInterfaceError: Table 'epdatabase.title' doesn't exist

The above exception was the direct cause of the following exception:

Traceback (most recent call last):
  File "C:\Users\n_gio\PycharmProjects\PythonProject\PythonProject\Ptyxiaki\title.py", line 153, in insert_title
    cursor.execute("""
  File "C:\Users\n_gio\PycharmProjects\PythonProject\PythonProject\.venv\Lib\site-packages\mysql\connector\cursor_cext.py", line 351, in execute
    self._connection.cmd_query(
  File "C:\Users\n_gio\PycharmProjects\PythonProject\PythonProject\.venv\Lib\site-packages\mysql\connector\opentelemetry\context_propagation.py", line 97, in wrapper
    return method(cnx, *args, **kwargs)
           ^^^^^^^^^^^^^^^^^^^^^^^^^^^^
  File "C:\Users\n_gio\PycharmProjects\PythonProject\PythonProject\.venv\Lib\site-packages\mysql\connector\connection_cext.py", line 763, in cmd_query
    raise get_mysql_exception(
mysql.connector.errors.ProgrammingError: 1146 (42S02): Table 'epdatabase.title' doesn't exist

[TITLE_PARSE_ERROR] DID 243:
Traceback (most recent call last):
  File "C:\Users\n_gio\PycharmProjects\PythonProject\PythonProject\.venv\Lib\site-packages\mysql\connector\connection_cext.py", line 755, in cmd_query
    self._cmysql.query(
_mysql_connector.MySQLInterfaceError: Table 'epdatabase.title' doesn't exist

The above exception was the direct cause of the following exception:

Traceback (most recent call last):
  File "C:\Users\n_gio\PycharmProjects\PythonProject\PythonProject\Ptyxiaki\title.py", line 153, in insert_title
    cursor.execute("""
  File "C:\Users\n_gio\PycharmProjects\PythonProject\PythonProject\.venv\Lib\site-packages\mysql\connector\cursor_cext.py", line 351, in execute
    self._connection.cmd_query(
  File "C:\Users\n_gio\PycharmProjects\PythonProject\PythonProject\.venv\Lib\site-packages\mysql\connector\opentelemetry\context_propagation.py", line 97, in wrapper
    return method(cnx, *args, **kwargs)
           ^^^^^^^^^^^^^^^^^^^^^^^^^^^^
  File "C:\Users\n_gio\PycharmProjects\PythonProject\PythonProject\.venv\Lib\site-packages\mysql\connector\connection_cext.py", line 763, in cmd_query
    raise get_mysql_exception(
mysql.connector.errors.ProgrammingError: 1146 (42S02): Table 'epdatabase.title' doesn't exist

[TITLE_PARSE_ERROR] DID 243:
Traceback (most recent call last):
  File "C:\Users\n_gio\PycharmProjects\PythonProject\PythonProject\.venv\Lib\site-packages\mysql\connector\connection_cext.py", line 755, in cmd_query
    self._cmysql.query(
_mysql_connector.MySQLInterfaceError: Table 'epdatabase.title' doesn't exist

The above exception was the direct cause of the following exception:

Traceback (most recent call last):
  File "C:\Users\n_gio\PycharmProjects\PythonProject\PythonProject\Ptyxiaki\title.py", line 153, in insert_title
    cursor.execute("""
  File "C:\Users\n_gio\PycharmProjects\PythonProject\PythonProject\.venv\Lib\site-packages\mysql\connector\cursor_cext.py", line 351, in execute
    self._connection.cmd_query(
  File "C:\Users\n_gio\PycharmProjects\PythonProject\PythonProject\.venv\Lib\site-packages\mysql\connector\opentelemetry\context_propagation.py", line 97, in wrapper
    return method(cnx, *args, **kwargs)
           ^^^^^^^^^^^^^^^^^^^^^^^^^^^^
  File "C:\Users\n_gio\PycharmProjects\PythonProject\PythonProject\.venv\Lib\site-packages\mysql\connector\connection_cext.py", line 763, in cmd_query
    raise get_mysql_exception(
mysql.connector.errors.ProgrammingError: 1146 (42S02): Table 'epdatabase.title' doesn't exist

[TITLE_PARSE_ERROR] DID 243:
Traceback (most recent call last):
  File "C:\Users\n_gio\PycharmProjects\PythonProject\PythonProject\.venv\Lib\site-packages\mysql\connector\connection_cext.py", line 755, in cmd_query
    self._cmysql.query(
_mysql_connector.MySQLInterfaceError: Table 'epdatabase.title' doesn't exist

The above exception was the direct cause of the following exception:

Traceback (most recent call last):
  File "C:\Users\n_gio\PycharmProjects\PythonProject\PythonProject\Ptyxiaki\title.py", line 153, in insert_title
    cursor.execute("""
  File "C:\Users\n_gio\PycharmProjects\PythonProject\PythonProject\.venv\Lib\site-packages\mysql\connector\cursor_cext.py", line 351, in execute
    self._connection.cmd_query(
  File "C:\Users\n_gio\PycharmProjects\PythonProject\PythonProject\.venv\Lib\site-packages\mysql\connector\opentelemetry\context_propagation.py", line 97, in wrapper
    return method(cnx, *args, **kwargs)
           ^^^^^^^^^^^^^^^^^^^^^^^^^^^^
  File "C:\Users\n_gio\PycharmProjects\PythonProject\PythonProject\.venv\Lib\site-packages\mysql\connector\connection_cext.py", line 763, in cmd_query
    raise get_mysql_exception(
mysql.connector.errors.ProgrammingError: 1146 (42S02): Table 'epdatabase.title' doesn't exist

[TITLE_PARSE_ERROR] DID 244:
Traceback (most recent call last):
  File "C:\Users\n_gio\PycharmProjects\PythonProject\PythonProject\.venv\Lib\site-packages\mysql\connector\connection_cext.py", line 755, in cmd_query
    self._cmysql.query(
_mysql_connector.MySQLInterfaceError: Table 'epdatabase.title' doesn't exist

The above exception was the direct cause of the following exception:

Traceback (most recent call last):
  File "C:\Users\n_gio\PycharmProjects\PythonProject\PythonProject\Ptyxiaki\title.py", line 153, in insert_title
    cursor.execute("""
  File "C:\Users\n_gio\PycharmProjects\PythonProject\PythonProject\.venv\Lib\site-packages\mysql\connector\cursor_cext.py", line 351, in execute
    self._connection.cmd_query(
  File "C:\Users\n_gio\PycharmProjects\PythonProject\PythonProject\.venv\Lib\site-packages\mysql\connector\opentelemetry\context_propagation.py", line 97, in wrapper
    return method(cnx, *args, **kwargs)
           ^^^^^^^^^^^^^^^^^^^^^^^^^^^^
  File "C:\Users\n_gio\PycharmProjects\PythonProject\PythonProject\.venv\Lib\site-packages\mysql\connector\connection_cext.py", line 763, in cmd_query
    raise get_mysql_exception(
mysql.connector.errors.ProgrammingError: 1146 (42S02): Table 'epdatabase.title' doesn't exist

[TITLE_PARSE_ERROR] DID 244:
Traceback (most recent call last):
  File "C:\Users\n_gio\PycharmProjects\PythonProject\PythonProject\.venv\Lib\site-packages\mysql\connector\connection_cext.py", line 755, in cmd_query
    self._cmysql.query(
_mysql_connector.MySQLInterfaceError: Table 'epdatabase.title' doesn't exist

The above exception was the direct cause of the following exception:

Traceback (most recent call last):
  File "C:\Users\n_gio\PycharmProjects\PythonProject\PythonProject\Ptyxiaki\title.py", line 153, in insert_title
    cursor.execute("""
  File "C:\Users\n_gio\PycharmProjects\PythonProject\PythonProject\.venv\Lib\site-packages\mysql\connector\cursor_cext.py", line 351, in execute
    self._connection.cmd_query(
  File "C:\Users\n_gio\PycharmProjects\PythonProject\PythonProject\.venv\Lib\site-packages\mysql\connector\opentelemetry\context_propagation.py", line 97, in wrapper
    return method(cnx, *args, **kwargs)
           ^^^^^^^^^^^^^^^^^^^^^^^^^^^^
  File "C:\Users\n_gio\PycharmProjects\PythonProject\PythonProject\.venv\Lib\site-packages\mysql\connector\connection_cext.py", line 763, in cmd_query
    raise get_mysql_exception(
mysql.connector.errors.ProgrammingError: 1146 (42S02): Table 'epdatabase.title' doesn't exist

[TITLE_PARSE_ERROR] DID 244:
Traceback (most recent call last):
  File "C:\Users\n_gio\PycharmProjects\PythonProject\PythonProject\.venv\Lib\site-packages\mysql\connector\connection_cext.py", line 755, in cmd_query
    self._cmysql.query(
_mysql_connector.MySQLInterfaceError: Table 'epdatabase.title' doesn't exist

The above exception was the direct cause of the following exception:

Traceback (most recent call last):
  File "C:\Users\n_gio\PycharmProjects\PythonProject\PythonProject\Ptyxiaki\title.py", line 153, in insert_title
    cursor.execute("""
  File "C:\Users\n_gio\PycharmProjects\PythonProject\PythonProject\.venv\Lib\site-packages\mysql\connector\cursor_cext.py", line 351, in execute
    self._connection.cmd_query(
  File "C:\Users\n_gio\PycharmProjects\PythonProject\PythonProject\.venv\Lib\site-packages\mysql\connector\opentelemetry\context_propagation.py", line 97, in wrapper
    return method(cnx, *args, **kwargs)
           ^^^^^^^^^^^^^^^^^^^^^^^^^^^^
  File "C:\Users\n_gio\PycharmProjects\PythonProject\PythonProject\.venv\Lib\site-packages\mysql\connector\connection_cext.py", line 763, in cmd_query
    raise get_mysql_exception(
mysql.connector.errors.ProgrammingError: 1146 (42S02): Table 'epdatabase.title' doesn't exist

[TITLE_PARSE_ERROR] DID 245:
Traceback (most recent call last):
  File "C:\Users\n_gio\PycharmProjects\PythonProject\PythonProject\.venv\Lib\site-packages\mysql\connector\connection_cext.py", line 755, in cmd_query
    self._cmysql.query(
_mysql_connector.MySQLInterfaceError: Table 'epdatabase.title' doesn't exist

The above exception was the direct cause of the following exception:

Traceback (most recent call last):
  File "C:\Users\n_gio\PycharmProjects\PythonProject\PythonProject\Ptyxiaki\title.py", line 153, in insert_title
    cursor.execute("""
  File "C:\Users\n_gio\PycharmProjects\PythonProject\PythonProject\.venv\Lib\site-packages\mysql\connector\cursor_cext.py", line 351, in execute
    self._connection.cmd_query(
  File "C:\Users\n_gio\PycharmProjects\PythonProject\PythonProject\.venv\Lib\site-packages\mysql\connector\opentelemetry\context_propagation.py", line 97, in wrapper
    return method(cnx, *args, **kwargs)
           ^^^^^^^^^^^^^^^^^^^^^^^^^^^^
  File "C:\Users\n_gio\PycharmProjects\PythonProject\PythonProject\.venv\Lib\site-packages\mysql\connector\connection_cext.py", line 763, in cmd_query
    raise get_mysql_exception(
mysql.connector.errors.ProgrammingError: 1146 (42S02): Table 'epdatabase.title' doesn't exist

[TITLE_PARSE_ERROR] DID 245:
Traceback (most recent call last):
  File "C:\Users\n_gio\PycharmProjects\PythonProject\PythonProject\.venv\Lib\site-packages\mysql\connector\connection_cext.py", line 755, in cmd_query
    self._cmysql.query(
_mysql_connector.MySQLInterfaceError: Table 'epdatabase.title' doesn't exist

The above exception was the direct cause of the following exception:

Traceback (most recent call last):
  File "C:\Users\n_gio\PycharmProjects\PythonProject\PythonProject\Ptyxiaki\title.py", line 153, in insert_title
    cursor.execute("""
  File "C:\Users\n_gio\PycharmProjects\PythonProject\PythonProject\.venv\Lib\site-packages\mysql\connector\cursor_cext.py", line 351, in execute
    self._connection.cmd_query(
  File "C:\Users\n_gio\PycharmProjects\PythonProject\PythonProject\.venv\Lib\site-packages\mysql\connector\opentelemetry\context_propagation.py", line 97, in wrapper
    return method(cnx, *args, **kwargs)
           ^^^^^^^^^^^^^^^^^^^^^^^^^^^^
  File "C:\Users\n_gio\PycharmProjects\PythonProject\PythonProject\.venv\Lib\site-packages\mysql\connector\connection_cext.py", line 763, in cmd_query
    raise get_mysql_exception(
mysql.connector.errors.ProgrammingError: 1146 (42S02): Table 'epdatabase.title' doesn't exist

[TITLE_PARSE_ERROR] DID 245:
Traceback (most recent call last):
  File "C:\Users\n_gio\PycharmProjects\PythonProject\PythonProject\.venv\Lib\site-packages\mysql\connector\connection_cext.py", line 755, in cmd_query
    self._cmysql.query(
_mysql_connector.MySQLInterfaceError: Table 'epdatabase.title' doesn't exist

The above exception was the direct cause of the following exception:

Traceback (most recent call last):
  File "C:\Users\n_gio\PycharmProjects\PythonProject\PythonProject\Ptyxiaki\title.py", line 153, in insert_title
    cursor.execute("""
  File "C:\Users\n_gio\PycharmProjects\PythonProject\PythonProject\.venv\Lib\site-packages\mysql\connector\cursor_cext.py", line 351, in execute
    self._connection.cmd_query(
  File "C:\Users\n_gio\PycharmProjects\PythonProject\PythonProject\.venv\Lib\site-packages\mysql\connector\opentelemetry\context_propagation.py", line 97, in wrapper
    return method(cnx, *args, **kwargs)
           ^^^^^^^^^^^^^^^^^^^^^^^^^^^^
  File "C:\Users\n_gio\PycharmProjects\PythonProject\PythonProject\.venv\Lib\site-packages\mysql\connector\connection_cext.py", line 763, in cmd_query
    raise get_mysql_exception(
mysql.connector.errors.ProgrammingError: 1146 (42S02): Table 'epdatabase.title' doesn't exist

[TITLE_PARSE_ERROR] DID 246:
Traceback (most recent call last):
  File "C:\Users\n_gio\PycharmProjects\PythonProject\PythonProject\.venv\Lib\site-packages\mysql\connector\connection_cext.py", line 755, in cmd_query
    self._cmysql.query(
_mysql_connector.MySQLInterfaceError: Table 'epdatabase.title' doesn't exist

The above exception was the direct cause of the following exception:

Traceback (most recent call last):
  File "C:\Users\n_gio\PycharmProjects\PythonProject\PythonProject\Ptyxiaki\title.py", line 153, in insert_title
    cursor.execute("""
  File "C:\Users\n_gio\PycharmProjects\PythonProject\PythonProject\.venv\Lib\site-packages\mysql\connector\cursor_cext.py", line 351, in execute
    self._connection.cmd_query(
  File "C:\Users\n_gio\PycharmProjects\PythonProject\PythonProject\.venv\Lib\site-packages\mysql\connector\opentelemetry\context_propagation.py", line 97, in wrapper
    return method(cnx, *args, **kwargs)
           ^^^^^^^^^^^^^^^^^^^^^^^^^^^^
  File "C:\Users\n_gio\PycharmProjects\PythonProject\PythonProject\.venv\Lib\site-packages\mysql\connector\connection_cext.py", line 763, in cmd_query
    raise get_mysql_exception(
mysql.connector.errors.ProgrammingError: 1146 (42S02): Table 'epdatabase.title' doesn't exist

[TITLE_PARSE_ERROR] DID 246:
Traceback (most recent call last):
  File "C:\Users\n_gio\PycharmProjects\PythonProject\PythonProject\.venv\Lib\site-packages\mysql\connector\connection_cext.py", line 755, in cmd_query
    self._cmysql.query(
_mysql_connector.MySQLInterfaceError: Table 'epdatabase.title' doesn't exist

The above exception was the direct cause of the following exception:

Traceback (most recent call last):
  File "C:\Users\n_gio\PycharmProjects\PythonProject\PythonProject\Ptyxiaki\title.py", line 153, in insert_title
    cursor.execute("""
  File "C:\Users\n_gio\PycharmProjects\PythonProject\PythonProject\.venv\Lib\site-packages\mysql\connector\cursor_cext.py", line 351, in execute
    self._connection.cmd_query(
  File "C:\Users\n_gio\PycharmProjects\PythonProject\PythonProject\.venv\Lib\site-packages\mysql\connector\opentelemetry\context_propagation.py", line 97, in wrapper
    return method(cnx, *args, **kwargs)
           ^^^^^^^^^^^^^^^^^^^^^^^^^^^^
  File "C:\Users\n_gio\PycharmProjects\PythonProject\PythonProject\.venv\Lib\site-packages\mysql\connector\connection_cext.py", line 763, in cmd_query
    raise get_mysql_exception(
mysql.connector.errors.ProgrammingError: 1146 (42S02): Table 'epdatabase.title' doesn't exist

[TITLE_PARSE_ERROR] DID 246:
Traceback (most recent call last):
  File "C:\Users\n_gio\PycharmProjects\PythonProject\PythonProject\.venv\Lib\site-packages\mysql\connector\connection_cext.py", line 755, in cmd_query
    self._cmysql.query(
_mysql_connector.MySQLInterfaceError: Table 'epdatabase.title' doesn't exist

The above exception was the direct cause of the following exception:

Traceback (most recent call last):
  File "C:\Users\n_gio\PycharmProjects\PythonProject\PythonProject\Ptyxiaki\title.py", line 153, in insert_title
    cursor.execute("""
  File "C:\Users\n_gio\PycharmProjects\PythonProject\PythonProject\.venv\Lib\site-packages\mysql\connector\cursor_cext.py", line 351, in execute
    self._connection.cmd_query(
  File "C:\Users\n_gio\PycharmProjects\PythonProject\PythonProject\.venv\Lib\site-packages\mysql\connector\opentelemetry\context_propagation.py", line 97, in wrapper
    return method(cnx, *args, **kwargs)
           ^^^^^^^^^^^^^^^^^^^^^^^^^^^^
  File "C:\Users\n_gio\PycharmProjects\PythonProject\PythonProject\.venv\Lib\site-packages\mysql\connector\connection_cext.py", line 763, in cmd_query
    raise get_mysql_exception(
mysql.connector.errors.ProgrammingError: 1146 (42S02): Table 'epdatabase.title' doesn't exist

[TITLE_PARSE_ERROR] DID 247:
Traceback (most recent call last):
  File "C:\Users\n_gio\PycharmProjects\PythonProject\PythonProject\.venv\Lib\site-packages\mysql\connector\connection_cext.py", line 755, in cmd_query
    self._cmysql.query(
_mysql_connector.MySQLInterfaceError: Table 'epdatabase.title' doesn't exist

The above exception was the direct cause of the following exception:

Traceback (most recent call last):
  File "C:\Users\n_gio\PycharmProjects\PythonProject\PythonProject\Ptyxiaki\title.py", line 153, in insert_title
    cursor.execute("""
  File "C:\Users\n_gio\PycharmProjects\PythonProject\PythonProject\.venv\Lib\site-packages\mysql\connector\cursor_cext.py", line 351, in execute
    self._connection.cmd_query(
  File "C:\Users\n_gio\PycharmProjects\PythonProject\PythonProject\.venv\Lib\site-packages\mysql\connector\opentelemetry\context_propagation.py", line 97, in wrapper
    return method(cnx, *args, **kwargs)
           ^^^^^^^^^^^^^^^^^^^^^^^^^^^^
  File "C:\Users\n_gio\PycharmProjects\PythonProject\PythonProject\.venv\Lib\site-packages\mysql\connector\connection_cext.py", line 763, in cmd_query
    raise get_mysql_exception(
mysql.connector.errors.ProgrammingError: 1146 (42S02): Table 'epdatabase.title' doesn't exist

[TITLE_PARSE_ERROR] DID 247:
Traceback (most recent call last):
  File "C:\Users\n_gio\PycharmProjects\PythonProject\PythonProject\.venv\Lib\site-packages\mysql\connector\connection_cext.py", line 755, in cmd_query
    self._cmysql.query(
_mysql_connector.MySQLInterfaceError: Table 'epdatabase.title' doesn't exist

The above exception was the direct cause of the following exception:

Traceback (most recent call last):
  File "C:\Users\n_gio\PycharmProjects\PythonProject\PythonProject\Ptyxiaki\title.py", line 153, in insert_title
    cursor.execute("""
  File "C:\Users\n_gio\PycharmProjects\PythonProject\PythonProject\.venv\Lib\site-packages\mysql\connector\cursor_cext.py", line 351, in execute
    self._connection.cmd_query(
  File "C:\Users\n_gio\PycharmProjects\PythonProject\PythonProject\.venv\Lib\site-packages\mysql\connector\opentelemetry\context_propagation.py", line 97, in wrapper
    return method(cnx, *args, **kwargs)
           ^^^^^^^^^^^^^^^^^^^^^^^^^^^^
  File "C:\Users\n_gio\PycharmProjects\PythonProject\PythonProject\.venv\Lib\site-packages\mysql\connector\connection_cext.py", line 763, in cmd_query
    raise get_mysql_exception(
mysql.connector.errors.ProgrammingError: 1146 (42S02): Table 'epdatabase.title' doesn't exist

[TITLE_PARSE_ERROR] DID 247:
Traceback (most recent call last):
  File "C:\Users\n_gio\PycharmProjects\PythonProject\PythonProject\.venv\Lib\site-packages\mysql\connector\connection_cext.py", line 755, in cmd_query
    self._cmysql.query(
_mysql_connector.MySQLInterfaceError: Table 'epdatabase.title' doesn't exist

The above exception was the direct cause of the following exception:

Traceback (most recent call last):
  File "C:\Users\n_gio\PycharmProjects\PythonProject\PythonProject\Ptyxiaki\title.py", line 153, in insert_title
    cursor.execute("""
  File "C:\Users\n_gio\PycharmProjects\PythonProject\PythonProject\.venv\Lib\site-packages\mysql\connector\cursor_cext.py", line 351, in execute
    self._connection.cmd_query(
  File "C:\Users\n_gio\PycharmProjects\PythonProject\PythonProject\.venv\Lib\site-packages\mysql\connector\opentelemetry\context_propagation.py", line 97, in wrapper
    return method(cnx, *args, **kwargs)
           ^^^^^^^^^^^^^^^^^^^^^^^^^^^^
  File "C:\Users\n_gio\PycharmProjects\PythonProject\PythonProject\.venv\Lib\site-packages\mysql\connector\connection_cext.py", line 763, in cmd_query
    raise get_mysql_exception(
mysql.connector.errors.ProgrammingError: 1146 (42S02): Table 'epdatabase.title' doesn't exist

[TITLE_PARSE_ERROR] DID 248:
Traceback (most recent call last):
  File "C:\Users\n_gio\PycharmProjects\PythonProject\PythonProject\.venv\Lib\site-packages\mysql\connector\connection_cext.py", line 755, in cmd_query
    self._cmysql.query(
_mysql_connector.MySQLInterfaceError: Table 'epdatabase.title' doesn't exist

The above exception was the direct cause of the following exception:

Traceback (most recent call last):
  File "C:\Users\n_gio\PycharmProjects\PythonProject\PythonProject\Ptyxiaki\title.py", line 153, in insert_title
    cursor.execute("""
  File "C:\Users\n_gio\PycharmProjects\PythonProject\PythonProject\.venv\Lib\site-packages\mysql\connector\cursor_cext.py", line 351, in execute
    self._connection.cmd_query(
  File "C:\Users\n_gio\PycharmProjects\PythonProject\PythonProject\.venv\Lib\site-packages\mysql\connector\opentelemetry\context_propagation.py", line 97, in wrapper
    return method(cnx, *args, **kwargs)
           ^^^^^^^^^^^^^^^^^^^^^^^^^^^^
  File "C:\Users\n_gio\PycharmProjects\PythonProject\PythonProject\.venv\Lib\site-packages\mysql\connector\connection_cext.py", line 763, in cmd_query
    raise get_mysql_exception(
mysql.connector.errors.ProgrammingError: 1146 (42S02): Table 'epdatabase.title' doesn't exist

[TITLE_PARSE_ERROR] DID 248:
Traceback (most recent call last):
  File "C:\Users\n_gio\PycharmProjects\PythonProject\PythonProject\.venv\Lib\site-packages\mysql\connector\connection_cext.py", line 755, in cmd_query
    self._cmysql.query(
_mysql_connector.MySQLInterfaceError: Table 'epdatabase.title' doesn't exist

The above exception was the direct cause of the following exception:

Traceback (most recent call last):
  File "C:\Users\n_gio\PycharmProjects\PythonProject\PythonProject\Ptyxiaki\title.py", line 153, in insert_title
    cursor.execute("""
  File "C:\Users\n_gio\PycharmProjects\PythonProject\PythonProject\.venv\Lib\site-packages\mysql\connector\cursor_cext.py", line 351, in execute
    self._connection.cmd_query(
  File "C:\Users\n_gio\PycharmProjects\PythonProject\PythonProject\.venv\Lib\site-packages\mysql\connector\opentelemetry\context_propagation.py", line 97, in wrapper
    return method(cnx, *args, **kwargs)
           ^^^^^^^^^^^^^^^^^^^^^^^^^^^^
  File "C:\Users\n_gio\PycharmProjects\PythonProject\PythonProject\.venv\Lib\site-packages\mysql\connector\connection_cext.py", line 763, in cmd_query
    raise get_mysql_exception(
mysql.connector.errors.ProgrammingError: 1146 (42S02): Table 'epdatabase.title' doesn't exist

[TITLE_PARSE_ERROR] DID 248:
Traceback (most recent call last):
  File "C:\Users\n_gio\PycharmProjects\PythonProject\PythonProject\.venv\Lib\site-packages\mysql\connector\connection_cext.py", line 755, in cmd_query
    self._cmysql.query(
_mysql_connector.MySQLInterfaceError: Table 'epdatabase.title' doesn't exist

The above exception was the direct cause of the following exception:

Traceback (most recent call last):
  File "C:\Users\n_gio\PycharmProjects\PythonProject\PythonProject\Ptyxiaki\title.py", line 153, in insert_title
    cursor.execute("""
  File "C:\Users\n_gio\PycharmProjects\PythonProject\PythonProject\.venv\Lib\site-packages\mysql\connector\cursor_cext.py", line 351, in execute
    self._connection.cmd_query(
  File "C:\Users\n_gio\PycharmProjects\PythonProject\PythonProject\.venv\Lib\site-packages\mysql\connector\opentelemetry\context_propagation.py", line 97, in wrapper
    return method(cnx, *args, **kwargs)
           ^^^^^^^^^^^^^^^^^^^^^^^^^^^^
  File "C:\Users\n_gio\PycharmProjects\PythonProject\PythonProject\.venv\Lib\site-packages\mysql\connector\connection_cext.py", line 763, in cmd_query
    raise get_mysql_exception(
mysql.connector.errors.ProgrammingError: 1146 (42S02): Table 'epdatabase.title' doesn't exist

[TITLE_PARSE_ERROR] DID 249:
Traceback (most recent call last):
  File "C:\Users\n_gio\PycharmProjects\PythonProject\PythonProject\.venv\Lib\site-packages\mysql\connector\connection_cext.py", line 755, in cmd_query
    self._cmysql.query(
_mysql_connector.MySQLInterfaceError: Table 'epdatabase.title' doesn't exist

The above exception was the direct cause of the following exception:

Traceback (most recent call last):
  File "C:\Users\n_gio\PycharmProjects\PythonProject\PythonProject\Ptyxiaki\title.py", line 153, in insert_title
    cursor.execute("""
  File "C:\Users\n_gio\PycharmProjects\PythonProject\PythonProject\.venv\Lib\site-packages\mysql\connector\cursor_cext.py", line 351, in execute
    self._connection.cmd_query(
  File "C:\Users\n_gio\PycharmProjects\PythonProject\PythonProject\.venv\Lib\site-packages\mysql\connector\opentelemetry\context_propagation.py", line 97, in wrapper
    return method(cnx, *args, **kwargs)
           ^^^^^^^^^^^^^^^^^^^^^^^^^^^^
  File "C:\Users\n_gio\PycharmProjects\PythonProject\PythonProject\.venv\Lib\site-packages\mysql\connector\connection_cext.py", line 763, in cmd_query
    raise get_mysql_exception(
mysql.connector.errors.ProgrammingError: 1146 (42S02): Table 'epdatabase.title' doesn't exist

[TITLE_PARSE_ERROR] DID 249:
Traceback (most recent call last):
  File "C:\Users\n_gio\PycharmProjects\PythonProject\PythonProject\.venv\Lib\site-packages\mysql\connector\connection_cext.py", line 755, in cmd_query
    self._cmysql.query(
_mysql_connector.MySQLInterfaceError: Table 'epdatabase.title' doesn't exist

The above exception was the direct cause of the following exception:

Traceback (most recent call last):
  File "C:\Users\n_gio\PycharmProjects\PythonProject\PythonProject\Ptyxiaki\title.py", line 153, in insert_title
    cursor.execute("""
  File "C:\Users\n_gio\PycharmProjects\PythonProject\PythonProject\.venv\Lib\site-packages\mysql\connector\cursor_cext.py", line 351, in execute
    self._connection.cmd_query(
  File "C:\Users\n_gio\PycharmProjects\PythonProject\PythonProject\.venv\Lib\site-packages\mysql\connector\opentelemetry\context_propagation.py", line 97, in wrapper
    return method(cnx, *args, **kwargs)
           ^^^^^^^^^^^^^^^^^^^^^^^^^^^^
  File "C:\Users\n_gio\PycharmProjects\PythonProject\PythonProject\.venv\Lib\site-packages\mysql\connector\connection_cext.py", line 763, in cmd_query
    raise get_mysql_exception(
mysql.connector.errors.ProgrammingError: 1146 (42S02): Table 'epdatabase.title' doesn't exist

[TITLE_PARSE_ERROR] DID 249:
Traceback (most recent call last):
  File "C:\Users\n_gio\PycharmProjects\PythonProject\PythonProject\.venv\Lib\site-packages\mysql\connector\connection_cext.py", line 755, in cmd_query
    self._cmysql.query(
_mysql_connector.MySQLInterfaceError: Table 'epdatabase.title' doesn't exist

The above exception was the direct cause of the following exception:

Traceback (most recent call last):
  File "C:\Users\n_gio\PycharmProjects\PythonProject\PythonProject\Ptyxiaki\title.py", line 153, in insert_title
    cursor.execute("""
  File "C:\Users\n_gio\PycharmProjects\PythonProject\PythonProject\.venv\Lib\site-packages\mysql\connector\cursor_cext.py", line 351, in execute
    self._connection.cmd_query(
  File "C:\Users\n_gio\PycharmProjects\PythonProject\PythonProject\.venv\Lib\site-packages\mysql\connector\opentelemetry\context_propagation.py", line 97, in wrapper
    return method(cnx, *args, **kwargs)
           ^^^^^^^^^^^^^^^^^^^^^^^^^^^^
  File "C:\Users\n_gio\PycharmProjects\PythonProject\PythonProject\.venv\Lib\site-packages\mysql\connector\connection_cext.py", line 763, in cmd_query
    raise get_mysql_exception(
mysql.connector.errors.ProgrammingError: 1146 (42S02): Table 'epdatabase.title' doesn't exist

[TITLE_PARSE_ERROR] DID 268:
Traceback (most recent call last):
  File "C:\Users\n_gio\PycharmProjects\PythonProject\PythonProject\.venv\Lib\site-packages\mysql\connector\connection_cext.py", line 755, in cmd_query
    self._cmysql.query(
_mysql_connector.MySQLInterfaceError: Data too long for column 'title_text' at row 1

The above exception was the direct cause of the following exception:

Traceback (most recent call last):
  File "C:\Users\n_gio\PycharmProjects\PythonProject\PythonProject\Ptyxiaki\title.py", line 150, in insert_title
    cursor.execute("""
  File "C:\Users\n_gio\PycharmProjects\PythonProject\PythonProject\.venv\Lib\site-packages\mysql\connector\cursor_cext.py", line 351, in execute
    self._connection.cmd_query(
  File "C:\Users\n_gio\PycharmProjects\PythonProject\PythonProject\.venv\Lib\site-packages\mysql\connector\opentelemetry\context_propagation.py", line 97, in wrapper
    return method(cnx, *args, **kwargs)
           ^^^^^^^^^^^^^^^^^^^^^^^^^^^^
  File "C:\Users\n_gio\PycharmProjects\PythonProject\PythonProject\.venv\Lib\site-packages\mysql\connector\connection_cext.py", line 763, in cmd_query
    raise get_mysql_exception(
mysql.connector.errors.DataError: 1406 (22001): Data too long for column 'title_text' at row 1

[TITLE_PARSE_ERROR] DID 268:
Traceback (most recent call last):
  File "C:\Users\n_gio\PycharmProjects\PythonProject\PythonProject\.venv\Lib\site-packages\mysql\connector\connection_cext.py", line 755, in cmd_query
    self._cmysql.query(
_mysql_connector.MySQLInterfaceError: Data too long for column 'title_text' at row 1

The above exception was the direct cause of the following exception:

Traceback (most recent call last):
  File "C:\Users\n_gio\PycharmProjects\PythonProject\PythonProject\Ptyxiaki\title.py", line 150, in insert_title
    cursor.execute("""
  File "C:\Users\n_gio\PycharmProjects\PythonProject\PythonProject\.venv\Lib\site-packages\mysql\connector\cursor_cext.py", line 351, in execute
    self._connection.cmd_query(
  File "C:\Users\n_gio\PycharmProjects\PythonProject\PythonProject\.venv\Lib\site-packages\mysql\connector\opentelemetry\context_propagation.py", line 97, in wrapper
    return method(cnx, *args, **kwargs)
           ^^^^^^^^^^^^^^^^^^^^^^^^^^^^
  File "C:\Users\n_gio\PycharmProjects\PythonProject\PythonProject\.venv\Lib\site-packages\mysql\connector\connection_cext.py", line 763, in cmd_query
    raise get_mysql_exception(
mysql.connector.errors.DataError: 1406 (22001): Data too long for column 'title_text' at row 1

[TITLE_PARSE_ERROR] DID 19:
Traceback (most recent call last):
  File "C:\Users\n_gio\PycharmProjects\PythonProject\PythonProject\.venv\Lib\site-packages\mysql\connector\connection_cext.py", line 755, in cmd_query
    self._cmysql.query(
_mysql_connector.MySQLInterfaceError: Data too long for column 'title_text' at row 1

The above exception was the direct cause of the following exception:

Traceback (most recent call last):
  File "C:\Users\n_gio\PycharmProjects\PythonProject\PythonProject\Ptyxiaki\title.py", line 150, in insert_title
    cursor.execute("""
  File "C:\Users\n_gio\PycharmProjects\PythonProject\PythonProject\.venv\Lib\site-packages\mysql\connector\cursor_cext.py", line 351, in execute
    self._connection.cmd_query(
  File "C:\Users\n_gio\PycharmProjects\PythonProject\PythonProject\.venv\Lib\site-packages\mysql\connector\opentelemetry\context_propagation.py", line 97, in wrapper
    return method(cnx, *args, **kwargs)
           ^^^^^^^^^^^^^^^^^^^^^^^^^^^^
  File "C:\Users\n_gio\PycharmProjects\PythonProject\PythonProject\.venv\Lib\site-packages\mysql\connector\connection_cext.py", line 763, in cmd_query
    raise get_mysql_exception(
mysql.connector.errors.DataError: 1406 (22001): Data too long for column 'title_text' at row 1

[TITLE_PARSE_ERROR] DID 19:
Traceback (most recent call last):
  File "C:\Users\n_gio\PycharmProjects\PythonProject\PythonProject\.venv\Lib\site-packages\mysql\connector\connection_cext.py", line 755, in cmd_query
    self._cmysql.query(
_mysql_connector.MySQLInterfaceError: Data too long for column 'title_text' at row 1

The above exception was the direct cause of the following exception:

Traceback (most recent call last):
  File "C:\Users\n_gio\PycharmProjects\PythonProject\PythonProject\Ptyxiaki\title.py", line 150, in insert_title
    cursor.execute("""
  File "C:\Users\n_gio\PycharmProjects\PythonProject\PythonProject\.venv\Lib\site-packages\mysql\connector\cursor_cext.py", line 351, in execute
    self._connection.cmd_query(
  File "C:\Users\n_gio\PycharmProjects\PythonProject\PythonProject\.venv\Lib\site-packages\mysql\connector\opentelemetry\context_propagation.py", line 97, in wrapper
    return method(cnx, *args, **kwargs)
           ^^^^^^^^^^^^^^^^^^^^^^^^^^^^
  File "C:\Users\n_gio\PycharmProjects\PythonProject\PythonProject\.venv\Lib\site-packages\mysql\connector\connection_cext.py", line 763, in cmd_query
    raise get_mysql_exception(
mysql.connector.errors.DataError: 1406 (22001): Data too long for column 'title_text' at row 1

[TITLE_PARSE_ERROR] DID 19:
Traceback (most recent call last):
  File "C:\Users\n_gio\PycharmProjects\PythonProject\PythonProject\.venv\Lib\site-packages\mysql\connector\connection_cext.py", line 755, in cmd_query
    self._cmysql.query(
_mysql_connector.MySQLInterfaceError: Data too long for column 'title_text' at row 1

The above exception was the direct cause of the following exception:

Traceback (most recent call last):
  File "C:\Users\n_gio\PycharmProjects\PythonProject\PythonProject\Ptyxiaki\title.py", line 150, in insert_title
    cursor.execute("""
  File "C:\Users\n_gio\PycharmProjects\PythonProject\PythonProject\.venv\Lib\site-packages\mysql\connector\cursor_cext.py", line 351, in execute
    self._connection.cmd_query(
  File "C:\Users\n_gio\PycharmProjects\PythonProject\PythonProject\.venv\Lib\site-packages\mysql\connector\opentelemetry\context_propagation.py", line 97, in wrapper
    return method(cnx, *args, **kwargs)
           ^^^^^^^^^^^^^^^^^^^^^^^^^^^^
  File "C:\Users\n_gio\PycharmProjects\PythonProject\PythonProject\.venv\Lib\site-packages\mysql\connector\connection_cext.py", line 763, in cmd_query
    raise get_mysql_exception(
mysql.connector.errors.DataError: 1406 (22001): Data too long for column 'title_text' at row 1

[TITLE_PARSE_ERROR] DID 19:
Traceback (most recent call last):
  File "C:\Users\n_gio\PycharmProjects\PythonProject\PythonProject\.venv\Lib\site-packages\mysql\connector\connection_cext.py", line 755, in cmd_query
    self._cmysql.query(
_mysql_connector.MySQLInterfaceError: Data too long for column 'title_text' at row 1

The above exception was the direct cause of the following exception:

Traceback (most recent call last):
  File "C:\Users\n_gio\PycharmProjects\PythonProject\PythonProject\Ptyxiaki\title.py", line 150, in insert_title
    cursor.execute("""
  File "C:\Users\n_gio\PycharmProjects\PythonProject\PythonProject\.venv\Lib\site-packages\mysql\connector\cursor_cext.py", line 351, in execute
    self._connection.cmd_query(
  File "C:\Users\n_gio\PycharmProjects\PythonProject\PythonProject\.venv\Lib\site-packages\mysql\connector\opentelemetry\context_propagation.py", line 97, in wrapper
    return method(cnx, *args, **kwargs)
           ^^^^^^^^^^^^^^^^^^^^^^^^^^^^
  File "C:\Users\n_gio\PycharmProjects\PythonProject\PythonProject\.venv\Lib\site-packages\mysql\connector\connection_cext.py", line 763, in cmd_query
    raise get_mysql_exception(
mysql.connector.errors.DataError: 1406 (22001): Data too long for column 'title_text' at row 1

[TITLE_PARSE_ERROR] DID 19:
Traceback (most recent call last):
  File "C:\Users\n_gio\PycharmProjects\PythonProject\PythonProject\.venv\Lib\site-packages\mysql\connector\connection_cext.py", line 755, in cmd_query
    self._cmysql.query(
_mysql_connector.MySQLInterfaceError: Data too long for column 'title_text' at row 1

The above exception was the direct cause of the following exception:

Traceback (most recent call last):
  File "C:\Users\n_gio\PycharmProjects\PythonProject\PythonProject\Ptyxiaki\title.py", line 150, in insert_title
    cursor.execute("""
  File "C:\Users\n_gio\PycharmProjects\PythonProject\PythonProject\.venv\Lib\site-packages\mysql\connector\cursor_cext.py", line 351, in execute
    self._connection.cmd_query(
  File "C:\Users\n_gio\PycharmProjects\PythonProject\PythonProject\.venv\Lib\site-packages\mysql\connector\opentelemetry\context_propagation.py", line 97, in wrapper
    return method(cnx, *args, **kwargs)
           ^^^^^^^^^^^^^^^^^^^^^^^^^^^^
  File "C:\Users\n_gio\PycharmProjects\PythonProject\PythonProject\.venv\Lib\site-packages\mysql\connector\connection_cext.py", line 763, in cmd_query
    raise get_mysql_exception(
mysql.connector.errors.DataError: 1406 (22001): Data too long for column 'title_text' at row 1

[TITLE_PARSE_ERROR] DID 19:
Traceback (most recent call last):
  File "C:\Users\n_gio\PycharmProjects\PythonProject\PythonProject\.venv\Lib\site-packages\mysql\connector\connection_cext.py", line 755, in cmd_query
    self._cmysql.query(
_mysql_connector.MySQLInterfaceError: Data too long for column 'title_text' at row 1

The above exception was the direct cause of the following exception:

Traceback (most recent call last):
  File "C:\Users\n_gio\PycharmProjects\PythonProject\PythonProject\Ptyxiaki\title.py", line 150, in insert_title
    cursor.execute("""
  File "C:\Users\n_gio\PycharmProjects\PythonProject\PythonProject\.venv\Lib\site-packages\mysql\connector\cursor_cext.py", line 351, in execute
    self._connection.cmd_query(
  File "C:\Users\n_gio\PycharmProjects\PythonProject\PythonProject\.venv\Lib\site-packages\mysql\connector\opentelemetry\context_propagation.py", line 97, in wrapper
    return method(cnx, *args, **kwargs)
           ^^^^^^^^^^^^^^^^^^^^^^^^^^^^
  File "C:\Users\n_gio\PycharmProjects\PythonProject\PythonProject\.venv\Lib\site-packages\mysql\connector\connection_cext.py", line 763, in cmd_query
    raise get_mysql_exception(
mysql.connector.errors.DataError: 1406 (22001): Data too long for column 'title_text' at row 1

